<?xml version='1.0' encoding='utf-8'?>
<!DOCTYPE coverage SYSTEM 'http://cobertura.sourceforge.net/xml/coverage-04.dtd'>
<coverage line-rate="0.22139471902505078" branch-rate="0.067984934086629" lines-covered="327" lines-valid="1477" branches-covered="361" branches-valid="5310" complexity="0.0" timestamp="1773756657" version="gcovr 8.6">
  <sources>
    <source>C:/AIChecker</source>
  </sources>
  <packages>
    <package name="src" line-rate="0.0" branch-rate="0.0" complexity="0.0">
      <classes>
        <class name="main_cpp" filename="src/main.cpp" line-rate="0.0" branch-rate="0.0" complexity="0.0">
          <methods>
            <method name="main" signature="" line-rate="0.0" branch-rate="0.0" complexity="0.0">
              <lines>
                <line number="3" hits="0" branch="false"/>
                <line number="6" hits="0" branch="true" condition-coverage="0% (0/2)">
                  <conditions>
                    <condition number="0" type="jump" coverage="0%"/>
                  </conditions>
                </line>
                <line number="7" hits="0" branch="false"/>
              </lines>
            </method>
          </methods>
          <lines>
            <line number="3" hits="0" branch="false"/>
            <line number="6" hits="0" branch="true" condition-coverage="0% (0/2)">
              <conditions>
                <condition number="0" type="jump" coverage="0%"/>
              </conditions>
            </line>
            <line number="7" hits="0" branch="false"/>
          </lines>
        </class>
      </classes>
    </package>
    <package name="src.integration" line-rate="0.0" branch-rate="0.0" complexity="0.0">
      <classes>
        <class name="HttpClient_h" filename="src/integration/HttpClient.h" line-rate="0.0" branch-rate="0.0" complexity="0.0">
          <methods>
            <method name="integration::IHttpClient::~IHttpClient" signature="()" line-rate="0.0" branch-rate="1.0" complexity="0.0">
              <lines>
                <line number="20" hits="0" branch="false"/>
              </lines>
            </method>
            <method name="integration::WinHttpClient::Get" signature="(std::__cxx11::basic_string&lt;char, std::char_traits&lt;char&gt;, std::allocator&lt;char&gt; &gt; const&amp;, std::__cxx11::basic_string&lt;char, std::char_traits&lt;char&gt;, std::allocator&lt;char&gt; &gt; const&amp;, std::__cxx11::basic_string&lt;char, std::char_traits&lt;char&gt;, std::allocator&lt;char&gt; &gt; const&amp;, integration::HttpResponse&amp;, std::__cxx11::basic_string&lt;char, std::char_traits&lt;char&gt;, std::allocator&lt;char&gt; &gt;&amp;) const" line-rate="0.0" branch-rate="0.0" complexity="0.0">
              <lines>
                <line number="30" hits="0" branch="false"/>
                <line number="43" hits="0" branch="true" condition-coverage="0% (0/2)">
                  <conditions>
                    <condition number="0" type="jump" coverage="0%"/>
                  </conditions>
                </line>
                <line number="44" hits="0" branch="true" condition-coverage="0% (0/2)">
                  <conditions>
                    <condition number="0" type="jump" coverage="0%"/>
                  </conditions>
                </line>
                <line number="45" hits="0" branch="true" condition-coverage="0% (0/2)">
                  <conditions>
                    <condition number="0" type="jump" coverage="0%"/>
                  </conditions>
                </line>
                <line number="46" hits="0" branch="false"/>
                <line number="49" hits="0" branch="true" condition-coverage="0% (0/4)">
                  <conditions>
                    <condition number="0" type="jump" coverage="0%"/>
                  </conditions>
                </line>
                <line number="50" hits="0" branch="true" condition-coverage="0% (0/2)">
                  <conditions>
                    <condition number="0" type="jump" coverage="0%"/>
                  </conditions>
                </line>
                <line number="51" hits="0" branch="true" condition-coverage="0% (0/2)">
                  <conditions>
                    <condition number="0" type="jump" coverage="0%"/>
                  </conditions>
                </line>
                <line number="52" hits="0" branch="true" condition-coverage="0% (0/2)">
                  <conditions>
                    <condition number="0" type="jump" coverage="0%"/>
                  </conditions>
                </line>
                <line number="53" hits="0" branch="false"/>
                <line number="56" hits="0" branch="true" condition-coverage="0% (0/4)">
                  <conditions>
                    <condition number="0" type="jump" coverage="0%"/>
                  </conditions>
                </line>
                <line number="57" hits="0" branch="true" condition-coverage="0% (0/2)">
                  <conditions>
                    <condition number="0" type="jump" coverage="0%"/>
                  </conditions>
                </line>
                <line number="58" hits="0" branch="true" condition-coverage="0% (0/2)">
                  <conditions>
                    <condition number="0" type="jump" coverage="0%"/>
                  </conditions>
                </line>
                <line number="59" hits="0" branch="true" condition-coverage="0% (0/2)">
                  <conditions>
                    <condition number="0" type="jump" coverage="0%"/>
                  </conditions>
                </line>
                <line number="60" hits="0" branch="true" condition-coverage="0% (0/2)">
                  <conditions>
                    <condition number="0" type="jump" coverage="0%"/>
                  </conditions>
                </line>
                <line number="61" hits="0" branch="false"/>
                <line number="64" hits="0" branch="true" condition-coverage="0% (0/6)">
                  <conditions>
                    <condition number="0" type="jump" coverage="0%"/>
                  </conditions>
                </line>
                <line number="65" hits="0" branch="true" condition-coverage="0% (0/4)">
                  <conditions>
                    <condition number="0" type="jump" coverage="0%"/>
                  </conditions>
                </line>
                <line number="66" hits="0" branch="true" condition-coverage="0% (0/2)">
                  <conditions>
                    <condition number="0" type="jump" coverage="0%"/>
                  </conditions>
                </line>
                <line number="67" hits="0" branch="true" condition-coverage="0% (0/2)">
                  <conditions>
                    <condition number="0" type="jump" coverage="0%"/>
                  </conditions>
                </line>
                <line number="68" hits="0" branch="true" condition-coverage="0% (0/2)">
                  <conditions>
                    <condition number="0" type="jump" coverage="0%"/>
                  </conditions>
                </line>
                <line number="69" hits="0" branch="true" condition-coverage="0% (0/2)">
                  <conditions>
                    <condition number="0" type="jump" coverage="0%"/>
                  </conditions>
                </line>
                <line number="70" hits="0" branch="false"/>
                <line number="73" hits="0" branch="true" condition-coverage="0% (0/2)">
                  <conditions>
                    <condition number="0" type="jump" coverage="0%"/>
                  </conditions>
                </line>
                <line number="74" hits="0" branch="true" condition-coverage="0% (0/2)">
                  <conditions>
                    <condition number="0" type="jump" coverage="0%"/>
                  </conditions>
                </line>
                <line number="75" hits="0" branch="true" condition-coverage="0% (0/2)">
                  <conditions>
                    <condition number="0" type="jump" coverage="0%"/>
                  </conditions>
                </line>
                <line number="77" hits="0" branch="true" condition-coverage="0% (0/2)">
                  <conditions>
                    <condition number="0" type="jump" coverage="0%"/>
                  </conditions>
                </line>
                <line number="78" hits="0" branch="true" condition-coverage="0% (0/2)">
                  <conditions>
                    <condition number="0" type="jump" coverage="0%"/>
                  </conditions>
                </line>
                <line number="79" hits="0" branch="true" condition-coverage="0% (0/2)">
                  <conditions>
                    <condition number="0" type="jump" coverage="0%"/>
                  </conditions>
                </line>
                <line number="80" hits="0" branch="true" condition-coverage="0% (0/2)">
                  <conditions>
                    <condition number="0" type="jump" coverage="0%"/>
                  </conditions>
                </line>
                <line number="81" hits="0" branch="true" condition-coverage="0% (0/2)">
                  <conditions>
                    <condition number="0" type="jump" coverage="0%"/>
                  </conditions>
                </line>
                <line number="82" hits="0" branch="false"/>
                <line number="85" hits="0" branch="false"/>
                <line number="86" hits="0" branch="false"/>
                <line number="87" hits="0" branch="true" condition-coverage="0% (0/2)">
                  <conditions>
                    <condition number="0" type="jump" coverage="0%"/>
                  </conditions>
                </line>
                <line number="88" hits="0" branch="false"/>
                <line number="90" hits="0" branch="false"/>
                <line number="91" hits="0" branch="false"/>
                <line number="93" hits="0" branch="true" condition-coverage="0% (0/4)">
                  <conditions>
                    <condition number="0" type="jump" coverage="0%"/>
                  </conditions>
                </line>
                <line number="94" hits="0" branch="true" condition-coverage="0% (0/2)">
                  <conditions>
                    <condition number="0" type="jump" coverage="0%"/>
                  </conditions>
                </line>
                <line number="95" hits="0" branch="false"/>
                <line number="98" hits="0" branch="true" condition-coverage="0% (0/2)">
                  <conditions>
                    <condition number="0" type="jump" coverage="0%"/>
                  </conditions>
                </line>
                <line number="99" hits="0" branch="false"/>
                <line number="102" hits="0" branch="true" condition-coverage="0% (0/2)">
                  <conditions>
                    <condition number="0" type="jump" coverage="0%"/>
                  </conditions>
                </line>
                <line number="103" hits="0" branch="false"/>
                <line number="104" hits="0" branch="true" condition-coverage="0% (0/4)">
                  <conditions>
                    <condition number="0" type="jump" coverage="0%"/>
                  </conditions>
                </line>
                <line number="105" hits="0" branch="true" condition-coverage="0% (0/2)">
                  <conditions>
                    <condition number="0" type="jump" coverage="0%"/>
                  </conditions>
                </line>
                <line number="106" hits="0" branch="false"/>
                <line number="109" hits="0" branch="true" condition-coverage="0% (0/2)">
                  <conditions>
                    <condition number="0" type="jump" coverage="0%"/>
                  </conditions>
                </line>
                <line number="110" hits="0" branch="true" condition-coverage="0% (0/2)">
                  <conditions>
                    <condition number="0" type="jump" coverage="0%"/>
                  </conditions>
                </line>
                <line number="111" hits="0" branch="true" condition-coverage="0% (0/4)">
                  <conditions>
                    <condition number="0" type="jump" coverage="0%"/>
                  </conditions>
                </line>
                <line number="113" hits="0" branch="true" condition-coverage="0% (0/2)">
                  <conditions>
                    <condition number="0" type="jump" coverage="0%"/>
                  </conditions>
                </line>
                <line number="114" hits="0" branch="true" condition-coverage="0% (0/2)">
                  <conditions>
                    <condition number="0" type="jump" coverage="0%"/>
                  </conditions>
                </line>
                <line number="115" hits="0" branch="true" condition-coverage="0% (0/2)">
                  <conditions>
                    <condition number="0" type="jump" coverage="0%"/>
                  </conditions>
                </line>
                <line number="116" hits="0" branch="false"/>
                <line number="118" hits="0" branch="false"/>
              </lines>
            </method>
            <method name="integration::WinHttpClient::ToWide" signature="(std::__cxx11::basic_string&lt;char, std::char_traits&lt;char&gt;, std::allocator&lt;char&gt; &gt; const&amp;)" line-rate="0.0" branch-rate="0.0" complexity="0.0">
              <lines>
                <line number="122" hits="0" branch="false"/>
                <line number="123" hits="0" branch="true" condition-coverage="0% (0/2)">
                  <conditions>
                    <condition number="0" type="jump" coverage="0%"/>
                  </conditions>
                </line>
                <line number="124" hits="0" branch="true" condition-coverage="0% (0/2)">
                  <conditions>
                    <condition number="0" type="jump" coverage="0%"/>
                  </conditions>
                </line>
                <line number="127" hits="0" branch="true" condition-coverage="0% (0/2)">
                  <conditions>
                    <condition number="0" type="jump" coverage="0%"/>
                  </conditions>
                </line>
                <line number="128" hits="0" branch="true" condition-coverage="0% (0/2)">
                  <conditions>
                    <condition number="0" type="jump" coverage="0%"/>
                  </conditions>
                </line>
                <line number="129" hits="0" branch="true" condition-coverage="0% (0/2)">
                  <conditions>
                    <condition number="0" type="jump" coverage="0%"/>
                  </conditions>
                </line>
                <line number="132" hits="0" branch="true" condition-coverage="0% (0/2)">
                  <conditions>
                    <condition number="0" type="jump" coverage="0%"/>
                  </conditions>
                </line>
                <line number="133" hits="0" branch="true" condition-coverage="0% (0/2)">
                  <conditions>
                    <condition number="0" type="jump" coverage="0%"/>
                  </conditions>
                </line>
                <line number="134" hits="0" branch="true" condition-coverage="0% (0/6)">
                  <conditions>
                    <condition number="0" type="jump" coverage="0%"/>
                  </conditions>
                </line>
                <line number="135" hits="0" branch="false"/>
                <line number="137" hits="0" branch="false"/>
                <line number="138" hits="0" branch="false"/>
              </lines>
            </method>
          </methods>
          <lines>
            <line number="20" hits="0" branch="false"/>
            <line number="30" hits="0" branch="false"/>
            <line number="43" hits="0" branch="true" condition-coverage="0% (0/2)">
              <conditions>
                <condition number="0" type="jump" coverage="0%"/>
              </conditions>
            </line>
            <line number="44" hits="0" branch="true" condition-coverage="0% (0/2)">
              <conditions>
                <condition number="0" type="jump" coverage="0%"/>
              </conditions>
            </line>
            <line number="45" hits="0" branch="true" condition-coverage="0% (0/2)">
              <conditions>
                <condition number="0" type="jump" coverage="0%"/>
              </conditions>
            </line>
            <line number="46" hits="0" branch="false"/>
            <line number="49" hits="0" branch="true" condition-coverage="0% (0/4)">
              <conditions>
                <condition number="0" type="jump" coverage="0%"/>
              </conditions>
            </line>
            <line number="50" hits="0" branch="true" condition-coverage="0% (0/2)">
              <conditions>
                <condition number="0" type="jump" coverage="0%"/>
              </conditions>
            </line>
            <line number="51" hits="0" branch="true" condition-coverage="0% (0/2)">
              <conditions>
                <condition number="0" type="jump" coverage="0%"/>
              </conditions>
            </line>
            <line number="52" hits="0" branch="true" condition-coverage="0% (0/2)">
              <conditions>
                <condition number="0" type="jump" coverage="0%"/>
              </conditions>
            </line>
            <line number="53" hits="0" branch="false"/>
            <line number="56" hits="0" branch="true" condition-coverage="0% (0/4)">
              <conditions>
                <condition number="0" type="jump" coverage="0%"/>
              </conditions>
            </line>
            <line number="57" hits="0" branch="true" condition-coverage="0% (0/2)">
              <conditions>
                <condition number="0" type="jump" coverage="0%"/>
              </conditions>
            </line>
            <line number="58" hits="0" branch="true" condition-coverage="0% (0/2)">
              <conditions>
                <condition number="0" type="jump" coverage="0%"/>
              </conditions>
            </line>
            <line number="59" hits="0" branch="true" condition-coverage="0% (0/2)">
              <conditions>
                <condition number="0" type="jump" coverage="0%"/>
              </conditions>
            </line>
            <line number="60" hits="0" branch="true" condition-coverage="0% (0/2)">
              <conditions>
                <condition number="0" type="jump" coverage="0%"/>
              </conditions>
            </line>
            <line number="61" hits="0" branch="false"/>
            <line number="64" hits="0" branch="true" condition-coverage="0% (0/6)">
              <conditions>
                <condition number="0" type="jump" coverage="0%"/>
              </conditions>
            </line>
            <line number="65" hits="0" branch="true" condition-coverage="0% (0/4)">
              <conditions>
                <condition number="0" type="jump" coverage="0%"/>
              </conditions>
            </line>
            <line number="66" hits="0" branch="true" condition-coverage="0% (0/2)">
              <conditions>
                <condition number="0" type="jump" coverage="0%"/>
              </conditions>
            </line>
            <line number="67" hits="0" branch="true" condition-coverage="0% (0/2)">
              <conditions>
                <condition number="0" type="jump" coverage="0%"/>
              </conditions>
            </line>
            <line number="68" hits="0" branch="true" condition-coverage="0% (0/2)">
              <conditions>
                <condition number="0" type="jump" coverage="0%"/>
              </conditions>
            </line>
            <line number="69" hits="0" branch="true" condition-coverage="0% (0/2)">
              <conditions>
                <condition number="0" type="jump" coverage="0%"/>
              </conditions>
            </line>
            <line number="70" hits="0" branch="false"/>
            <line number="73" hits="0" branch="true" condition-coverage="0% (0/2)">
              <conditions>
                <condition number="0" type="jump" coverage="0%"/>
              </conditions>
            </line>
            <line number="74" hits="0" branch="true" condition-coverage="0% (0/2)">
              <conditions>
                <condition number="0" type="jump" coverage="0%"/>
              </conditions>
            </line>
            <line number="75" hits="0" branch="true" condition-coverage="0% (0/2)">
              <conditions>
                <condition number="0" type="jump" coverage="0%"/>
              </conditions>
            </line>
            <line number="77" hits="0" branch="true" condition-coverage="0% (0/2)">
              <conditions>
                <condition number="0" type="jump" coverage="0%"/>
              </conditions>
            </line>
            <line number="78" hits="0" branch="true" condition-coverage="0% (0/2)">
              <conditions>
                <condition number="0" type="jump" coverage="0%"/>
              </conditions>
            </line>
            <line number="79" hits="0" branch="true" condition-coverage="0% (0/2)">
              <conditions>
                <condition number="0" type="jump" coverage="0%"/>
              </conditions>
            </line>
            <line number="80" hits="0" branch="true" condition-coverage="0% (0/2)">
              <conditions>
                <condition number="0" type="jump" coverage="0%"/>
              </conditions>
            </line>
            <line number="81" hits="0" branch="true" condition-coverage="0% (0/2)">
              <conditions>
                <condition number="0" type="jump" coverage="0%"/>
              </conditions>
            </line>
            <line number="82" hits="0" branch="false"/>
            <line number="85" hits="0" branch="false"/>
            <line number="86" hits="0" branch="false"/>
            <line number="87" hits="0" branch="true" condition-coverage="0% (0/2)">
              <conditions>
                <condition number="0" type="jump" coverage="0%"/>
              </conditions>
            </line>
            <line number="88" hits="0" branch="false"/>
            <line number="90" hits="0" branch="false"/>
            <line number="91" hits="0" branch="false"/>
            <line number="93" hits="0" branch="true" condition-coverage="0% (0/4)">
              <conditions>
                <condition number="0" type="jump" coverage="0%"/>
              </conditions>
            </line>
            <line number="94" hits="0" branch="true" condition-coverage="0% (0/2)">
              <conditions>
                <condition number="0" type="jump" coverage="0%"/>
              </conditions>
            </line>
            <line number="95" hits="0" branch="false"/>
            <line number="98" hits="0" branch="true" condition-coverage="0% (0/2)">
              <conditions>
                <condition number="0" type="jump" coverage="0%"/>
              </conditions>
            </line>
            <line number="99" hits="0" branch="false"/>
            <line number="102" hits="0" branch="true" condition-coverage="0% (0/2)">
              <conditions>
                <condition number="0" type="jump" coverage="0%"/>
              </conditions>
            </line>
            <line number="103" hits="0" branch="false"/>
            <line number="104" hits="0" branch="true" condition-coverage="0% (0/4)">
              <conditions>
                <condition number="0" type="jump" coverage="0%"/>
              </conditions>
            </line>
            <line number="105" hits="0" branch="true" condition-coverage="0% (0/2)">
              <conditions>
                <condition number="0" type="jump" coverage="0%"/>
              </conditions>
            </line>
            <line number="106" hits="0" branch="false"/>
            <line number="109" hits="0" branch="true" condition-coverage="0% (0/2)">
              <conditions>
                <condition number="0" type="jump" coverage="0%"/>
              </conditions>
            </line>
            <line number="110" hits="0" branch="true" condition-coverage="0% (0/2)">
              <conditions>
                <condition number="0" type="jump" coverage="0%"/>
              </conditions>
            </line>
            <line number="111" hits="0" branch="true" condition-coverage="0% (0/4)">
              <conditions>
                <condition number="0" type="jump" coverage="0%"/>
              </conditions>
            </line>
            <line number="113" hits="0" branch="true" condition-coverage="0% (0/2)">
              <conditions>
                <condition number="0" type="jump" coverage="0%"/>
              </conditions>
            </line>
            <line number="114" hits="0" branch="true" condition-coverage="0% (0/2)">
              <conditions>
                <condition number="0" type="jump" coverage="0%"/>
              </conditions>
            </line>
            <line number="115" hits="0" branch="true" condition-coverage="0% (0/2)">
              <conditions>
                <condition number="0" type="jump" coverage="0%"/>
              </conditions>
            </line>
            <line number="116" hits="0" branch="false"/>
            <line number="118" hits="0" branch="false"/>
            <line number="122" hits="0" branch="false"/>
            <line number="123" hits="0" branch="true" condition-coverage="0% (0/2)">
              <conditions>
                <condition number="0" type="jump" coverage="0%"/>
              </conditions>
            </line>
            <line number="124" hits="0" branch="true" condition-coverage="0% (0/2)">
              <conditions>
                <condition number="0" type="jump" coverage="0%"/>
              </conditions>
            </line>
            <line number="127" hits="0" branch="true" condition-coverage="0% (0/2)">
              <conditions>
                <condition number="0" type="jump" coverage="0%"/>
              </conditions>
            </line>
            <line number="128" hits="0" branch="true" condition-coverage="0% (0/2)">
              <conditions>
                <condition number="0" type="jump" coverage="0%"/>
              </conditions>
            </line>
            <line number="129" hits="0" branch="true" condition-coverage="0% (0/2)">
              <conditions>
                <condition number="0" type="jump" coverage="0%"/>
              </conditions>
            </line>
            <line number="132" hits="0" branch="true" condition-coverage="0% (0/2)">
              <conditions>
                <condition number="0" type="jump" coverage="0%"/>
              </conditions>
            </line>
            <line number="133" hits="0" branch="true" condition-coverage="0% (0/2)">
              <conditions>
                <condition number="0" type="jump" coverage="0%"/>
              </conditions>
            </line>
            <line number="134" hits="0" branch="true" condition-coverage="0% (0/6)">
              <conditions>
                <condition number="0" type="jump" coverage="0%"/>
              </conditions>
            </line>
            <line number="135" hits="0" branch="false"/>
            <line number="137" hits="0" branch="false"/>
            <line number="138" hits="0" branch="false"/>
          </lines>
        </class>
      </classes>
    </package>
    <package name="src.server" line-rate="0.23274021352313168" branch-rate="0.06950327300731614" complexity="0.0">
      <classes>
        <class name="Api_cpp" filename="src/server/Api.cpp" line-rate="0.0" branch-rate="0.0" complexity="0.0">
          <methods>
            <method name="backend::(anonymous namespace)::ResolveSiteRoot" signature="()" line-rate="0.0" branch-rate="0.0" complexity="0.0">
              <lines>
                <line number="15" hits="0" branch="false"/>
                <line number="17" hits="0" branch="true" condition-coverage="0% (0/6)">
                  <conditions>
                    <condition number="0" type="jump" coverage="0%"/>
                  </conditions>
                </line>
                <line number="19" hits="0" branch="true" condition-coverage="0% (0/8)">
                  <conditions>
                    <condition number="0" type="jump" coverage="0%"/>
                  </conditions>
                </line>
                <line number="21" hits="0" branch="true" condition-coverage="0% (0/2)">
                  <conditions>
                    <condition number="0" type="jump" coverage="0%"/>
                  </conditions>
                </line>
                <line number="24" hits="0" branch="true" condition-coverage="0% (0/8)">
                  <conditions>
                    <condition number="0" type="jump" coverage="0%"/>
                  </conditions>
                </line>
                <line number="26" hits="0" branch="true" condition-coverage="0% (0/8)">
                  <conditions>
                    <condition number="0" type="jump" coverage="0%"/>
                  </conditions>
                </line>
                <line number="28" hits="0" branch="true" condition-coverage="0% (0/2)">
                  <conditions>
                    <condition number="0" type="jump" coverage="0%"/>
                  </conditions>
                </line>
                <line number="31" hits="0" branch="true" condition-coverage="0% (0/2)">
                  <conditions>
                    <condition number="0" type="jump" coverage="0%"/>
                  </conditions>
                </line>
                <line number="32" hits="0" branch="false"/>
              </lines>
            </method>
            <method name="backend::WebApiApp::Run" signature="(int)" line-rate="0.0" branch-rate="0.0" complexity="0.0">
              <lines>
                <line number="35" hits="0" branch="false"/>
                <line number="37" hits="0" branch="true" condition-coverage="0% (0/2)">
                  <conditions>
                    <condition number="0" type="jump" coverage="0%"/>
                  </conditions>
                </line>
                <line number="38" hits="0" branch="true" condition-coverage="0% (0/4)">
                  <conditions>
                    <condition number="0" type="jump" coverage="0%"/>
                  </conditions>
                </line>
                <line number="42" hits="0" branch="true" condition-coverage="0% (0/2)">
                  <conditions>
                    <condition number="0" type="jump" coverage="0%"/>
                  </conditions>
                </line>
                <line number="45" hits="0" branch="true" condition-coverage="0% (0/10)">
                  <conditions>
                    <condition number="0" type="jump" coverage="0%"/>
                  </conditions>
                </line>
                <line number="49" hits="0" branch="false"/>
                <line number="52" hits="0" branch="true" condition-coverage="0% (0/6)">
                  <conditions>
                    <condition number="0" type="jump" coverage="0%"/>
                  </conditions>
                </line>
                <line number="63" hits="0" branch="false"/>
                <line number="65" hits="0" branch="true" condition-coverage="0% (0/2)">
                  <conditions>
                    <condition number="0" type="jump" coverage="0%"/>
                  </conditions>
                </line>
                <line number="66" hits="0" branch="true" condition-coverage="0% (0/4)">
                  <conditions>
                    <condition number="0" type="jump" coverage="0%"/>
                  </conditions>
                </line>
                <line number="68" hits="0" branch="true" condition-coverage="0% (0/2)">
                  <conditions>
                    <condition number="0" type="jump" coverage="0%"/>
                  </conditions>
                </line>
                <line number="69" hits="0" branch="true" condition-coverage="0% (0/2)">
                  <conditions>
                    <condition number="0" type="jump" coverage="0%"/>
                  </conditions>
                </line>
                <line number="70" hits="0" branch="true" condition-coverage="0% (0/2)">
                  <conditions>
                    <condition number="0" type="jump" coverage="0%"/>
                  </conditions>
                </line>
                <line number="71" hits="0" branch="true" condition-coverage="0% (0/2)">
                  <conditions>
                    <condition number="0" type="jump" coverage="0%"/>
                  </conditions>
                </line>
                <line number="73" hits="0" branch="true" condition-coverage="0% (0/4)">
                  <conditions>
                    <condition number="0" type="jump" coverage="0%"/>
                  </conditions>
                </line>
                <line number="74" hits="0" branch="true" condition-coverage="0% (0/28)">
                  <conditions>
                    <condition number="0" type="jump" coverage="0%"/>
                  </conditions>
                </line>
              </lines>
            </method>
          </methods>
          <lines>
            <line number="15" hits="0" branch="false"/>
            <line number="17" hits="0" branch="true" condition-coverage="0% (0/6)">
              <conditions>
                <condition number="0" type="jump" coverage="0%"/>
              </conditions>
            </line>
            <line number="19" hits="0" branch="true" condition-coverage="0% (0/8)">
              <conditions>
                <condition number="0" type="jump" coverage="0%"/>
              </conditions>
            </line>
            <line number="21" hits="0" branch="true" condition-coverage="0% (0/2)">
              <conditions>
                <condition number="0" type="jump" coverage="0%"/>
              </conditions>
            </line>
            <line number="24" hits="0" branch="true" condition-coverage="0% (0/8)">
              <conditions>
                <condition number="0" type="jump" coverage="0%"/>
              </conditions>
            </line>
            <line number="26" hits="0" branch="true" condition-coverage="0% (0/8)">
              <conditions>
                <condition number="0" type="jump" coverage="0%"/>
              </conditions>
            </line>
            <line number="28" hits="0" branch="true" condition-coverage="0% (0/2)">
              <conditions>
                <condition number="0" type="jump" coverage="0%"/>
              </conditions>
            </line>
            <line number="31" hits="0" branch="true" condition-coverage="0% (0/2)">
              <conditions>
                <condition number="0" type="jump" coverage="0%"/>
              </conditions>
            </line>
            <line number="32" hits="0" branch="false"/>
            <line number="35" hits="0" branch="false"/>
            <line number="37" hits="0" branch="true" condition-coverage="0% (0/2)">
              <conditions>
                <condition number="0" type="jump" coverage="0%"/>
              </conditions>
            </line>
            <line number="38" hits="0" branch="true" condition-coverage="0% (0/4)">
              <conditions>
                <condition number="0" type="jump" coverage="0%"/>
              </conditions>
            </line>
            <line number="42" hits="0" branch="true" condition-coverage="0% (0/2)">
              <conditions>
                <condition number="0" type="jump" coverage="0%"/>
              </conditions>
            </line>
            <line number="45" hits="0" branch="true" condition-coverage="0% (0/10)">
              <conditions>
                <condition number="0" type="jump" coverage="0%"/>
              </conditions>
            </line>
            <line number="49" hits="0" branch="false"/>
            <line number="52" hits="0" branch="true" condition-coverage="0% (0/6)">
              <conditions>
                <condition number="0" type="jump" coverage="0%"/>
              </conditions>
            </line>
            <line number="63" hits="0" branch="false"/>
            <line number="65" hits="0" branch="true" condition-coverage="0% (0/2)">
              <conditions>
                <condition number="0" type="jump" coverage="0%"/>
              </conditions>
            </line>
            <line number="66" hits="0" branch="true" condition-coverage="0% (0/4)">
              <conditions>
                <condition number="0" type="jump" coverage="0%"/>
              </conditions>
            </line>
            <line number="68" hits="0" branch="true" condition-coverage="0% (0/2)">
              <conditions>
                <condition number="0" type="jump" coverage="0%"/>
              </conditions>
            </line>
            <line number="69" hits="0" branch="true" condition-coverage="0% (0/2)">
              <conditions>
                <condition number="0" type="jump" coverage="0%"/>
              </conditions>
            </line>
            <line number="70" hits="0" branch="true" condition-coverage="0% (0/2)">
              <conditions>
                <condition number="0" type="jump" coverage="0%"/>
              </conditions>
            </line>
            <line number="71" hits="0" branch="true" condition-coverage="0% (0/2)">
              <conditions>
                <condition number="0" type="jump" coverage="0%"/>
              </conditions>
            </line>
            <line number="73" hits="0" branch="true" condition-coverage="0% (0/4)">
              <conditions>
                <condition number="0" type="jump" coverage="0%"/>
              </conditions>
            </line>
            <line number="74" hits="0" branch="true" condition-coverage="0% (0/28)">
              <conditions>
                <condition number="0" type="jump" coverage="0%"/>
              </conditions>
            </line>
          </lines>
        </class>
        <class name="Controllers_cpp" filename="src/server/Controllers.cpp" line-rate="0.0" branch-rate="0.0" complexity="0.0">
          <methods>
            <method name="backend::(anonymous namespace)::LoadGoogleClientId" signature="()" line-rate="0.0" branch-rate="0.0" complexity="0.0">
              <lines>
                <line number="25" hits="0" branch="false"/>
                <line number="28" hits="0" branch="true" condition-coverage="0% (0/10)">
                  <conditions>
                    <condition number="0" type="jump" coverage="0%"/>
                  </conditions>
                </line>
                <line number="29" hits="0" branch="true" condition-coverage="0% (0/12)">
                  <conditions>
                    <condition number="0" type="jump" coverage="0%"/>
                  </conditions>
                </line>
                <line number="30" hits="0" branch="true" condition-coverage="0% (0/6)">
                  <conditions>
                    <condition number="0" type="jump" coverage="0%"/>
                  </conditions>
                </line>
                <line number="32" hits="0" branch="false"/>
                <line number="34" hits="0" branch="true" condition-coverage="0% (0/2)">
                  <conditions>
                    <condition number="0" type="jump" coverage="0%"/>
                  </conditions>
                </line>
                <line number="36" hits="0" branch="true" condition-coverage="0% (0/4)">
                  <conditions>
                    <condition number="0" type="jump" coverage="0%"/>
                  </conditions>
                </line>
                <line number="38" hits="0" branch="true" condition-coverage="0% (0/2)">
                  <conditions>
                    <condition number="0" type="jump" coverage="0%"/>
                  </conditions>
                </line>
                <line number="40" hits="0" branch="false"/>
                <line number="44" hits="0" branch="true" condition-coverage="0% (0/2)">
                  <conditions>
                    <condition number="0" type="jump" coverage="0%"/>
                  </conditions>
                </line>
                <line number="46" hits="0" branch="false"/>
                <line number="51" hits="0" branch="true" condition-coverage="0% (0/2)">
                  <conditions>
                    <condition number="0" type="jump" coverage="0%"/>
                  </conditions>
                </line>
                <line number="53" hits="0" branch="true" condition-coverage="0% (0/10)">
                  <conditions>
                    <condition number="0" type="jump" coverage="0%"/>
                  </conditions>
                </line>
                <line number="55" hits="0" branch="true" condition-coverage="0% (0/4)">
                  <conditions>
                    <condition number="0" type="jump" coverage="0%"/>
                  </conditions>
                </line>
                <line number="57" hits="0" branch="true" condition-coverage="0% (0/2)">
                  <conditions>
                    <condition number="0" type="jump" coverage="0%"/>
                  </conditions>
                </line>
                <line number="59" hits="0" branch="true" condition-coverage="0% (0/2)">
                  <conditions>
                    <condition number="0" type="jump" coverage="0%"/>
                  </conditions>
                </line>
                <line number="61" hits="0" branch="true" condition-coverage="0% (0/2)">
                  <conditions>
                    <condition number="0" type="jump" coverage="0%"/>
                  </conditions>
                </line>
                <line number="63" hits="0" branch="true" condition-coverage="0% (0/10)">
                  <conditions>
                    <condition number="0" type="jump" coverage="0%"/>
                  </conditions>
                </line>
                <line number="65" hits="0" branch="true" condition-coverage="0% (0/4)">
                  <conditions>
                    <condition number="0" type="jump" coverage="0%"/>
                  </conditions>
                </line>
                <line number="67" hits="0" branch="true" condition-coverage="0% (0/2)">
                  <conditions>
                    <condition number="0" type="jump" coverage="0%"/>
                  </conditions>
                </line>
                <line number="69" hits="0" branch="true" condition-coverage="0% (0/2)">
                  <conditions>
                    <condition number="0" type="jump" coverage="0%"/>
                  </conditions>
                </line>
                <line number="71" hits="0" branch="true" condition-coverage="0% (0/2)">
                  <conditions>
                    <condition number="0" type="jump" coverage="0%"/>
                  </conditions>
                </line>
                <line number="72" hits="0" branch="true" condition-coverage="0% (0/2)">
                  <conditions>
                    <condition number="0" type="jump" coverage="0%"/>
                  </conditions>
                </line>
                <line number="73" hits="0" branch="false"/>
                <line number="75" hits="0" branch="true" condition-coverage="0% (0/2)">
                  <conditions>
                    <condition number="0" type="jump" coverage="0%"/>
                  </conditions>
                </line>
                <line number="77" hits="0" branch="false"/>
                <line number="78" hits="0" branch="true" condition-coverage="0% (0/12)">
                  <conditions>
                    <condition number="0" type="jump" coverage="0%"/>
                  </conditions>
                </line>
              </lines>
            </method>
            <method name="backend::(anonymous namespace)::FetchGoogleProfile" signature="(std::__cxx11::basic_string&lt;char, std::char_traits&lt;char&gt;, std::allocator&lt;char&gt; &gt; const&amp;, std::__cxx11::basic_string&lt;char, std::char_traits&lt;char&gt;, std::allocator&lt;char&gt; &gt;&amp;, std::__cxx11::basic_string&lt;char, std::char_traits&lt;char&gt;, std::allocator&lt;char&gt; &gt;&amp;)" line-rate="0.0" branch-rate="0.0" complexity="0.0">
              <lines>
                <line number="80" hits="0" branch="false"/>
                <line number="82" hits="0" branch="false"/>
                <line number="83" hits="0" branch="false"/>
                <line number="84" hits="0" branch="false"/>
                <line number="86" hits="0" branch="true" condition-coverage="0% (0/6)">
                  <conditions>
                    <condition number="0" type="jump" coverage="0%"/>
                  </conditions>
                </line>
                <line number="88" hits="0" branch="true" condition-coverage="0% (0/6)">
                  <conditions>
                    <condition number="0" type="jump" coverage="0%"/>
                  </conditions>
                </line>
                <line number="90" hits="0" branch="false"/>
                <line number="95" hits="0" branch="true" condition-coverage="0% (0/2)">
                  <conditions>
                    <condition number="0" type="jump" coverage="0%"/>
                  </conditions>
                </line>
                <line number="96" hits="0" branch="true" condition-coverage="0% (0/2)">
                  <conditions>
                    <condition number="0" type="jump" coverage="0%"/>
                  </conditions>
                </line>
                <line number="97" hits="0" branch="true" condition-coverage="0% (0/2)">
                  <conditions>
                    <condition number="0" type="jump" coverage="0%"/>
                  </conditions>
                </line>
                <line number="99" hits="0" branch="true" condition-coverage="0% (0/2)">
                  <conditions>
                    <condition number="0" type="jump" coverage="0%"/>
                  </conditions>
                </line>
                <line number="101" hits="0" branch="true" condition-coverage="0% (0/2)">
                  <conditions>
                    <condition number="0" type="jump" coverage="0%"/>
                  </conditions>
                </line>
                <line number="103" hits="0" branch="false"/>
                <line number="104" hits="0" branch="false"/>
                <line number="106" hits="0" branch="false"/>
                <line number="107" hits="0" branch="true" condition-coverage="0% (0/2)">
                  <conditions>
                    <condition number="0" type="jump" coverage="0%"/>
                  </conditions>
                </line>
                <line number="109" hits="0" branch="false"/>
                <line number="110" hits="0" branch="false"/>
              </lines>
            </method>
            <method name="backend::(anonymous namespace)::ClassroomGetJson" signature="(std::__cxx11::basic_string&lt;char, std::char_traits&lt;char&gt;, std::allocator&lt;char&gt; &gt; const&amp;, std::__cxx11::basic_string&lt;char, std::char_traits&lt;char&gt;, std::allocator&lt;char&gt; &gt; const&amp;, nlohmann::json_abi_v3_11_3::basic_json&lt;std::map, std::vector, std::__cxx11::basic_string&lt;char, std::char_traits&lt;char&gt;, std::allocator&lt;char&gt; &gt;, bool, long long, unsigned long long, double, std::allocator, nlohmann::json_abi_v3_11_3::adl_serializer, std::vector&lt;unsigned char, std::allocator&lt;unsigned char&gt; &gt;, void&gt;&amp;, std::__cxx11::basic_string&lt;char, std::char_traits&lt;char&gt;, std::allocator&lt;char&gt; &gt;&amp;)" line-rate="0.0" branch-rate="0.0" complexity="0.0">
              <lines>
                <line number="112" hits="0" branch="false"/>
                <line number="114" hits="0" branch="false"/>
                <line number="115" hits="0" branch="false"/>
                <line number="117" hits="0" branch="true" condition-coverage="0% (0/6)">
                  <conditions>
                    <condition number="0" type="jump" coverage="0%"/>
                  </conditions>
                </line>
                <line number="119" hits="0" branch="false"/>
                <line number="122" hits="0" branch="true" condition-coverage="0% (0/4)">
                  <conditions>
                    <condition number="0" type="jump" coverage="0%"/>
                  </conditions>
                </line>
                <line number="124" hits="0" branch="true" condition-coverage="0% (0/2)">
                  <conditions>
                    <condition number="0" type="jump" coverage="0%"/>
                  </conditions>
                </line>
                <line number="125" hits="0" branch="false"/>
                <line number="130" hits="0" branch="true" condition-coverage="0% (0/2)">
                  <conditions>
                    <condition number="0" type="jump" coverage="0%"/>
                  </conditions>
                </line>
                <line number="132" hits="0" branch="false"/>
                <line number="134" hits="0" branch="true" condition-coverage="0% (0/2)">
                  <conditions>
                    <condition number="0" type="jump" coverage="0%"/>
                  </conditions>
                </line>
                <line number="135" hits="0" branch="false"/>
                <line number="136" hits="0" branch="true" condition-coverage="0% (0/2)">
                  <conditions>
                    <condition number="0" type="jump" coverage="0%"/>
                  </conditions>
                </line>
                <line number="138" hits="0" branch="false"/>
                <line number="139" hits="0" branch="false"/>
              </lines>
            </method>
            <method name="backend::(anonymous namespace)::ClassroomGetUserEmail" signature="(std::__cxx11::basic_string&lt;char, std::char_traits&lt;char&gt;, std::allocator&lt;char&gt; &gt; const&amp;, std::__cxx11::basic_string&lt;char, std::char_traits&lt;char&gt;, std::allocator&lt;char&gt; &gt; const&amp;)" line-rate="0.0" branch-rate="0.0" complexity="0.0">
              <lines>
                <line number="141" hits="0" branch="false"/>
                <line number="143" hits="0" branch="false"/>
                <line number="144" hits="0" branch="false"/>
                <line number="146" hits="0" branch="true" condition-coverage="0% (0/6)">
                  <conditions>
                    <condition number="0" type="jump" coverage="0%"/>
                  </conditions>
                </line>
                <line number="148" hits="0" branch="false"/>
                <line number="151" hits="0" branch="true" condition-coverage="0% (0/2)">
                  <conditions>
                    <condition number="0" type="jump" coverage="0%"/>
                  </conditions>
                </line>
                <line number="153" hits="0" branch="true" condition-coverage="0% (0/2)">
                  <conditions>
                    <condition number="0" type="jump" coverage="0%"/>
                  </conditions>
                </line>
                <line number="155" hits="0" branch="false"/>
                <line number="158" hits="0" branch="true" condition-coverage="0% (0/2)">
                  <conditions>
                    <condition number="0" type="jump" coverage="0%"/>
                  </conditions>
                </line>
                <line number="159" hits="0" branch="false"/>
              </lines>
            </method>
            <method name="backend::(anonymous namespace)::ToWide" signature="(std::__cxx11::basic_string&lt;char, std::char_traits&lt;char&gt;, std::allocator&lt;char&gt; &gt; const&amp;)" line-rate="0.0" branch-rate="0.0" complexity="0.0">
              <lines>
                <line number="162" hits="0" branch="false"/>
                <line number="164" hits="0" branch="true" condition-coverage="0% (0/2)">
                  <conditions>
                    <condition number="0" type="jump" coverage="0%"/>
                  </conditions>
                </line>
                <line number="166" hits="0" branch="true" condition-coverage="0% (0/2)">
                  <conditions>
                    <condition number="0" type="jump" coverage="0%"/>
                  </conditions>
                </line>
                <line number="169" hits="0" branch="true" condition-coverage="0% (0/2)">
                  <conditions>
                    <condition number="0" type="jump" coverage="0%"/>
                  </conditions>
                </line>
                <line number="171" hits="0" branch="true" condition-coverage="0% (0/2)">
                  <conditions>
                    <condition number="0" type="jump" coverage="0%"/>
                  </conditions>
                </line>
                <line number="173" hits="0" branch="true" condition-coverage="0% (0/2)">
                  <conditions>
                    <condition number="0" type="jump" coverage="0%"/>
                  </conditions>
                </line>
                <line number="176" hits="0" branch="true" condition-coverage="0% (0/2)">
                  <conditions>
                    <condition number="0" type="jump" coverage="0%"/>
                  </conditions>
                </line>
                <line number="177" hits="0" branch="true" condition-coverage="0% (0/2)">
                  <conditions>
                    <condition number="0" type="jump" coverage="0%"/>
                  </conditions>
                </line>
                <line number="179" hits="0" branch="true" condition-coverage="0% (0/6)">
                  <conditions>
                    <condition number="0" type="jump" coverage="0%"/>
                  </conditions>
                </line>
                <line number="181" hits="0" branch="false"/>
                <line number="184" hits="0" branch="false"/>
                <line number="185" hits="0" branch="false"/>
              </lines>
            </method>
            <method name="backend::(anonymous namespace)::ClassroomPatchJson" signature="(std::__cxx11::basic_string&lt;char, std::char_traits&lt;char&gt;, std::allocator&lt;char&gt; &gt; const&amp;, std::__cxx11::basic_string&lt;char, std::char_traits&lt;char&gt;, std::allocator&lt;char&gt; &gt; const&amp;, nlohmann::json_abi_v3_11_3::basic_json&lt;std::map, std::vector, std::__cxx11::basic_string&lt;char, std::char_traits&lt;char&gt;, std::allocator&lt;char&gt; &gt;, bool, long long, unsigned long long, double, std::allocator, nlohmann::json_abi_v3_11_3::adl_serializer, std::vector&lt;unsigned char, std::allocator&lt;unsigned char&gt; &gt;, void&gt; const&amp;, std::__cxx11::basic_string&lt;char, std::char_traits&lt;char&gt;, std::allocator&lt;char&gt; &gt;&amp;)" line-rate="0.0" branch-rate="0.0" complexity="0.0">
              <lines>
                <line number="187" hits="0" branch="false"/>
                <line number="189" hits="0" branch="true" condition-coverage="0% (0/2)">
                  <conditions>
                    <condition number="0" type="jump" coverage="0%"/>
                  </conditions>
                </line>
                <line number="191" hits="0" branch="true" condition-coverage="0% (0/2)">
                  <conditions>
                    <condition number="0" type="jump" coverage="0%"/>
                  </conditions>
                </line>
                <line number="193" hits="0" branch="true" condition-coverage="0% (0/2)">
                  <conditions>
                    <condition number="0" type="jump" coverage="0%"/>
                  </conditions>
                </line>
                <line number="194" hits="0" branch="false"/>
                <line number="197" hits="0" branch="true" condition-coverage="0% (0/2)">
                  <conditions>
                    <condition number="0" type="jump" coverage="0%"/>
                  </conditions>
                </line>
                <line number="199" hits="0" branch="true" condition-coverage="0% (0/2)">
                  <conditions>
                    <condition number="0" type="jump" coverage="0%"/>
                  </conditions>
                </line>
                <line number="201" hits="0" branch="true" condition-coverage="0% (0/2)">
                  <conditions>
                    <condition number="0" type="jump" coverage="0%"/>
                  </conditions>
                </line>
                <line number="202" hits="0" branch="true" condition-coverage="0% (0/2)">
                  <conditions>
                    <condition number="0" type="jump" coverage="0%"/>
                  </conditions>
                </line>
                <line number="203" hits="0" branch="false"/>
                <line number="206" hits="0" branch="true" condition-coverage="0% (0/4)">
                  <conditions>
                    <condition number="0" type="jump" coverage="0%"/>
                  </conditions>
                </line>
                <line number="208" hits="0" branch="true" condition-coverage="0% (0/2)">
                  <conditions>
                    <condition number="0" type="jump" coverage="0%"/>
                  </conditions>
                </line>
                <line number="210" hits="0" branch="true" condition-coverage="0% (0/2)">
                  <conditions>
                    <condition number="0" type="jump" coverage="0%"/>
                  </conditions>
                </line>
                <line number="211" hits="0" branch="true" condition-coverage="0% (0/2)">
                  <conditions>
                    <condition number="0" type="jump" coverage="0%"/>
                  </conditions>
                </line>
                <line number="212" hits="0" branch="true" condition-coverage="0% (0/2)">
                  <conditions>
                    <condition number="0" type="jump" coverage="0%"/>
                  </conditions>
                </line>
                <line number="213" hits="0" branch="false"/>
                <line number="217" hits="0" branch="true" condition-coverage="0% (0/6)">
                  <conditions>
                    <condition number="0" type="jump" coverage="0%"/>
                  </conditions>
                </line>
                <line number="218" hits="0" branch="true" condition-coverage="0% (0/2)">
                  <conditions>
                    <condition number="0" type="jump" coverage="0%"/>
                  </conditions>
                </line>
                <line number="220" hits="0" branch="true" condition-coverage="0% (0/4)">
                  <conditions>
                    <condition number="0" type="jump" coverage="0%"/>
                  </conditions>
                </line>
                <line number="222" hits="0" branch="true" condition-coverage="0% (0/2)">
                  <conditions>
                    <condition number="0" type="jump" coverage="0%"/>
                  </conditions>
                </line>
                <line number="223" hits="0" branch="true" condition-coverage="0% (0/2)">
                  <conditions>
                    <condition number="0" type="jump" coverage="0%"/>
                  </conditions>
                </line>
                <line number="224" hits="0" branch="true" condition-coverage="0% (0/2)">
                  <conditions>
                    <condition number="0" type="jump" coverage="0%"/>
                  </conditions>
                </line>
                <line number="225" hits="0" branch="true" condition-coverage="0% (0/2)">
                  <conditions>
                    <condition number="0" type="jump" coverage="0%"/>
                  </conditions>
                </line>
                <line number="226" hits="0" branch="false"/>
                <line number="229" hits="0" branch="true" condition-coverage="0% (0/2)">
                  <conditions>
                    <condition number="0" type="jump" coverage="0%"/>
                  </conditions>
                </line>
                <line number="230" hits="0" branch="true" condition-coverage="0% (0/4)">
                  <conditions>
                    <condition number="0" type="jump" coverage="0%"/>
                  </conditions>
                </line>
                <line number="234" hits="0" branch="false"/>
                <line number="235" hits="0" branch="false"/>
                <line number="236" hits="0" branch="false"/>
                <line number="239" hits="0" branch="true" condition-coverage="0% (0/2)">
                  <conditions>
                    <condition number="0" type="jump" coverage="0%"/>
                  </conditions>
                </line>
                <line number="241" hits="0" branch="true" condition-coverage="0% (0/2)">
                  <conditions>
                    <condition number="0" type="jump" coverage="0%"/>
                  </conditions>
                </line>
                <line number="244" hits="0" branch="true" condition-coverage="0% (0/2)">
                  <conditions>
                    <condition number="0" type="jump" coverage="0%"/>
                  </conditions>
                </line>
                <line number="246" hits="0" branch="true" condition-coverage="0% (0/2)">
                  <conditions>
                    <condition number="0" type="jump" coverage="0%"/>
                  </conditions>
                </line>
                <line number="247" hits="0" branch="true" condition-coverage="0% (0/2)">
                  <conditions>
                    <condition number="0" type="jump" coverage="0%"/>
                  </conditions>
                </line>
                <line number="248" hits="0" branch="true" condition-coverage="0% (0/2)">
                  <conditions>
                    <condition number="0" type="jump" coverage="0%"/>
                  </conditions>
                </line>
                <line number="249" hits="0" branch="true" condition-coverage="0% (0/2)">
                  <conditions>
                    <condition number="0" type="jump" coverage="0%"/>
                  </conditions>
                </line>
                <line number="250" hits="0" branch="false"/>
                <line number="253" hits="0" branch="false"/>
                <line number="254" hits="0" branch="false"/>
                <line number="255" hits="0" branch="true" condition-coverage="0% (0/2)">
                  <conditions>
                    <condition number="0" type="jump" coverage="0%"/>
                  </conditions>
                </line>
                <line number="257" hits="0" branch="true" condition-coverage="0% (0/2)">
                  <conditions>
                    <condition number="0" type="jump" coverage="0%"/>
                  </conditions>
                </line>
                <line number="258" hits="0" branch="true" condition-coverage="0% (0/2)">
                  <conditions>
                    <condition number="0" type="jump" coverage="0%"/>
                  </conditions>
                </line>
                <line number="259" hits="0" branch="true" condition-coverage="0% (0/2)">
                  <conditions>
                    <condition number="0" type="jump" coverage="0%"/>
                  </conditions>
                </line>
                <line number="261" hits="0" branch="true" condition-coverage="0% (0/4)">
                  <conditions>
                    <condition number="0" type="jump" coverage="0%"/>
                  </conditions>
                </line>
                <line number="263" hits="0" branch="true" condition-coverage="0% (0/2)">
                  <conditions>
                    <condition number="0" type="jump" coverage="0%"/>
                  </conditions>
                </line>
                <line number="264" hits="0" branch="false"/>
                <line number="267" hits="0" branch="false"/>
                <line number="268" hits="0" branch="false"/>
              </lines>
            </method>
            <method name="backend::(anonymous namespace)::Base64UrlEncode" signature="(std::__cxx11::basic_string&lt;char, std::char_traits&lt;char&gt;, std::allocator&lt;char&gt; &gt; const&amp;)" line-rate="0.0" branch-rate="0.0" complexity="0.0">
              <lines>
                <line number="270" hits="0" branch="false"/>
                <line number="273" hits="0" branch="false"/>
                <line number="274" hits="0" branch="false"/>
                <line number="275" hits="0" branch="false"/>
                <line number="277" hits="0" branch="true" condition-coverage="0% (0/2)">
                  <conditions>
                    <condition number="0" type="jump" coverage="0%"/>
                  </conditions>
                </line>
                <line number="279" hits="0" branch="false"/>
                <line number="280" hits="0" branch="false"/>
                <line number="282" hits="0" branch="true" condition-coverage="0% (0/2)">
                  <conditions>
                    <condition number="0" type="jump" coverage="0%"/>
                  </conditions>
                </line>
                <line number="284" hits="0" branch="true" condition-coverage="0% (0/2)">
                  <conditions>
                    <condition number="0" type="jump" coverage="0%"/>
                  </conditions>
                </line>
                <line number="285" hits="0" branch="false"/>
                <line number="289" hits="0" branch="true" condition-coverage="0% (0/2)">
                  <conditions>
                    <condition number="0" type="jump" coverage="0%"/>
                  </conditions>
                </line>
                <line number="291" hits="0" branch="true" condition-coverage="0% (0/2)">
                  <conditions>
                    <condition number="0" type="jump" coverage="0%"/>
                  </conditions>
                </line>
                <line number="294" hits="0" branch="true" condition-coverage="0% (0/2)">
                  <conditions>
                    <condition number="0" type="jump" coverage="0%"/>
                  </conditions>
                </line>
                <line number="296" hits="0" branch="true" condition-coverage="0% (0/2)">
                  <conditions>
                    <condition number="0" type="jump" coverage="0%"/>
                  </conditions>
                </line>
                <line number="299" hits="0" branch="true" condition-coverage="0% (0/2)">
                  <conditions>
                    <condition number="0" type="jump" coverage="0%"/>
                  </conditions>
                </line>
                <line number="301" hits="0" branch="true" condition-coverage="0% (0/2)">
                  <conditions>
                    <condition number="0" type="jump" coverage="0%"/>
                  </conditions>
                </line>
                <line number="302" hits="0" branch="true" condition-coverage="0% (0/2)">
                  <conditions>
                    <condition number="0" type="jump" coverage="0%"/>
                  </conditions>
                </line>
                <line number="305" hits="0" branch="true" condition-coverage="0% (0/6)">
                  <conditions>
                    <condition number="0" type="jump" coverage="0%"/>
                  </conditions>
                </line>
                <line number="307" hits="0" branch="false"/>
                <line number="310" hits="0" branch="false"/>
                <line number="311" hits="0" branch="false"/>
              </lines>
            </method>
            <method name="backend::(anonymous namespace)::GmailSendMessage" signature="(std::__cxx11::basic_string&lt;char, std::char_traits&lt;char&gt;, std::allocator&lt;char&gt; &gt; const&amp;, std::__cxx11::basic_string&lt;char, std::char_traits&lt;char&gt;, std::allocator&lt;char&gt; &gt; const&amp;, std::__cxx11::basic_string&lt;char, std::char_traits&lt;char&gt;, std::allocator&lt;char&gt; &gt; const&amp;, std::__cxx11::basic_string&lt;char, std::char_traits&lt;char&gt;, std::allocator&lt;char&gt; &gt; const&amp;, std::__cxx11::basic_string&lt;char, std::char_traits&lt;char&gt;, std::allocator&lt;char&gt; &gt;&amp;)" line-rate="0.0" branch-rate="0.0" complexity="0.0">
              <lines>
                <line number="313" hits="0" branch="false"/>
                <line number="315" hits="0" branch="true" condition-coverage="0% (0/2)">
                  <conditions>
                    <condition number="0" type="jump" coverage="0%"/>
                  </conditions>
                </line>
                <line number="317" hits="0" branch="true" condition-coverage="0% (0/2)">
                  <conditions>
                    <condition number="0" type="jump" coverage="0%"/>
                  </conditions>
                </line>
                <line number="318" hits="0" branch="false"/>
                <line number="322" hits="0" branch="true" condition-coverage="0% (0/4)">
                  <conditions>
                    <condition number="0" type="jump" coverage="0%"/>
                  </conditions>
                </line>
                <line number="323" hits="0" branch="true" condition-coverage="0% (0/6)">
                  <conditions>
                    <condition number="0" type="jump" coverage="0%"/>
                  </conditions>
                </line>
                <line number="324" hits="0" branch="true" condition-coverage="0% (0/2)">
                  <conditions>
                    <condition number="0" type="jump" coverage="0%"/>
                  </conditions>
                </line>
                <line number="325" hits="0" branch="true" condition-coverage="0% (0/2)">
                  <conditions>
                    <condition number="0" type="jump" coverage="0%"/>
                  </conditions>
                </line>
                <line number="326" hits="0" branch="true" condition-coverage="0% (0/2)">
                  <conditions>
                    <condition number="0" type="jump" coverage="0%"/>
                  </conditions>
                </line>
                <line number="327" hits="0" branch="true" condition-coverage="0% (0/4)">
                  <conditions>
                    <condition number="0" type="jump" coverage="0%"/>
                  </conditions>
                </line>
                <line number="329" hits="0" branch="false"/>
                <line number="330" hits="0" branch="true" condition-coverage="0% (0/6)">
                  <conditions>
                    <condition number="0" type="jump" coverage="0%"/>
                  </conditions>
                </line>
                <line number="332" hits="0" branch="true" condition-coverage="0% (0/2)">
                  <conditions>
                    <condition number="0" type="jump" coverage="0%"/>
                  </conditions>
                </line>
                <line number="334" hits="0" branch="true" condition-coverage="0% (0/2)">
                  <conditions>
                    <condition number="0" type="jump" coverage="0%"/>
                  </conditions>
                </line>
                <line number="336" hits="0" branch="true" condition-coverage="0% (0/2)">
                  <conditions>
                    <condition number="0" type="jump" coverage="0%"/>
                  </conditions>
                </line>
                <line number="337" hits="0" branch="false"/>
                <line number="340" hits="0" branch="true" condition-coverage="0% (0/2)">
                  <conditions>
                    <condition number="0" type="jump" coverage="0%"/>
                  </conditions>
                </line>
                <line number="342" hits="0" branch="true" condition-coverage="0% (0/2)">
                  <conditions>
                    <condition number="0" type="jump" coverage="0%"/>
                  </conditions>
                </line>
                <line number="344" hits="0" branch="true" condition-coverage="0% (0/2)">
                  <conditions>
                    <condition number="0" type="jump" coverage="0%"/>
                  </conditions>
                </line>
                <line number="345" hits="0" branch="true" condition-coverage="0% (0/2)">
                  <conditions>
                    <condition number="0" type="jump" coverage="0%"/>
                  </conditions>
                </line>
                <line number="346" hits="0" branch="false"/>
                <line number="349" hits="0" branch="true" condition-coverage="0% (0/2)">
                  <conditions>
                    <condition number="0" type="jump" coverage="0%"/>
                  </conditions>
                </line>
                <line number="351" hits="0" branch="true" condition-coverage="0% (0/2)">
                  <conditions>
                    <condition number="0" type="jump" coverage="0%"/>
                  </conditions>
                </line>
                <line number="353" hits="0" branch="true" condition-coverage="0% (0/2)">
                  <conditions>
                    <condition number="0" type="jump" coverage="0%"/>
                  </conditions>
                </line>
                <line number="354" hits="0" branch="true" condition-coverage="0% (0/2)">
                  <conditions>
                    <condition number="0" type="jump" coverage="0%"/>
                  </conditions>
                </line>
                <line number="355" hits="0" branch="true" condition-coverage="0% (0/2)">
                  <conditions>
                    <condition number="0" type="jump" coverage="0%"/>
                  </conditions>
                </line>
                <line number="356" hits="0" branch="false"/>
                <line number="360" hits="0" branch="true" condition-coverage="0% (0/6)">
                  <conditions>
                    <condition number="0" type="jump" coverage="0%"/>
                  </conditions>
                </line>
                <line number="361" hits="0" branch="true" condition-coverage="0% (0/2)">
                  <conditions>
                    <condition number="0" type="jump" coverage="0%"/>
                  </conditions>
                </line>
                <line number="363" hits="0" branch="true" condition-coverage="0% (0/4)">
                  <conditions>
                    <condition number="0" type="jump" coverage="0%"/>
                  </conditions>
                </line>
                <line number="365" hits="0" branch="true" condition-coverage="0% (0/2)">
                  <conditions>
                    <condition number="0" type="jump" coverage="0%"/>
                  </conditions>
                </line>
                <line number="366" hits="0" branch="true" condition-coverage="0% (0/2)">
                  <conditions>
                    <condition number="0" type="jump" coverage="0%"/>
                  </conditions>
                </line>
                <line number="367" hits="0" branch="true" condition-coverage="0% (0/2)">
                  <conditions>
                    <condition number="0" type="jump" coverage="0%"/>
                  </conditions>
                </line>
                <line number="368" hits="0" branch="true" condition-coverage="0% (0/2)">
                  <conditions>
                    <condition number="0" type="jump" coverage="0%"/>
                  </conditions>
                </line>
                <line number="369" hits="0" branch="false"/>
                <line number="372" hits="0" branch="true" condition-coverage="0% (0/2)">
                  <conditions>
                    <condition number="0" type="jump" coverage="0%"/>
                  </conditions>
                </line>
                <line number="373" hits="0" branch="true" condition-coverage="0% (0/4)">
                  <conditions>
                    <condition number="0" type="jump" coverage="0%"/>
                  </conditions>
                </line>
                <line number="377" hits="0" branch="false"/>
                <line number="378" hits="0" branch="false"/>
                <line number="379" hits="0" branch="false"/>
                <line number="382" hits="0" branch="true" condition-coverage="0% (0/2)">
                  <conditions>
                    <condition number="0" type="jump" coverage="0%"/>
                  </conditions>
                </line>
                <line number="384" hits="0" branch="true" condition-coverage="0% (0/2)">
                  <conditions>
                    <condition number="0" type="jump" coverage="0%"/>
                  </conditions>
                </line>
                <line number="387" hits="0" branch="true" condition-coverage="0% (0/2)">
                  <conditions>
                    <condition number="0" type="jump" coverage="0%"/>
                  </conditions>
                </line>
                <line number="389" hits="0" branch="true" condition-coverage="0% (0/2)">
                  <conditions>
                    <condition number="0" type="jump" coverage="0%"/>
                  </conditions>
                </line>
                <line number="390" hits="0" branch="true" condition-coverage="0% (0/2)">
                  <conditions>
                    <condition number="0" type="jump" coverage="0%"/>
                  </conditions>
                </line>
                <line number="391" hits="0" branch="true" condition-coverage="0% (0/2)">
                  <conditions>
                    <condition number="0" type="jump" coverage="0%"/>
                  </conditions>
                </line>
                <line number="392" hits="0" branch="true" condition-coverage="0% (0/2)">
                  <conditions>
                    <condition number="0" type="jump" coverage="0%"/>
                  </conditions>
                </line>
                <line number="393" hits="0" branch="false"/>
                <line number="396" hits="0" branch="false"/>
                <line number="397" hits="0" branch="false"/>
                <line number="398" hits="0" branch="true" condition-coverage="0% (0/2)">
                  <conditions>
                    <condition number="0" type="jump" coverage="0%"/>
                  </conditions>
                </line>
                <line number="400" hits="0" branch="true" condition-coverage="0% (0/2)">
                  <conditions>
                    <condition number="0" type="jump" coverage="0%"/>
                  </conditions>
                </line>
                <line number="401" hits="0" branch="true" condition-coverage="0% (0/2)">
                  <conditions>
                    <condition number="0" type="jump" coverage="0%"/>
                  </conditions>
                </line>
                <line number="402" hits="0" branch="true" condition-coverage="0% (0/2)">
                  <conditions>
                    <condition number="0" type="jump" coverage="0%"/>
[...]
                  <conditions>
                    <condition number="0" type="jump" coverage="0%"/>
                  </conditions>
                </line>
                <line number="160" hits="0" branch="true" condition-coverage="0% (0/2)">
                  <conditions>
                    <condition number="0" type="jump" coverage="0%"/>
                  </conditions>
                </line>
                <line number="161" hits="0" branch="true" condition-coverage="0% (0/2)">
                  <conditions>
                    <condition number="0" type="jump" coverage="0%"/>
                  </conditions>
                </line>
                <line number="162" hits="0" branch="true" condition-coverage="0% (0/2)">
                  <conditions>
                    <condition number="0" type="jump" coverage="0%"/>
                  </conditions>
                </line>
                <line number="163" hits="0" branch="true" condition-coverage="0% (0/2)">
                  <conditions>
                    <condition number="0" type="jump" coverage="0%"/>
                  </conditions>
                </line>
                <line number="164" hits="0" branch="true" condition-coverage="0% (0/4)">
                  <conditions>
                    <condition number="0" type="jump" coverage="0%"/>
                  </conditions>
                </line>
                <line number="165" hits="0" branch="true" condition-coverage="0% (0/4)">
                  <conditions>
                    <condition number="0" type="jump" coverage="0%"/>
                  </conditions>
                </line>
                <line number="166" hits="0" branch="false"/>
                <line number="167" hits="0" branch="false"/>
              </lines>
            </method>
            <method name="backend::JsonResponse" signature="(httplib::Response&amp;, nlohmann::json_abi_v3_11_3::basic_json&lt;std::map, std::vector, std::__cxx11::basic_string&lt;char, std::char_traits&lt;char&gt;, std::allocator&lt;char&gt; &gt;, bool, long long, unsigned long long, double, std::allocator, nlohmann::json_abi_v3_11_3::adl_serializer, std::vector&lt;unsigned char, std::allocator&lt;unsigned char&gt; &gt;, void&gt; const&amp;, int)" line-rate="0.0" branch-rate="0.0" complexity="0.0">
              <lines>
                <line number="169" hits="0" branch="false"/>
                <line number="171" hits="0" branch="false"/>
                <line number="172" hits="0" branch="true" condition-coverage="0% (0/6)">
                  <conditions>
                    <condition number="0" type="jump" coverage="0%"/>
                  </conditions>
                </line>
                <line number="173" hits="0" branch="true" condition-coverage="0% (0/6)">
                  <conditions>
                    <condition number="0" type="jump" coverage="0%"/>
                  </conditions>
                </line>
                <line number="174" hits="0" branch="false"/>
              </lines>
            </method>
          </methods>
          <lines>
            <line number="12" hits="15" branch="false"/>
            <line number="14" hits="15" branch="false"/>
            <line number="16" hits="15" branch="true" condition-coverage="50% (1/2)">
              <conditions>
                <condition number="0" type="jump" coverage="50%"/>
              </conditions>
            </line>
            <line number="18" hits="15" branch="true" condition-coverage="50% (3/6)">
              <conditions>
                <condition number="0" type="jump" coverage="50%"/>
              </conditions>
            </line>
            <line number="19" hits="15" branch="true" condition-coverage="50% (1/2)">
              <conditions>
                <condition number="0" type="jump" coverage="50%"/>
              </conditions>
            </line>
            <line number="20" hits="15" branch="true" condition-coverage="50% (1/2)">
              <conditions>
                <condition number="0" type="jump" coverage="50%"/>
              </conditions>
            </line>
            <line number="21" hits="15" branch="false"/>
            <line number="23" hits="0" branch="true" condition-coverage="0% (0/6)">
              <conditions>
                <condition number="0" type="jump" coverage="0%"/>
              </conditions>
            </line>
            <line number="24" hits="0" branch="true" condition-coverage="0% (0/2)">
              <conditions>
                <condition number="0" type="jump" coverage="0%"/>
              </conditions>
            </line>
            <line number="25" hits="0" branch="true" condition-coverage="0% (0/2)">
              <conditions>
                <condition number="0" type="jump" coverage="0%"/>
              </conditions>
            </line>
            <line number="26" hits="0" branch="false"/>
            <line number="28" hits="5" branch="false"/>
            <line number="30" hits="5" branch="true" condition-coverage="50% (4/8)">
              <conditions>
                <condition number="0" type="jump" coverage="50%"/>
              </conditions>
            </line>
            <line number="31" hits="5" branch="true" condition-coverage="50% (1/2)">
              <conditions>
                <condition number="0" type="jump" coverage="50%"/>
              </conditions>
            </line>
            <line number="32" hits="10" branch="true" condition-coverage="50% (1/2)">
              <conditions>
                <condition number="0" type="jump" coverage="50%"/>
              </conditions>
            </line>
            <line number="33" hits="5" branch="false"/>
            <line number="35" hits="6" branch="false"/>
            <line number="37" hits="6" branch="true" condition-coverage="50% (4/8)">
              <conditions>
                <condition number="0" type="jump" coverage="50%"/>
              </conditions>
            </line>
            <line number="38" hits="6" branch="true" condition-coverage="50% (1/2)">
              <conditions>
                <condition number="0" type="jump" coverage="50%"/>
              </conditions>
            </line>
            <line number="39" hits="12" branch="true" condition-coverage="50% (1/2)">
              <conditions>
                <condition number="0" type="jump" coverage="50%"/>
              </conditions>
            </line>
            <line number="40" hits="6" branch="false"/>
            <line number="42" hits="2" branch="false"/>
            <line number="44" hits="2" branch="true" condition-coverage="50% (4/8)">
              <conditions>
                <condition number="0" type="jump" coverage="50%"/>
              </conditions>
            </line>
            <line number="45" hits="2" branch="true" condition-coverage="50% (1/2)">
              <conditions>
                <condition number="0" type="jump" coverage="50%"/>
              </conditions>
            </line>
            <line number="46" hits="4" branch="true" condition-coverage="50% (1/2)">
              <conditions>
                <condition number="0" type="jump" coverage="50%"/>
              </conditions>
            </line>
            <line number="47" hits="2" branch="false"/>
            <line number="49" hits="3" branch="false"/>
            <line number="51" hits="3" branch="true" condition-coverage="50% (4/8)">
              <conditions>
                <condition number="0" type="jump" coverage="50%"/>
              </conditions>
            </line>
            <line number="52" hits="3" branch="true" condition-coverage="50% (1/2)">
              <conditions>
                <condition number="0" type="jump" coverage="50%"/>
              </conditions>
            </line>
            <line number="53" hits="6" branch="true" condition-coverage="50% (1/2)">
              <conditions>
                <condition number="0" type="jump" coverage="50%"/>
              </conditions>
            </line>
            <line number="54" hits="3" branch="false"/>
            <line number="56" hits="1" branch="false"/>
            <line number="58" hits="1" branch="true" condition-coverage="41% (5/12)">
              <conditions>
                <condition number="0" type="jump" coverage="41%"/>
              </conditions>
            </line>
            <line number="59" hits="1" branch="true" condition-coverage="37% (3/8)">
              <conditions>
                <condition number="0" type="jump" coverage="37%"/>
              </conditions>
            </line>
            <line number="60" hits="1" branch="true" condition-coverage="50% (1/2)">
              <conditions>
                <condition number="0" type="jump" coverage="50%"/>
              </conditions>
            </line>
            <line number="61" hits="1" branch="true" condition-coverage="50% (3/6)">
              <conditions>
                <condition number="0" type="jump" coverage="50%"/>
              </conditions>
            </line>
            <line number="62" hits="2" branch="true" condition-coverage="50% (1/2)">
              <conditions>
                <condition number="0" type="jump" coverage="50%"/>
              </conditions>
            </line>
            <line number="63" hits="1" branch="false"/>
            <line number="65" hits="5" branch="false"/>
            <line number="67" hits="5" branch="true" condition-coverage="50% (1/2)">
              <conditions>
                <condition number="0" type="jump" coverage="50%"/>
              </conditions>
            </line>
            <line number="69" hits="5" branch="true" condition-coverage="100% (2/2)">
              <conditions>
                <condition number="0" type="jump" coverage="100%"/>
              </conditions>
            </line>
            <line number="71" hits="2" branch="false"/>
            <line number="74" hits="3" branch="true" condition-coverage="50% (1/2)">
              <conditions>
                <condition number="0" type="jump" coverage="50%"/>
              </conditions>
            </line>
            <line number="75" hits="3" branch="true" condition-coverage="50% (1/2)">
              <conditions>
                <condition number="0" type="jump" coverage="50%"/>
              </conditions>
            </line>
            <line number="76" hits="3" branch="true" condition-coverage="50% (1/2)">
              <conditions>
                <condition number="0" type="jump" coverage="50%"/>
              </conditions>
            </line>
            <line number="77" hits="5" branch="false"/>
            <line number="79" hits="4" branch="false"/>
            <line number="81" hits="4" branch="true" condition-coverage="50% (1/2)">
              <conditions>
                <condition number="0" type="jump" coverage="50%"/>
              </conditions>
            </line>
            <line number="83" hits="4" branch="true" condition-coverage="50% (1/2)">
              <conditions>
                <condition number="0" type="jump" coverage="50%"/>
              </conditions>
            </line>
            <line number="85" hits="4" branch="true" condition-coverage="50% (2/4)">
              <conditions>
                <condition number="0" type="jump" coverage="50%"/>
              </conditions>
            </line>
            <line number="88" hits="4" branch="true" condition-coverage="50% (1/2)">
              <conditions>
                <condition number="0" type="jump" coverage="50%"/>
              </conditions>
            </line>
            <line number="90" hits="4" branch="true" condition-coverage="50% (1/2)">
              <conditions>
                <condition number="0" type="jump" coverage="50%"/>
              </conditions>
            </line>
            <line number="92" hits="0" branch="false"/>
            <line number="95" hits="4" branch="true" condition-coverage="50% (1/2)">
              <conditions>
                <condition number="0" type="jump" coverage="50%"/>
              </conditions>
            </line>
            <line number="96" hits="4" branch="false"/>
            <line number="97" hits="4" branch="false"/>
            <line number="99" hits="0" branch="false"/>
            <line number="101" hits="0" branch="true" condition-coverage="0% (0/4)">
              <conditions>
                <condition number="0" type="jump" coverage="0%"/>
              </conditions>
            </line>
            <line number="103" hits="0" branch="true" condition-coverage="0% (0/2)">
              <conditions>
                <condition number="0" type="jump" coverage="0%"/>
              </conditions>
            </line>
            <line number="105" hits="0" branch="false"/>
            <line number="108" hits="0" branch="true" condition-coverage="0% (0/2)">
              <conditions>
                <condition number="0" type="jump" coverage="0%"/>
              </conditions>
            </line>
            <line number="109" hits="0" branch="false"/>
            <line number="111" hits="0" branch="true" condition-coverage="0% (0/2)">
              <conditions>
                <condition number="0" type="jump" coverage="0%"/>
              </conditions>
            </line>
            <line number="113" hits="0" branch="false"/>
            <line number="116" hits="0" branch="false"/>
            <line number="118" hits="0" branch="true" condition-coverage="0% (0/2)">
              <conditions>
                <condition number="0" type="jump" coverage="0%"/>
              </conditions>
            </line>
            <line number="120" hits="0" branch="false"/>
            <line number="123" hits="0" branch="true" condition-coverage="0% (0/2)">
              <conditions>
                <condition number="0" type="jump" coverage="0%"/>
              </conditions>
            </line>
            <line number="125" hits="0" branch="true" condition-coverage="0% (0/2)">
              <conditions>
                <condition number="0" type="jump" coverage="0%"/>
              </conditions>
            </line>
            <line number="127" hits="0" branch="false"/>
            <line number="130" hits="0" branch="true" condition-coverage="0% (0/2)">
              <conditions>
                <condition number="0" type="jump" coverage="0%"/>
              </conditions>
            </line>
            <line number="131" hits="0" branch="false"/>
            <line number="133" hits="0" branch="false"/>
            <line number="135" hits="0" branch="false"/>
            <line number="136" hits="0" branch="true" condition-coverage="0% (0/4)">
              <conditions>
                <condition number="0" type="jump" coverage="0%"/>
              </conditions>
            </line>
            <line number="137" hits="0" branch="true" condition-coverage="0% (0/4)">
              <conditions>
                <condition number="0" type="jump" coverage="0%"/>
              </conditions>
            </line>
            <line number="138" hits="0" branch="false"/>
            <line number="139" hits="0" branch="false"/>
            <line number="141" hits="0" branch="false"/>
            <line number="143" hits="0" branch="false"/>
            <line number="144" hits="0" branch="true" condition-coverage="0% (0/4)">
              <conditions>
                <condition number="0" type="jump" coverage="0%"/>
              </conditions>
            </line>
            <line number="145" hits="0" branch="true" condition-coverage="0% (0/4)">
              <conditions>
                <condition number="0" type="jump" coverage="0%"/>
              </conditions>
            </line>
            <line number="146" hits="0" branch="true" condition-coverage="0% (0/4)">
              <conditions>
                <condition number="0" type="jump" coverage="0%"/>
              </conditions>
            </line>
            <line number="147" hits="0" branch="false"/>
            <line number="148" hits="0" branch="false"/>
            <line number="150" hits="0" branch="false"/>
            <line number="152" hits="0" branch="false"/>
            <line number="153" hits="0" branch="true" condition-coverage="0% (0/4)">
              <conditions>
                <condition number="0" type="jump" coverage="0%"/>
              </conditions>
            </line>
            <line number="154" hits="0" branch="true" condition-coverage="0% (0/4)">
              <conditions>
                <condition number="0" type="jump" coverage="0%"/>
              </conditions>
            </line>
            <line number="155" hits="0" branch="true" condition-coverage="0% (0/4)">
              <conditions>
                <condition number="0" type="jump" coverage="0%"/>
              </conditions>
            </line>
            <line number="156" hits="0" branch="true" condition-coverage="0% (0/14)">
              <conditions>
                <condition number="0" type="jump" coverage="0%"/>
              </conditions>
            </line>
            <line number="157" hits="0" branch="true" condition-coverage="0% (0/4)">
              <conditions>
                <condition number="0" type="jump" coverage="0%"/>
              </conditions>
            </line>
            <line number="158" hits="0" branch="true" condition-coverage="0% (0/4)">
              <conditions>
                <condition number="0" type="jump" coverage="0%"/>
              </conditions>
            </line>
            <line number="159" hits="0" branch="true" condition-coverage="0% (0/2)">
              <conditions>
                <condition number="0" type="jump" coverage="0%"/>
              </conditions>
            </line>
            <line number="160" hits="0" branch="true" condition-coverage="0% (0/2)">
              <conditions>
                <condition number="0" type="jump" coverage="0%"/>
              </conditions>
            </line>
            <line number="161" hits="0" branch="true" condition-coverage="0% (0/2)">
              <conditions>
                <condition number="0" type="jump" coverage="0%"/>
              </conditions>
            </line>
            <line number="162" hits="0" branch="true" condition-coverage="0% (0/2)">
              <conditions>
                <condition number="0" type="jump" coverage="0%"/>
              </conditions>
            </line>
            <line number="163" hits="0" branch="true" condition-coverage="0% (0/2)">
              <conditions>
                <condition number="0" type="jump" coverage="0%"/>
              </conditions>
            </line>
            <line number="164" hits="0" branch="true" condition-coverage="0% (0/4)">
              <conditions>
                <condition number="0" type="jump" coverage="0%"/>
              </conditions>
            </line>
            <line number="165" hits="0" branch="true" condition-coverage="0% (0/4)">
              <conditions>
                <condition number="0" type="jump" coverage="0%"/>
              </conditions>
            </line>
            <line number="166" hits="0" branch="false"/>
            <line number="167" hits="0" branch="false"/>
            <line number="169" hits="0" branch="false"/>
            <line number="171" hits="0" branch="false"/>
            <line number="172" hits="0" branch="true" condition-coverage="0% (0/6)">
              <conditions>
                <condition number="0" type="jump" coverage="0%"/>
              </conditions>
            </line>
            <line number="173" hits="0" branch="true" condition-coverage="0% (0/6)">
              <conditions>
                <condition number="0" type="jump" coverage="0%"/>
              </conditions>
            </line>
            <line number="174" hits="0" branch="false"/>
          </lines>
        </class>
      </classes>
    </package>
  </packages>
</coverage>
