TN:GCOVR_report
SF:C:/AIChecker/src/integration/HttpClient.h
VER:8f059986ed93123958268f33c3dd75ef
FN:20,integration::IHttpClient::~IHttpClient()
FNDA:0,integration::IHttpClient::~IHttpClient()
FN:30,integration::WinHttpClient::Get(std::__cxx11::basic_string<char, std::char_traits<char>, std::allocator<char> > const&, std::__cxx11::basic_string<char, std::char_traits<char>, std::allocator<char> > const&, std::__cxx11::basic_string<char, std::char_traits<char>, std::allocator<char> > const&, integration::HttpResponse&, std::__cxx11::basic_string<char, std::char_traits<char>, std::allocator<char> >&) const
FNDA:0,integration::WinHttpClient::Get(std::__cxx11::basic_string<char, std::char_traits<char>, std::allocator<char> > const&, std::__cxx11::basic_string<char, std::char_traits<char>, std::allocator<char> > const&, std::__cxx11::basic_string<char, std::char_traits<char>, std::allocator<char> > const&, integration::HttpResponse&, std::__cxx11::basic_string<char, std::char_traits<char>, std::allocator<char> >&) const
FN:122,integration::WinHttpClient::ToWide(std::__cxx11::basic_string<char, std::char_traits<char>, std::allocator<char> > const&)
FNDA:0,integration::WinHttpClient::ToWide(std::__cxx11::basic_string<char, std::char_traits<char>, std::allocator<char> > const&)
FNF:3
FNH:0
BRDA:43,2,0,-
BRDA:43,e2,1,-
BRDA:44,3,0,-
BRDA:44,3,1,-
BRDA:45,4,0,-
BRDA:45,e4,1,-
BRDA:49,6,0,-
BRDA:49,e6,1,-
BRDA:49,8,2,-
BRDA:49,e8,3,-
BRDA:50,10,0,-
BRDA:50,10,1,-
BRDA:51,11,0,-
BRDA:51,e11,1,-
BRDA:52,12,0,-
BRDA:52,e12,1,-
BRDA:56,14,0,-
BRDA:56,e14,1,-
BRDA:56,16,2,-
BRDA:56,e16,3,-
BRDA:57,18,0,-
BRDA:57,18,1,-
BRDA:58,19,0,-
BRDA:58,e19,1,-
BRDA:59,20,0,-
BRDA:59,e20,1,-
BRDA:60,21,0,-
BRDA:60,e21,1,-
BRDA:64,23,0,-
BRDA:64,e23,1,-
BRDA:64,24,2,-
BRDA:64,e24,3,-
BRDA:64,25,4,-
BRDA:64,e25,5,-
BRDA:65,29,0,-
BRDA:65,e29,1,-
BRDA:65,30,2,-
BRDA:65,30,3,-
BRDA:66,31,0,-
BRDA:66,e31,1,-
BRDA:67,32,0,-
BRDA:67,e32,1,-
BRDA:68,33,0,-
BRDA:68,e33,1,-
BRDA:69,34,0,-
BRDA:69,e34,1,-
BRDA:73,36,0,-
BRDA:73,e36,1,-
BRDA:74,37,0,-
BRDA:74,37,1,-
BRDA:75,38,0,-
BRDA:75,e38,1,-
BRDA:77,40,0,-
BRDA:77,40,1,-
BRDA:78,41,0,-
BRDA:78,e41,1,-
BRDA:79,42,0,-
BRDA:79,e42,1,-
BRDA:80,43,0,-
BRDA:80,e43,1,-
BRDA:81,44,0,-
BRDA:81,e44,1,-
BRDA:87,46,0,-
BRDA:87,e46,1,-
BRDA:93,49,0,-
BRDA:93,e49,1,-
BRDA:93,50,2,-
BRDA:93,50,3,-
BRDA:94,51,0,-
BRDA:94,e51,1,-
BRDA:98,53,0,-
BRDA:98,53,1,-
BRDA:102,57,0,-
BRDA:102,e57,1,-
BRDA:104,60,0,-
BRDA:104,e60,1,-
BRDA:104,61,2,-
BRDA:104,61,3,-
BRDA:105,62,0,-
BRDA:105,e62,1,-
BRDA:109,64,0,-
BRDA:109,e64,1,-
BRDA:110,65,0,-
BRDA:110,e65,1,-
BRDA:111,68,0,-
BRDA:111,68,1,-
BRDA:111,70,2,-
BRDA:111,70,3,-
BRDA:113,72,0,-
BRDA:113,e72,1,-
BRDA:114,73,0,-
BRDA:114,e73,1,-
BRDA:115,74,0,-
BRDA:115,e74,1,-
BRDA:123,3,0,-
BRDA:123,3,1,-
BRDA:124,6,0,-
BRDA:124,e6,1,-
BRDA:127,10,0,-
BRDA:127,e10,1,-
BRDA:128,11,0,-
BRDA:128,11,1,-
BRDA:129,14,0,-
BRDA:129,e14,1,-
BRDA:132,19,0,-
BRDA:132,e19,1,-
BRDA:133,23,0,-
BRDA:133,e23,1,-
BRDA:134,25,0,-
BRDA:134,25,1,-
BRDA:134,27,2,-
BRDA:134,27,3,-
BRDA:134,30,4,-
BRDA:134,30,5,-
BRF:114
BRH:0
DA:20,0,ff81d0e9a9433ddd164b22a74d59ce46
DA:30,0,44f2719a150c2f02dded46afee96c756
DA:43,0,7bad140b09e41e76240c00d5a619affe
DA:44,0,f099c20e661b2d8c569c0e86f49e1ff7
DA:45,0,05383dd636a74e1251d8d0bb3b3c3e48
DA:46,0,9e481f14524e8ad75f65dc36513c9e16
DA:49,0,147c91abab32539b227f2b46aa43cc16
DA:50,0,5e1c4316b77280084b1e1db5aaf0291e
DA:51,0,b30fc1b6c985f518f53a4be7165a288c
DA:52,0,5268145f32f47208c26bdf2489e8bc9a
DA:53,0,9e481f14524e8ad75f65dc36513c9e16
DA:56,0,febb9416b068ff337111ed14349b514f
DA:57,0,1a8836749e833b2b7a9f9fbdd89ef08c
DA:58,0,614cceabc681772ba1c7ba28c5406c97
DA:59,0,ae0286b8edc1d210ffbcaf5aeb007071
DA:60,0,5268145f32f47208c26bdf2489e8bc9a
DA:61,0,9e481f14524e8ad75f65dc36513c9e16
DA:64,0,2c84e033737350626c30068c905e69c4
DA:65,0,097737b633b31d50ecc3b757d68e3f0e
DA:66,0,5865a58a8dd7e5e52f19224daa7bfada
DA:67,0,6a08b006c30dbf93079fc9447fa7d6ff
DA:68,0,ae0286b8edc1d210ffbcaf5aeb007071
DA:69,0,5268145f32f47208c26bdf2489e8bc9a
DA:70,0,9e481f14524e8ad75f65dc36513c9e16
DA:73,0,5e5cd65e119714cbfe865af3e34575fa
DA:74,0,8986ebb14e68fbeda29a846d8ca9e612
DA:75,0,2138cea220dd3ddd397c5b22b6986b43
DA:77,0,1464668cd26a1a73f1e5d64c43576c46
DA:78,0,2b953e62dc49759b1f8bce384f8bda24
DA:79,0,6a08b006c30dbf93079fc9447fa7d6ff
DA:80,0,ae0286b8edc1d210ffbcaf5aeb007071
DA:81,0,5268145f32f47208c26bdf2489e8bc9a
DA:82,0,9e481f14524e8ad75f65dc36513c9e16
DA:85,0,02268df55b04d3344e89174c78d4587c
DA:86,0,bcc184901b0302199c1fc11e984a6b61
DA:87,0,a346c4845cd449e729cd511b541ca62e
DA:88,0,fd0153477e4a2e4b6c27c188584ed35d
DA:90,0,02fbd188595ee38f58be6da27b8aaaeb
DA:91,0,038d8489a72f125ea51e34b0a316b9be
DA:93,0,a2d6b8d7b86f44cafc16dcb7283ac7c4
DA:94,0,a9b2a398f6f65b307985297eba4ba971
DA:95,0,dc6448d69fbdca6059614e1c7ff8600c
DA:98,0,7651b4d741f8227e057cad98b2a28933
DA:99,0,dc6448d69fbdca6059614e1c7ff8600c
DA:102,0,a51e06ee7715a007f78dfadede978817
DA:103,0,5651b4009f8b7abe9fd4f39d2bd376f0
DA:104,0,4d91343a71e8c4b751e16c2d88c268dd
DA:105,0,d6d579d429ad459bf6066af7d984afae
DA:106,0,dc6448d69fbdca6059614e1c7ff8600c
DA:109,0,62bbfb3c98b064dad3ce11a47610adb3
DA:110,0,b107761a6b7df76f8476051ae3cf2c8b
DA:111,0,a2b98c1f35ec79715b3a12bce645ed81
DA:113,0,449136051bfe465ce98ce8779f99d026
DA:114,0,852036273c976fcbd234fa854e6706df
DA:115,0,da324d2f9bc4421601da67577705ef23
DA:116,0,da1df19a69c6557ee1c2015d28852f3f
DA:118,0,ea5a1cbe764918679997181a3ea281d3
DA:122,0,df6e6734906e7fb5f306f94fb128a8e9
DA:123,0,77eb1506f4fa09fb4a38bdd4f1a0b73e
DA:124,0,a5998bd498f292029cbc0d2b9fbaa284
DA:127,0,803e8e698f5f4c8088a369a7780aa78b
DA:128,0,a62cd2355e21f6b951a720bdbf6c8360
DA:129,0,a5998bd498f292029cbc0d2b9fbaa284
DA:132,0,75ebbbb54c7474fd2aa004ddfa7672e4
DA:133,0,c11e7e210d6a6e77ecadc4ef01569cbd
DA:134,0,40c57a56b1750eafda68efb2566f5d9e
DA:135,0,752a7c5f8625299b5ce5bd84f655f461
DA:137,0,d637d7f0979010e87f84a3b10b7126cf
DA:138,0,ea5a1cbe764918679997181a3ea281d3
LH:0
LF:69
end_of_record
SF:C:/AIChecker/src/main.cpp
VER:406948e9003b2e01292912b86e0fe814
FN:3,main
FNDA:0,main
FNF:1
FNH:0
BRDA:6,2,0,-
BRDA:6,e2,1,-
BRF:2
BRH:0
DA:3,0,ff58c902bd980c805af25516caa93c76
DA:6,0,cfa019ecc66c20bd999b850b3470ebcd
DA:7,0,7483dc5d2ba8642b2a3fed7915b6f508
LH:0
LF:3
end_of_record
SF:C:/AIChecker/src/server/Api.cpp
VER:175f782fa99f8d0ceff497092f978aaf
FN:15,backend::(anonymous namespace)::ResolveSiteRoot()
FNDA:0,backend::(anonymous namespace)::ResolveSiteRoot()
FN:35,backend::WebApiApp::Run(int)
FNDA:0,backend::WebApiApp::Run(int)
FNF:2
FNH:0
BRDA:17,2,0,-
BRDA:17,e2,1,-
BRDA:17,3,2,-
BRDA:17,e3,3,-
BRDA:17,4,4,-
BRDA:17,e4,5,-
BRDA:19,7,0,-
BRDA:19,e7,1,-
BRDA:19,8,2,-
BRDA:19,e8,3,-
BRDA:19,9,4,-
BRDA:19,e9,5,-
BRDA:19,12,6,-
BRDA:19,12,7,-
BRDA:21,13,0,-
BRDA:21,e13,1,-
BRDA:24,15,0,-
BRDA:24,e15,1,-
BRDA:24,16,2,-
BRDA:24,e16,3,-
BRDA:24,17,4,-
BRDA:24,e17,5,-
BRDA:24,18,6,-
BRDA:24,e18,7,-
BRDA:26,22,0,-
BRDA:26,e22,1,-
BRDA:26,23,2,-
BRDA:26,e23,3,-
BRDA:26,24,4,-
BRDA:26,e24,5,-
BRDA:26,27,6,-
BRDA:26,27,7,-
BRDA:28,28,0,-
BRDA:28,e28,1,-
BRDA:31,30,0,-
BRDA:31,e30,1,-
BRDA:37,2,0,-
BRDA:37,e2,1,-
BRDA:38,3,0,-
BRDA:38,e3,1,-
BRDA:38,4,2,-
BRDA:38,e4,3,-
BRDA:42,6,0,-
BRDA:42,e6,1,-
BRDA:45,7,0,-
BRDA:45,e7,1,-
BRDA:45,8,2,-
BRDA:45,e8,3,-
BRDA:45,9,4,-
BRDA:45,e9,5,-
BRDA:45,10,6,-
BRDA:45,e10,7,-
BRDA:45,11,8,-
BRDA:45,e11,9,-
BRDA:52,26,0,-
BRDA:52,e26,1,-
BRDA:52,29,2,-
BRDA:52,29,3,-
BRDA:52,82,4,-
BRDA:52,82,5,-
BRDA:65,38,0,-
BRDA:65,e38,1,-
BRDA:66,42,0,-
BRDA:66,e42,1,-
BRDA:66,43,2,-
BRDA:66,e43,3,-
BRDA:68,47,0,-
BRDA:68,e47,1,-
BRDA:69,48,0,-
BRDA:69,e48,1,-
BRDA:70,49,0,-
BRDA:70,e49,1,-
BRDA:71,50,0,-
BRDA:71,e50,1,-
BRDA:73,53,0,-
BRDA:73,e53,1,-
BRDA:73,54,2,-
BRDA:73,e54,3,-
BRDA:74,18,0,-
BRDA:74,e18,1,-
BRDA:74,19,2,-
BRDA:74,e19,3,-
BRDA:74,20,4,-
BRDA:74,e20,5,-
BRDA:74,21,6,-
BRDA:74,e21,7,-
BRDA:74,22,8,-
BRDA:74,e22,9,-
BRDA:74,23,10,-
BRDA:74,e23,11,-
BRDA:74,31,12,-
BRDA:74,31,13,-
BRDA:74,33,14,-
BRDA:74,33,15,-
BRDA:74,35,16,-
BRDA:74,35,17,-
BRDA:74,85,18,-
BRDA:74,85,19,-
BRDA:74,88,20,-
BRDA:74,88,21,-
BRDA:74,91,22,-
BRDA:74,91,23,-
BRDA:74,97,24,-
BRDA:74,97,25,-
BRDA:74,99,26,-
BRDA:74,99,27,-
BRF:106
BRH:0
DA:15,0,3fff0835003887073d4c53c101574bd3
DA:17,0,90cbffef7a4fda92fe9d144e5ab26c42
DA:19,0,9ab73715960633eb820a2ea00a07e371
DA:21,0,04f4b6f31d169531a1e21d5035b26d70
DA:24,0,4376876ffab75b8cce1f0ef8142ba722
DA:26,0,494fb20ae6b2b02c9e9589b4e0db31ca
DA:28,0,ce7cebbe08766639a72a38016b50652c
DA:31,0,a66d2f283958b86fbb3d5110ae60fcc7
DA:32,0,e82f3e56d2a6718da3f068e5e6f91343
DA:35,0,fb6ecdcabe2514f41bf616e199042f4e
DA:37,0,f9da4768d5a8fbb6be7b42c03296a2a5
DA:38,0,338ba4d7765f506f2e65081f6574fce8
DA:42,0,dd7e57a8e65335f68eec83a6f14a43a5
DA:45,0,4703fa0a3ad41eeed016187a2c869891
DA:49,0,561b9d4130eafe35b161164aad222ac5
DA:52,0,4b1a95b5c792d588bddd22edf8c4cc41
DA:63,0,4b1a95b5c792d588bddd22edf8c4cc41
DA:65,0,cf9e1d462517dd58909a41bc52da5dcc
DA:66,0,0de3a33ea9c2f876c5be9ec03e74915b
DA:68,0,23d1a05128ebe9c61d2e999150cb1f6b
DA:69,0,f2d09a917978b2b928e59a6614744df1
DA:70,0,7b709ccfa0ce35528d779ae22105ec18
DA:71,0,b1c54cbbcc53d7a6a1b9f46f1ad3e599
DA:73,0,556d28d100875a7674d4592b719d4091
DA:74,0,68e4fcd72e87ba52e753d0af1b16fc7d
LH:0
LF:25
end_of_record
SF:C:/AIChecker/src/server/Controllers.cpp
VER:910d30d5611d28b9c5b164ca1f7cc3f2
FN:25,backend::(anonymous namespace)::LoadGoogleClientId()
FNDA:0,backend::(anonymous namespace)::LoadGoogleClientId()
FN:80,backend::(anonymous namespace)::FetchGoogleProfile(std::__cxx11::basic_string<char, std::char_traits<char>, std::allocator<char> > const&, std::__cxx11::basic_string<char, std::char_traits<char>, std::allocator<char> >&, std::__cxx11::basic_string<char, std::char_traits<char>, std::allocator<char> >&)
FNDA:0,backend::(anonymous namespace)::FetchGoogleProfile(std::__cxx11::basic_string<char, std::char_traits<char>, std::allocator<char> > const&, std::__cxx11::basic_string<char, std::char_traits<char>, std::allocator<char> >&, std::__cxx11::basic_string<char, std::char_traits<char>, std::allocator<char> >&)
FN:112,backend::(anonymous namespace)::ClassroomGetJson(std::__cxx11::basic_string<char, std::char_traits<char>, std::allocator<char> > const&, std::__cxx11::basic_string<char, std::char_traits<char>, std::allocator<char> > const&, nlohmann::json_abi_v3_11_3::basic_json<std::map, std::vector, std::__cxx11::basic_string<char, std::char_traits<char>, std::allocator<char> >, bool, long long, unsigned long long, double, std::allocator, nlohmann::json_abi_v3_11_3::adl_serializer, std::vector<unsigned char, std::allocator<unsigned char> >, void>&, std::__cxx11::basic_string<char, std::char_traits<char>, std::allocator<char> >&)
FNDA:0,backend::(anonymous namespace)::ClassroomGetJson(std::__cxx11::basic_string<char, std::char_traits<char>, std::allocator<char> > const&, std::__cxx11::basic_string<char, std::char_traits<char>, std::allocator<char> > const&, nlohmann::json_abi_v3_11_3::basic_json<std::map, std::vector, std::__cxx11::basic_string<char, std::char_traits<char>, std::allocator<char> >, bool, long long, unsigned long long, double, std::allocator, nlohmann::json_abi_v3_11_3::adl_serializer, std::vector<unsigned char, std::allocator<unsigned char> >, void>&, std::__cxx11::basic_string<char, std::char_traits<char>, std::allocator<char> >&)
FN:141,backend::(anonymous namespace)::ClassroomGetUserEmail(std::__cxx11::basic_string<char, std::char_traits<char>, std::allocator<char> > const&, std::__cxx11::basic_string<char, std::char_traits<char>, std::allocator<char> > const&)
FNDA:0,backend::(anonymous namespace)::ClassroomGetUserEmail(std::__cxx11::basic_string<char, std::char_traits<char>, std::allocator<char> > const&, std::__cxx11::basic_string<char, std::char_traits<char>, std::allocator<char> > const&)
FN:162,backend::(anonymous namespace)::ToWide(std::__cxx11::basic_string<char, std::char_traits<char>, std::allocator<char> > const&)
FNDA:0,backend::(anonymous namespace)::ToWide(std::__cxx11::basic_string<char, std::char_traits<char>, std::allocator<char> > const&)
FN:187,backend::(anonymous namespace)::ClassroomPatchJson(std::__cxx11::basic_string<char, std::char_traits<char>, std::allocator<char> > const&, std::__cxx11::basic_string<char, std::char_traits<char>, std::allocator<char> > const&, nlohmann::json_abi_v3_11_3::basic_json<std::map, std::vector, std::__cxx11::basic_string<char, std::char_traits<char>, std::allocator<char> >, bool, long long, unsigned long long, double, std::allocator, nlohmann::json_abi_v3_11_3::adl_serializer, std::vector<unsigned char, std::allocator<unsigned char> >, void> const&, std::__cxx11::basic_string<char, std::char_traits<char>, std::allocator<char> >&)
FNDA:0,backend::(anonymous namespace)::ClassroomPatchJson(std::__cxx11::basic_string<char, std::char_traits<char>, std::allocator<char> > const&, std::__cxx11::basic_string<char, std::char_traits<char>, std::allocator<char> > const&, nlohmann::json_abi_v3_11_3::basic_json<std::map, std::vector, std::__cxx11::basic_string<char, std::char_traits<char>, std::allocator<char> >, bool, long long, unsigned long long, double, std::allocator, nlohmann::json_abi_v3_11_3::adl_serializer, std::vector<unsigned char, std::allocator<unsigned char> >, void> const&, std::__cxx11::basic_string<char, std::char_traits<char>, std::allocator<char> >&)
FN:270,backend::(anonymous namespace)::Base64UrlEncode(std::__cxx11::basic_string<char, std::char_traits<char>, std::allocator<char> > const&)
FNDA:0,backend::(anonymous namespace)::Base64UrlEncode(std::__cxx11::basic_string<char, std::char_traits<char>, std::allocator<char> > const&)
FN:313,backend::(anonymous namespace)::GmailSendMessage(std::__cxx11::basic_string<char, std::char_traits<char>, std::allocator<char> > const&, std::__cxx11::basic_string<char, std::char_traits<char>, std::allocator<char> > const&, std::__cxx11::basic_string<char, std::char_traits<char>, std::allocator<char> > const&, std::__cxx11::basic_string<char, std::char_traits<char>, std::allocator<char> > const&, std::__cxx11::basic_string<char, std::char_traits<char>, std::allocator<char> >&)
FNDA:0,backend::(anonymous namespace)::GmailSendMessage(std::__cxx11::basic_string<char, std::char_traits<char>, std::allocator<char> > const&, std::__cxx11::basic_string<char, std::char_traits<char>, std::allocator<char> > const&, std::__cxx11::basic_string<char, std::char_traits<char>, std::allocator<char> > const&, std::__cxx11::basic_string<char, std::char_traits<char>, std::allocator<char> > const&, std::__cxx11::basic_string<char, std::char_traits<char>, std::allocator<char> >&)
FN:414,backend::(anonymous namespace)::EscapeSingleQuotes(std::__cxx11::basic_string<char, std::char_traits<char>, std::allocator<char> >)
FNDA:0,backend::(anonymous namespace)::EscapeSingleQuotes(std::__cxx11::basic_string<char, std::char_traits<char>, std::allocator<char> >)
FN:427,backend::(anonymous namespace)::MakeTaskId(std::__cxx11::basic_string<char, std::char_traits<char>, std::allocator<char> > const&, std::__cxx11::basic_string<char, std::char_traits<char>, std::allocator<char> > const&)
FNDA:0,backend::(anonymous namespace)::MakeTaskId(std::__cxx11::basic_string<char, std::char_traits<char>, std::allocator<char> > const&, std::__cxx11::basic_string<char, std::char_traits<char>, std::allocator<char> > const&)
FN:432,backend::(anonymous namespace)::SplitTaskId(std::__cxx11::basic_string<char, std::char_traits<char>, std::allocator<char> > const&, std::__cxx11::basic_string<char, std::char_traits<char>, std::allocator<char> >&, std::__cxx11::basic_string<char, std::char_traits<char>, std::allocator<char> >&)
FNDA:0,backend::(anonymous namespace)::SplitTaskId(std::__cxx11::basic_string<char, std::char_traits<char>, std::allocator<char> > const&, std::__cxx11::basic_string<char, std::char_traits<char>, std::allocator<char> >&, std::__cxx11::basic_string<char, std::char_traits<char>, std::allocator<char> >&)
FN:446,backend::(anonymous namespace)::ExtractGithubUrl(nlohmann::json_abi_v3_11_3::basic_json<std::map, std::vector, std::__cxx11::basic_string<char, std::char_traits<char>, std::allocator<char> >, bool, long long, unsigned long long, double, std::allocator, nlohmann::json_abi_v3_11_3::adl_serializer, std::vector<unsigned char, std::allocator<unsigned char> >, void> const&)
FNDA:0,backend::(anonymous namespace)::ExtractGithubUrl(nlohmann::json_abi_v3_11_3::basic_json<std::map, std::vector, std::__cxx11::basic_string<char, std::char_traits<char>, std::allocator<char> >, bool, long long, unsigned long long, double, std::allocator, nlohmann::json_abi_v3_11_3::adl_serializer, std::vector<unsigned char, std::allocator<unsigned char> >, void> const&)
FN:502,backend::(anonymous namespace)::NormalizeSubmissionStatus(std::__cxx11::basic_string<char, std::char_traits<char>, std::allocator<char> > const&)
FNDA:0,backend::(anonymous namespace)::NormalizeSubmissionStatus(std::__cxx11::basic_string<char, std::char_traits<char>, std::allocator<char> > const&)
FN:505,backend::(anonymous namespace)::NormalizeSubmissionStatus(std::__cxx11::basic_string<char, std::char_traits<char>, std::allocator<char> > const&)::{lambda(unsigned char)#1}::operator()(unsigned char) const
FNDA:0,backend::(anonymous namespace)::NormalizeSubmissionStatus(std::__cxx11::basic_string<char, std::char_traits<char>, std::allocator<char> > const&)::{lambda(unsigned char)#1}::operator()(unsigned char) const
FN:518,backend::(anonymous namespace)::RequireAuth(httplib::Request const&, backend::LocalSessionStore&)
FNDA:0,backend::(anonymous namespace)::RequireAuth(httplib::Request const&, backend::LocalSessionStore&)
FN:530,backend::(anonymous namespace)::TryParseBody(httplib::Request const&, nlohmann::json_abi_v3_11_3::basic_json<std::map, std::vector, std::__cxx11::basic_string<char, std::char_traits<char>, std::allocator<char> >, bool, long long, unsigned long long, double, std::allocator, nlohmann::json_abi_v3_11_3::adl_serializer, std::vector<unsigned char, std::allocator<unsigned char> >, void>&)
FNDA:0,backend::(anonymous namespace)::TryParseBody(httplib::Request const&, nlohmann::json_abi_v3_11_3::basic_json<std::map, std::vector, std::__cxx11::basic_string<char, std::char_traits<char>, std::allocator<char> >, bool, long long, unsigned long long, double, std::allocator, nlohmann::json_abi_v3_11_3::adl_serializer, std::vector<unsigned char, std::allocator<unsigned char> >, void>&)
FN:543,backend::(anonymous namespace)::BuildSubmissionReportText(backend::SubmissionItem const&)
FNDA:0,backend::(anonymous namespace)::BuildSubmissionReportText(backend::SubmissionItem const&)
FN:560,backend::(anonymous namespace)::SafeFileName(std::__cxx11::basic_string<char, std::char_traits<char>, std::allocator<char> >)
FNDA:0,backend::(anonymous namespace)::SafeFileName(std::__cxx11::basic_string<char, std::char_traits<char>, std::allocator<char> >)
FN:579,backend::RegisterSystemRoutes(httplib::Server&, std::__cxx11::basic_string<char, std::char_traits<char>, std::allocator<char> > const&)
FNDA:0,backend::RegisterSystemRoutes(httplib::Server&, std::__cxx11::basic_string<char, std::char_traits<char>, std::allocator<char> > const&)
FN:581,backend::RegisterSystemRoutes(httplib::Server&, std::__cxx11::basic_string<char, std::char_traits<char>, std::allocator<char> > const&)::{lambda(httplib::Request const&, httplib::Response&)#1}::operator()(httplib::Request const&, httplib::Response&) const
FNDA:0,backend::RegisterSystemRoutes(httplib::Server&, std::__cxx11::basic_string<char, std::char_traits<char>, std::allocator<char> > const&)::{lambda(httplib::Request const&, httplib::Response&)#1}::operator()(httplib::Request const&, httplib::Response&) const
FN:589,backend::RegisterSystemRoutes(httplib::Server&, std::__cxx11::basic_string<char, std::char_traits<char>, std::allocator<char> > const&)::{lambda(httplib::Request const&, httplib::Response&)#2}::operator()(httplib::Request const&, httplib::Response&) const
FNDA:0,backend::RegisterSystemRoutes(httplib::Server&, std::__cxx11::basic_string<char, std::char_traits<char>, std::allocator<char> > const&)::{lambda(httplib::Request const&, httplib::Response&)#2}::operator()(httplib::Request const&, httplib::Response&) const
FN:604,backend::RegisterAuthRoutes(httplib::Server&, backend::ApiDependencies&)
FNDA:0,backend::RegisterAuthRoutes(httplib::Server&, backend::ApiDependencies&)
FN:606,backend::RegisterAuthRoutes(httplib::Server&, backend::ApiDependencies&)::{lambda(httplib::Request const&, httplib::Response&)#1}::operator()(httplib::Request const&, httplib::Response&) const
FNDA:0,backend::RegisterAuthRoutes(httplib::Server&, backend::ApiDependencies&)::{lambda(httplib::Request const&, httplib::Response&)#1}::operator()(httplib::Request const&, httplib::Response&) const
FN:615,backend::RegisterAuthRoutes(httplib::Server&, backend::ApiDependencies&)::{lambda(httplib::Request const&, httplib::Response&)#2}::operator()(httplib::Request const&, httplib::Response&) const
FNDA:0,backend::RegisterAuthRoutes(httplib::Server&, backend::ApiDependencies&)::{lambda(httplib::Request const&, httplib::Response&)#2}::operator()(httplib::Request const&, httplib::Response&) const
FN:651,backend::RegisterAuthRoutes(httplib::Server&, backend::ApiDependencies&)::{lambda(httplib::Request const&, httplib::Response&)#3}::operator()(httplib::Request const&, httplib::Response&) const
FNDA:0,backend::RegisterAuthRoutes(httplib::Server&, backend::ApiDependencies&)::{lambda(httplib::Request const&, httplib::Response&)#3}::operator()(httplib::Request const&, httplib::Response&) const
FN:668,backend::RegisterAuthRoutes(httplib::Server&, backend::ApiDependencies&)::{lambda(httplib::Request const&, httplib::Response&)#4}::operator()(httplib::Request const&, httplib::Response&) const
FNDA:0,backend::RegisterAuthRoutes(httplib::Server&, backend::ApiDependencies&)::{lambda(httplib::Request const&, httplib::Response&)#4}::operator()(httplib::Request const&, httplib::Response&) const
FN:679,backend::RegisterAuthRoutes(httplib::Server&, backend::ApiDependencies&)::{lambda(httplib::Request const&, httplib::Response&)#4}::operator()(httplib::Request const&, httplib::Response&) const::{lambda(backend::GoogleAccount const&)#1}::operator()(backend::GoogleAccount const&) const
FNDA:0,backend::RegisterAuthRoutes(httplib::Server&, backend::ApiDependencies&)::{lambda(httplib::Request const&, httplib::Response&)#4}::operator()(httplib::Request const&, httplib::Response&) const::{lambda(backend::GoogleAccount const&)#1}::operator()(backend::GoogleAccount const&) const
FN:695,backend::RegisterAuthRoutes(httplib::Server&, backend::ApiDependencies&)::{lambda(httplib::Request const&, httplib::Response&)#5}::operator()(httplib::Request const&, httplib::Response&) const
FNDA:0,backend::RegisterAuthRoutes(httplib::Server&, backend::ApiDependencies&)::{lambda(httplib::Request const&, httplib::Response&)#5}::operator()(httplib::Request const&, httplib::Response&) const
FN:714,backend::RegisterAuthRoutes(httplib::Server&, backend::ApiDependencies&)::{lambda(httplib::Request const&, httplib::Response&)#6}::operator()(httplib::Request const&, httplib::Response&) const
FNDA:0,backend::RegisterAuthRoutes(httplib::Server&, backend::ApiDependencies&)::{lambda(httplib::Request const&, httplib::Response&)#6}::operator()(httplib::Request const&, httplib::Response&) const
FN:728,backend::RegisterClassroomRoutes(httplib::Server&, backend::ApiDependencies&)
FNDA:0,backend::RegisterClassroomRoutes(httplib::Server&, backend::ApiDependencies&)
FN:730,backend::RegisterClassroomRoutes(httplib::Server&, backend::ApiDependencies&)::{lambda(httplib::Request const&, httplib::Response&)#1}::operator()(httplib::Request const&, httplib::Response&) const
FNDA:0,backend::RegisterClassroomRoutes(httplib::Server&, backend::ApiDependencies&)::{lambda(httplib::Request const&, httplib::Response&)#1}::operator()(httplib::Request const&, httplib::Response&) const
FN:784,backend::RegisterClassroomRoutes(httplib::Server&, backend::ApiDependencies&)::{lambda(httplib::Request const&, httplib::Response&)#2}::operator()(httplib::Request const&, httplib::Response&) const
FNDA:0,backend::RegisterClassroomRoutes(httplib::Server&, backend::ApiDependencies&)::{lambda(httplib::Request const&, httplib::Response&)#2}::operator()(httplib::Request const&, httplib::Response&) const
FN:843,backend::RegisterClassroomRoutes(httplib::Server&, backend::ApiDependencies&)::{lambda(httplib::Request const&, httplib::Response&)#3}::operator()(httplib::Request const&, httplib::Response&) const
FNDA:0,backend::RegisterClassroomRoutes(httplib::Server&, backend::ApiDependencies&)::{lambda(httplib::Request const&, httplib::Response&)#3}::operator()(httplib::Request const&, httplib::Response&) const
FN:900,backend::RegisterClassroomRoutes(httplib::Server&, backend::ApiDependencies&)::{lambda(httplib::Request const&, httplib::Response&)#4}::operator()(httplib::Request const&, httplib::Response&) const
FNDA:0,backend::RegisterClassroomRoutes(httplib::Server&, backend::ApiDependencies&)::{lambda(httplib::Request const&, httplib::Response&)#4}::operator()(httplib::Request const&, httplib::Response&) const
FN:1025,backend::RegisterClassroomRoutes(httplib::Server&, backend::ApiDependencies&)::{lambda(httplib::Request const&, httplib::Response&)#5}::operator()(httplib::Request const&, httplib::Response&) const
FNDA:0,backend::RegisterClassroomRoutes(httplib::Server&, backend::ApiDependencies&)::{lambda(httplib::Request const&, httplib::Response&)#5}::operator()(httplib::Request const&, httplib::Response&) const
FN:1042,backend::RegisterClassroomRoutes(httplib::Server&, backend::ApiDependencies&)::{lambda(httplib::Request const&, httplib::Response&)#6}::operator()(httplib::Request const&, httplib::Response&) const
FNDA:0,backend::RegisterClassroomRoutes(httplib::Server&, backend::ApiDependencies&)::{lambda(httplib::Request const&, httplib::Response&)#6}::operator()(httplib::Request const&, httplib::Response&) const
FN:1125,backend::RegisterClassroomRoutes(httplib::Server&, backend::ApiDependencies&)::{lambda(httplib::Request const&, httplib::Response&)#7}::operator()(httplib::Request const&, httplib::Response&) const
FNDA:0,backend::RegisterClassroomRoutes(httplib::Server&, backend::ApiDependencies&)::{lambda(httplib::Request const&, httplib::Response&)#7}::operator()(httplib::Request const&, httplib::Response&) const
FN:1198,backend::RegisterClassroomRoutes(httplib::Server&, backend::ApiDependencies&)::{lambda(httplib::Request const&, httplib::Response&)#8}::operator()(httplib::Request const&, httplib::Response&) const
FNDA:0,backend::RegisterClassroomRoutes(httplib::Server&, backend::ApiDependencies&)::{lambda(httplib::Request const&, httplib::Response&)#8}::operator()(httplib::Request const&, httplib::Response&) const
FN:1249,backend::RegisterClassroomRoutes(httplib::Server&, backend::ApiDependencies&)::{lambda(httplib::Request const&, httplib::Response&)#9}::operator()(httplib::Request const&, httplib::Response&) const
FNDA:0,backend::RegisterClassroomRoutes(httplib::Server&, backend::ApiDependencies&)::{lambda(httplib::Request const&, httplib::Response&)#9}::operator()(httplib::Request const&, httplib::Response&) const
FN:1276,backend::RegisterReviewRoutes(httplib::Server&, backend::ApiDependencies&)
FNDA:0,backend::RegisterReviewRoutes(httplib::Server&, backend::ApiDependencies&)
FN:1278,backend::RegisterReviewRoutes(httplib::Server&, backend::ApiDependencies&)::{lambda(httplib::Request const&, httplib::Response&)#1}::operator()(httplib::Request const&, httplib::Response&) const
FNDA:0,backend::RegisterReviewRoutes(httplib::Server&, backend::ApiDependencies&)::{lambda(httplib::Request const&, httplib::Response&)#1}::operator()(httplib::Request const&, httplib::Response&) const
FN:1311,backend::RegisterReviewRoutes(httplib::Server&, backend::ApiDependencies&)::{lambda(httplib::Request const&, httplib::Response&)#2}::operator()(httplib::Request const&, httplib::Response&) const
FNDA:0,backend::RegisterReviewRoutes(httplib::Server&, backend::ApiDependencies&)::{lambda(httplib::Request const&, httplib::Response&)#2}::operator()(httplib::Request const&, httplib::Response&) const
FN:1341,backend::RegisterReviewRoutes(httplib::Server&, backend::ApiDependencies&)::{lambda(httplib::Request const&, httplib::Response&)#3}::operator()(httplib::Request const&, httplib::Response&) const
FNDA:0,backend::RegisterReviewRoutes(httplib::Server&, backend::ApiDependencies&)::{lambda(httplib::Request const&, httplib::Response&)#3}::operator()(httplib::Request const&, httplib::Response&) const
FN:1374,backend::RegisterReviewRoutes(httplib::Server&, backend::ApiDependencies&)::{lambda(httplib::Request const&, httplib::Response&)#4}::operator()(httplib::Request const&, httplib::Response&) const
FNDA:0,backend::RegisterReviewRoutes(httplib::Server&, backend::ApiDependencies&)::{lambda(httplib::Request const&, httplib::Response&)#4}::operator()(httplib::Request const&, httplib::Response&) const
FNF:44
FNH:0
BRDA:28,3,0,-
BRDA:28,e3,1,-
BRDA:28,4,2,-
BRDA:28,e4,3,-
BRDA:28,5,4,-
BRDA:28,e5,5,-
BRDA:28,6,6,-
BRDA:28,e6,7,-
BRDA:28,7,8,-
BRDA:28,e7,9,-
BRDA:29,10,0,-
BRDA:29,e10,1,-
BRDA:29,11,2,-
BRDA:29,e11,3,-
BRDA:29,12,4,-
BRDA:29,e12,5,-
BRDA:29,13,6,-
BRDA:29,e13,7,-
BRDA:29,14,8,-
BRDA:29,e14,9,-
BRDA:29,15,10,-
BRDA:29,e15,11,-
BRDA:30,19,0,-
BRDA:30,e19,1,-
BRDA:30,22,2,-
BRDA:30,22,3,-
BRDA:30,121,4,-
BRDA:30,121,5,-
BRDA:34,59,0,-
BRDA:34,59,1,-
BRDA:36,42,0,-
BRDA:36,e42,1,-
BRDA:36,43,2,-
BRDA:36,e43,3,-
BRDA:38,48,0,-
BRDA:38,48,1,-
BRDA:44,61,0,-
BRDA:44,61,1,-
BRDA:51,64,0,-
BRDA:51,e64,1,-
BRDA:53,66,0,-
BRDA:53,e66,1,-
BRDA:53,67,2,-
BRDA:53,67,3,-
BRDA:53,68,4,-
BRDA:53,e68,5,-
BRDA:53,70,6,-
BRDA:53,70,7,-
BRDA:53,73,8,-
BRDA:53,73,9,-
BRDA:55,74,0,-
BRDA:55,e74,1,-
BRDA:55,75,2,-
BRDA:55,e75,3,-
BRDA:57,77,0,-
BRDA:57,77,1,-
BRDA:59,78,0,-
BRDA:59,e78,1,-
BRDA:61,82,0,-
BRDA:61,82,1,-
BRDA:63,86,0,-
BRDA:63,e86,1,-
BRDA:63,87,2,-
BRDA:63,87,3,-
BRDA:63,88,4,-
BRDA:63,e88,5,-
BRDA:63,90,6,-
BRDA:63,90,7,-
BRDA:63,93,8,-
BRDA:63,93,9,-
BRDA:65,94,0,-
BRDA:65,e94,1,-
BRDA:65,95,2,-
BRDA:65,e95,3,-
BRDA:67,97,0,-
BRDA:67,97,1,-
BRDA:69,98,0,-
BRDA:69,e98,1,-
BRDA:71,102,0,-
BRDA:71,102,1,-
BRDA:72,108,0,-
BRDA:72,108,1,-
BRDA:75,188,0,-
BRDA:75,e188,1,-
BRDA:78,2,0,-
BRDA:78,e2,1,-
BRDA:78,8,2,-
BRDA:78,e8,3,-
BRDA:78,9,4,-
BRDA:78,e9,5,-
BRDA:78,16,6,-
BRDA:78,e16,7,-
BRDA:78,163,8,-
BRDA:78,163,9,-
BRDA:78,165,10,-
BRDA:78,165,11,-
BRDA:86,6,0,-
BRDA:86,e6,1,-
BRDA:86,9,2,-
BRDA:86,e9,3,-
BRDA:86,10,4,-
BRDA:86,e10,5,-
BRDA:88,15,0,-
BRDA:88,15,1,-
BRDA:88,16,2,-
BRDA:88,16,3,-
BRDA:88,17,4,-
BRDA:88,17,5,-
BRDA:95,20,0,-
BRDA:95,e20,1,-
BRDA:96,22,0,-
BRDA:96,e22,1,-
BRDA:97,25,0,-
BRDA:97,e25,1,-
BRDA:99,29,0,-
BRDA:99,29,1,-
BRDA:101,30,0,-
BRDA:101,e30,1,-
BRDA:107,61,0,-
BRDA:107,e61,1,-
BRDA:117,5,0,-
BRDA:117,e5,1,-
BRDA:117,6,2,-
BRDA:117,e6,3,-
BRDA:117,9,4,-
BRDA:117,9,5,-
BRDA:122,11,0,-
BRDA:122,11,1,-
BRDA:122,12,2,-
BRDA:122,12,3,-
BRDA:124,14,0,-
BRDA:124,e14,1,-
BRDA:130,20,0,-
BRDA:130,e20,1,-
BRDA:134,45,0,-
BRDA:134,e45,1,-
BRDA:136,46,0,-
BRDA:136,e46,1,-
BRDA:146,4,0,-
BRDA:146,e4,1,-
BRDA:146,5,2,-
BRDA:146,e5,3,-
BRDA:146,7,4,-
BRDA:146,7,5,-
BRDA:151,9,0,-
BRDA:151,e9,1,-
BRDA:153,11,0,-
BRDA:153,11,1,-
BRDA:158,13,0,-
BRDA:158,e13,1,-
BRDA:164,3,0,-
BRDA:164,3,1,-
BRDA:166,6,0,-
BRDA:166,e6,1,-
BRDA:169,10,0,-
BRDA:169,e10,1,-
BRDA:171,11,0,-
BRDA:171,11,1,-
BRDA:173,14,0,-
BRDA:173,e14,1,-
BRDA:176,19,0,-
BRDA:176,e19,1,-
BRDA:177,23,0,-
BRDA:177,e23,1,-
BRDA:179,25,0,-
BRDA:179,25,1,-
BRDA:179,27,2,-
BRDA:179,27,3,-
BRDA:179,30,4,-
BRDA:179,30,5,-
BRDA:189,2,0,-
BRDA:189,e2,1,-
BRDA:191,3,0,-
BRDA:191,3,1,-
BRDA:193,4,0,-
BRDA:193,e4,1,-
BRDA:197,6,0,-
BRDA:197,e6,1,-
BRDA:199,7,0,-
BRDA:199,7,1,-
BRDA:201,8,0,-
BRDA:201,e8,1,-
BRDA:202,9,0,-
BRDA:202,e9,1,-
BRDA:206,11,0,-
BRDA:206,e11,1,-
BRDA:206,13,2,-
BRDA:206,e13,3,-
BRDA:208,15,0,-
BRDA:208,15,1,-
BRDA:210,16,0,-
BRDA:210,e16,1,-
BRDA:211,17,0,-
BRDA:211,e17,1,-
BRDA:212,18,0,-
BRDA:212,e18,1,-
BRDA:217,20,0,-
BRDA:217,e20,1,-
BRDA:217,21,2,-
BRDA:217,e21,3,-
BRDA:217,22,4,-
BRDA:217,e22,5,-
BRDA:218,23,0,-
BRDA:218,e23,1,-
BRDA:220,28,0,-
BRDA:220,e28,1,-
BRDA:220,29,2,-
BRDA:220,29,3,-
BRDA:222,30,0,-
BRDA:222,e30,1,-
BRDA:223,31,0,-
BRDA:223,e31,1,-
BRDA:224,32,0,-
BRDA:224,e32,1,-
BRDA:225,33,0,-
BRDA:225,e33,1,-
BRDA:229,35,0,-
BRDA:229,e35,1,-
BRDA:230,39,0,-
BRDA:230,39,1,-
BRDA:230,42,2,-
BRDA:230,e42,3,-
BRDA:239,43,0,-
BRDA:239,43,1,-
BRDA:241,44,0,-
BRDA:241,e44,1,-
BRDA:244,46,0,-
BRDA:244,46,1,-
BRDA:246,47,0,-
BRDA:246,e47,1,-
BRDA:247,48,0,-
BRDA:247,e48,1,-
BRDA:248,49,0,-
BRDA:248,e49,1,-
BRDA:249,50,0,-
BRDA:249,e50,1,-
BRDA:255,52,0,-
BRDA:255,e52,1,-
BRDA:257,53,0,-
BRDA:257,e53,1,-
BRDA:258,54,0,-
BRDA:258,e54,1,-
BRDA:259,55,0,-
BRDA:259,e55,1,-
BRDA:261,56,0,-
BRDA:261,56,1,-
BRDA:261,57,2,-
BRDA:261,57,3,-
BRDA:263,59,0,-
BRDA:263,e59,1,-
BRDA:277,20,0,-
BRDA:277,20,1,-
BRDA:282,10,0,-
BRDA:282,10,1,-
BRDA:284,8,0,-
BRDA:284,e8,1,-
BRDA:289,21,0,-
BRDA:289,21,1,-
BRDA:291,22,0,-
BRDA:291,e22,1,-
BRDA:294,26,0,-
BRDA:294,26,1,-
BRDA:296,24,0,-
BRDA:296,e24,1,-
BRDA:299,44,0,-
BRDA:299,44,1,-
BRDA:301,31,0,-
BRDA:301,31,1,-
BRDA:302,33,0,-
BRDA:302,33,1,-
BRDA:305,48,0,-
BRDA:305,48,1,-
BRDA:305,50,2,-
BRDA:305,50,3,-
BRDA:305,53,4,-
BRDA:305,53,5,-
BRDA:315,3,0,-
BRDA:315,3,1,-
BRDA:317,4,0,-
BRDA:317,e4,1,-
BRDA:322,6,0,-
BRDA:322,e6,1,-
BRDA:322,7,2,-
BRDA:322,e7,3,-
BRDA:323,8,0,-
BRDA:323,e8,1,-
BRDA:323,9,2,-
BRDA:323,e9,3,-
BRDA:323,10,4,-
BRDA:323,e10,5,-
BRDA:324,11,0,-
BRDA:324,e11,1,-
BRDA:325,12,0,-
BRDA:325,e12,1,-
BRDA:326,13,0,-
BRDA:326,e13,1,-
BRDA:327,14,0,-
BRDA:327,e14,1,-
BRDA:327,15,2,-
BRDA:327,e15,3,-
BRDA:330,26,0,-
BRDA:330,e26,1,-
BRDA:330,27,2,-
BRDA:330,e27,3,-
BRDA:330,28,4,-
BRDA:330,e28,5,-
BRDA:332,32,0,-
BRDA:332,e32,1,-
BRDA:334,33,0,-
BRDA:334,33,1,-
BRDA:336,34,0,-
BRDA:336,e34,1,-
BRDA:340,36,0,-
BRDA:340,e36,1,-
BRDA:342,37,0,-
BRDA:342,37,1,-
BRDA:344,38,0,-
BRDA:344,e38,1,-
BRDA:345,39,0,-
BRDA:345,e39,1,-
BRDA:349,41,0,-
BRDA:349,e41,1,-
BRDA:351,42,0,-
BRDA:351,42,1,-
BRDA:353,43,0,-
BRDA:353,e43,1,-
BRDA:354,44,0,-
BRDA:354,e44,1,-
BRDA:355,45,0,-
BRDA:355,e45,1,-
BRDA:360,47,0,-
BRDA:360,e47,1,-
BRDA:360,48,2,-
BRDA:360,e48,3,-
BRDA:360,49,4,-
BRDA:360,e49,5,-
BRDA:361,50,0,-
BRDA:361,e50,1,-
BRDA:363,55,0,-
BRDA:363,e55,1,-
BRDA:363,56,2,-
BRDA:363,56,3,-
BRDA:365,57,0,-
BRDA:365,e57,1,-
BRDA:366,58,0,-
BRDA:366,e58,1,-
BRDA:367,59,0,-
BRDA:367,e59,1,-
BRDA:368,60,0,-
BRDA:368,e60,1,-
BRDA:372,62,0,-
BRDA:372,e62,1,-
BRDA:373,66,0,-
BRDA:373,66,1,-
BRDA:373,69,2,-
BRDA:373,e69,3,-
BRDA:382,70,0,-
BRDA:382,70,1,-
BRDA:384,71,0,-
BRDA:384,e71,1,-
BRDA:387,73,0,-
BRDA:387,73,1,-
BRDA:389,74,0,-
BRDA:389,e74,1,-
BRDA:390,75,0,-
BRDA:390,e75,1,-
BRDA:391,76,0,-
BRDA:391,e76,1,-
BRDA:392,77,0,-
BRDA:392,e77,1,-
BRDA:398,79,0,-
BRDA:398,e79,1,-
BRDA:400,80,0,-
BRDA:400,e80,1,-
BRDA:401,81,0,-
BRDA:401,e81,1,-
BRDA:402,82,0,-
BRDA:402,e82,1,-
BRDA:404,83,0,-
BRDA:404,83,1,-
BRDA:404,84,2,-
BRDA:404,84,3,-
BRDA:406,86,0,-
BRDA:406,e86,1,-
BRDA:406,87,2,-
BRDA:406,e87,3,-
BRDA:418,6,0,-
BRDA:418,6,1,-
BRDA:429,2,0,-
BRDA:429,e2,1,-
BRDA:429,3,2,-
BRDA:429,e3,3,-
BRDA:436,3,0,-
BRDA:436,3,1,-
BRDA:441,5,0,-
BRDA:441,e5,1,-
BRDA:442,8,0,-
BRDA:442,e8,1,-
BRDA:443,12,0,-
BRDA:443,12,1,-
BRDA:443,14,2,-
BRDA:443,14,3,-
BRDA:448,3,0,-
BRDA:448,3,1,-
BRDA:450,4,0,-
BRDA:450,e4,1,-
BRDA:453,6,0,-
BRDA:453,6,1,-
BRDA:458,8,0,-
BRDA:458,8,1,-
BRDA:458,9,2,-
BRDA:458,e9,3,-
BRDA:458,10,4,-
BRDA:458,e10,5,-
BRDA:458,11,6,-
BRDA:458,11,7,-
BRDA:458,14,8,-
BRDA:458,14,9,-
BRDA:458,16,10,-
BRDA:458,16,11,-
BRDA:458,91,12,-
BRDA:458,91,13,-
BRDA:460,17,0,-
BRDA:460,e17,1,-
BRDA:463,19,0,-
BRDA:463,19,1,-
BRDA:463,20,2,-
BRDA:463,e20,3,-
BRDA:463,21,4,-
BRDA:463,e21,5,-
BRDA:463,22,6,-
BRDA:463,22,7,-
BRDA:463,25,8,-
BRDA:463,25,9,-
BRDA:463,27,10,-
BRDA:463,27,11,-
BRDA:463,95,12,-
BRDA:463,95,13,-
BRDA:465,28,0,-
BRDA:465,e28,1,-
BRDA:468,30,0,-
BRDA:468,e30,1,-
BRDA:468,31,2,-
BRDA:468,e31,3,-
BRDA:471,38,0,-
BRDA:471,38,1,-
BRDA:473,41,0,-
BRDA:473,e41,1,-
BRDA:473,51,2,-
BRDA:473,e51,3,-
BRDA:473,54,4,-
BRDA:473,e54,5,-
BRDA:473,55,6,-
BRDA:473,55,7,-
BRDA:475,42,0,-
BRDA:475,e42,1,-
BRDA:477,44,0,-
BRDA:477,44,1,-
BRDA:479,45,0,-
BRDA:479,e45,1,-
BRDA:481,49,0,-
BRDA:481,49,1,-
BRDA:486,58,0,-
BRDA:486,58,1,-
BRDA:488,63,0,-
BRDA:488,e63,1,-
BRDA:488,64,2,-
BRDA:488,e64,3,-
BRDA:488,74,4,-
BRDA:488,e74,5,-
BRDA:488,77,6,-
BRDA:488,e77,7,-
BRDA:488,78,8,-
BRDA:488,78,9,-
BRDA:490,65,0,-
BRDA:490,e65,1,-
BRDA:492,67,0,-
BRDA:492,67,1,-
BRDA:494,68,0,-
BRDA:494,e68,1,-
BRDA:496,72,0,-
BRDA:496,72,1,-
BRDA:496,81,2,-
BRDA:496,81,3,-
BRDA:496,85,4,-
BRDA:496,85,5,-
BRDA:504,2,0,-
BRDA:504,e2,1,-
BRDA:510,7,0,-
BRDA:510,e7,1,-
BRDA:510,8,2,-
BRDA:510,8,3,-
BRDA:510,9,4,-
BRDA:510,e9,5,-
BRDA:510,10,6,-
BRDA:510,10,7,-
BRDA:510,13,8,-
BRDA:510,13,9,-
BRDA:512,16,0,-
BRDA:512,e16,1,-
BRDA:515,21,0,-
BRDA:515,e21,1,-
BRDA:520,2,0,-
BRDA:520,e2,1,-
BRDA:522,4,0,-
BRDA:522,4,1,-
BRDA:527,6,0,-
BRDA:527,e6,1,-
BRDA:527,7,2,-
BRDA:527,e7,3,-
BRDA:534,3,0,-
BRDA:534,e3,1,-
BRDA:545,2,0,-
BRDA:545,e2,1,-
BRDA:546,3,0,-
BRDA:546,e3,1,-
BRDA:546,4,2,-
BRDA:546,e4,3,-
BRDA:546,5,4,-
BRDA:546,e5,5,-
BRDA:547,6,0,-
BRDA:547,e6,1,-
BRDA:547,7,2,-
BRDA:547,e7,3,-
BRDA:547,8,4,-
BRDA:547,e8,5,-
BRDA:548,9,0,-
BRDA:548,e9,1,-
BRDA:548,10,2,-
BRDA:548,e10,3,-
BRDA:548,11,4,-
BRDA:548,e11,5,-
BRDA:549,12,0,-
BRDA:549,e12,1,-
BRDA:549,13,2,-
BRDA:549,e13,3,-
BRDA:549,14,4,-
BRDA:549,e14,5,-
BRDA:550,15,0,-
BRDA:550,e15,1,-
BRDA:550,16,2,-
BRDA:550,e16,3,-
BRDA:550,17,4,-
BRDA:550,e17,5,-
BRDA:551,18,0,-
BRDA:551,e18,1,-
BRDA:551,19,2,-
BRDA:551,e19,3,-
BRDA:551,20,4,-
BRDA:551,e20,5,-
BRDA:552,21,0,-
BRDA:552,e21,1,-
BRDA:552,22,2,-
BRDA:552,e22,3,-
BRDA:552,23,4,-
BRDA:552,e23,5,-
BRDA:553,24,0,-
BRDA:553,e24,1,-
BRDA:553,25,2,-
BRDA:553,25,3,-
BRDA:553,28,4,-
BRDA:553,e28,5,-
BRDA:553,29,6,-
BRDA:553,e29,7,-
BRDA:554,30,0,-
BRDA:554,e30,1,-
BRDA:554,31,2,-
BRDA:554,31,3,-
BRDA:554,34,4,-
BRDA:554,e34,5,-
BRDA:554,35,6,-
BRDA:554,e35,7,-
BRDA:555,36,0,-
BRDA:555,e36,1,-
BRDA:555,37,2,-
BRDA:555,e37,3,-
BRDA:555,38,4,-
BRDA:555,e38,5,-
BRDA:556,39,0,-
BRDA:556,e39,1,-
BRDA:556,40,2,-
BRDA:556,e40,3,-
BRDA:556,41,4,-
BRDA:556,e41,5,-
BRDA:557,42,0,-
BRDA:557,e42,1,-
BRDA:562,25,0,-
BRDA:562,25,1,-
BRDA:564,6,0,-
BRDA:564,6,1,-
BRDA:564,7,2,-
BRDA:564,7,3,-
BRDA:564,8,4,-
BRDA:564,8,5,-
BRDA:564,9,6,-
BRDA:564,9,7,-
BRDA:564,10,8,-
BRDA:564,10,9,-
BRDA:564,11,10,-
BRDA:564,11,11,-
BRDA:564,12,12,-
BRDA:564,12,13,-
BRDA:564,13,14,-
BRDA:564,13,15,-
BRDA:564,14,16,-
BRDA:564,14,17,-
BRDA:570,27,0,-
BRDA:570,27,1,-
BRDA:581,5,0,-
BRDA:581,e5,1,-
BRDA:581,6,2,-
BRDA:581,e6,3,-
BRDA:584,4,0,-
BRDA:584,e4,1,-
BRDA:585,7,0,-
BRDA:585,e7,1,-
BRDA:585,8,2,-
BRDA:585,e8,3,-
BRDA:585,9,4,-
BRDA:585,e9,5,-
BRDA:586,13,0,-
BRDA:586,e13,1,-
BRDA:589,10,0,-
BRDA:589,e10,1,-
BRDA:589,11,2,-
BRDA:589,e11,3,-
BRDA:591,2,0,-
BRDA:591,2,1,-
BRDA:593,3,0,-
BRDA:593,e3,1,-
BRDA:593,4,2,-
BRDA:593,e4,3,-
BRDA:593,5,4,-
BRDA:593,e5,5,-
BRDA:593,6,6,-
BRDA:593,e6,7,-
BRDA:593,7,8,-
BRDA:593,e7,9,-
BRDA:595,13,0,-
BRDA:595,13,1,-
BRDA:598,16,0,-
BRDA:598,e16,1,-
BRDA:598,17,2,-
BRDA:598,e17,3,-
BRDA:606,5,0,-
BRDA:606,e5,1,-
BRDA:606,6,2,-
BRDA:606,e6,3,-
BRDA:608,2,0,-
BRDA:608,e2,1,-
BRDA:609,12,0,-
BRDA:609,e12,1,-
BRDA:609,15,2,-
BRDA:609,15,3,-
BRDA:609,31,4,-
BRDA:609,31,5,-
BRDA:613,3,0,-
BRDA:613,e3,1,-
BRDA:613,6,2,-
BRDA:613,e6,3,-
BRDA:613,7,4,-
BRDA:613,e7,5,-
BRDA:613,8,6,-
BRDA:613,e8,7,-
BRDA:613,9,8,-
BRDA:613,e9,9,-
BRDA:613,10,10,-
BRDA:613,e10,11,-
BRDA:613,11,12,-
BRDA:613,e11,13,-
BRDA:613,18,14,-
BRDA:613,18,15,-
BRDA:613,23,16,-
BRDA:613,23,17,-
BRDA:613,35,18,-
BRDA:613,35,19,-
BRDA:613,42,20,-
BRDA:613,42,21,-
BRDA:613,44,22,-
BRDA:613,44,23,-
BRDA:613,49,24,-
BRDA:613,49,25,-
BRDA:613,54,26,-
BRDA:613,54,27,-
BRDA:613,56,28,-
BRDA:613,56,29,-
BRDA:613,60,30,-
BRDA:613,60,31,-
BRDA:613,62,32,-
BRDA:613,62,33,-
BRDA:615,13,0,-
BRDA:615,e13,1,-
BRDA:615,14,2,-
BRDA:615,e14,3,-
BRDA:619,3,0,-
BRDA:619,e3,1,-
BRDA:619,4,2,-
BRDA:619,4,3,-
BRDA:621,12,0,-
BRDA:621,e12,1,-
BRDA:621,15,2,-
BRDA:621,15,3,-
BRDA:621,126,4,-
BRDA:621,126,5,-
BRDA:625,26,0,-
BRDA:625,e26,1,-
BRDA:627,28,0,-
BRDA:627,28,1,-
BRDA:629,36,0,-
BRDA:629,e36,1,-
BRDA:629,39,2,-
BRDA:629,39,3,-
BRDA:629,162,4,-
BRDA:629,162,5,-
BRDA:636,52,0,-
BRDA:636,e52,1,-
BRDA:636,53,2,-
BRDA:636,53,3,-
BRDA:638,61,0,-
BRDA:638,e61,1,-
BRDA:638,64,2,-
BRDA:638,64,3,-
BRDA:638,198,4,-
BRDA:638,198,5,-
BRDA:643,76,0,-
BRDA:643,e76,1,-
BRDA:644,77,0,-
BRDA:644,e77,1,-
BRDA:646,78,0,-
BRDA:646,e78,1,-
BRDA:647,79,0,-
BRDA:647,e79,1,-
BRDA:647,80,2,-
BRDA:647,e80,3,-
BRDA:647,83,4,-
BRDA:647,e83,5,-
BRDA:647,84,6,-
BRDA:647,e84,7,-
BRDA:648,93,0,-
BRDA:648,e93,1,-
BRDA:648,96,2,-
BRDA:648,96,3,-
BRDA:648,246,4,-
BRDA:648,246,5,-
BRDA:649,5,0,-
BRDA:649,e5,1,-
BRDA:649,7,2,-
BRDA:649,e7,3,-
BRDA:649,8,4,-
BRDA:649,e8,5,-
BRDA:649,9,6,-
BRDA:649,e9,7,-
BRDA:649,10,8,-
BRDA:649,e10,9,-
BRDA:649,11,10,-
BRDA:649,e11,11,-
BRDA:649,18,12,-
BRDA:649,18,13,-
BRDA:649,22,14,-
BRDA:649,22,15,-
BRDA:649,29,16,-
BRDA:649,e29,17,-
BRDA:649,31,18,-
BRDA:649,e31,19,-
BRDA:649,32,20,-
BRDA:649,e32,21,-
BRDA:649,33,22,-
BRDA:649,e33,23,-
BRDA:649,34,24,-
BRDA:649,e34,25,-
BRDA:649,35,26,-
BRDA:649,e35,27,-
BRDA:649,42,28,-
BRDA:649,42,29,-
BRDA:649,46,30,-
BRDA:649,46,31,-
BRDA:649,54,32,-
BRDA:649,e54,33,-
BRDA:649,56,34,-
BRDA:649,e56,35,-
BRDA:649,57,36,-
BRDA:649,e57,37,-
BRDA:649,58,38,-
BRDA:649,e58,39,-
BRDA:649,59,40,-
BRDA:649,e59,41,-
BRDA:649,60,42,-
BRDA:649,e60,43,-
BRDA:649,67,44,-
BRDA:649,67,45,-
BRDA:649,71,46,-
BRDA:649,71,47,-
BRDA:649,89,48,-
BRDA:649,e89,49,-
BRDA:649,91,50,-
BRDA:649,e91,51,-
BRDA:649,92,52,-
BRDA:649,e92,53,-
BRDA:649,99,54,-
BRDA:649,99,55,-
BRDA:649,106,56,-
BRDA:649,106,57,-
BRDA:649,110,58,-
BRDA:649,110,59,-
BRDA:649,114,60,-
BRDA:649,114,61,-
BRDA:649,118,62,-
BRDA:649,118,63,-
BRDA:649,130,64,-
BRDA:649,130,65,-
BRDA:649,134,66,-
BRDA:649,134,67,-
BRDA:649,136,68,-
BRDA:649,136,69,-
BRDA:649,141,70,-
BRDA:649,141,71,-
BRDA:649,146,72,-
BRDA:649,146,73,-
BRDA:649,148,74,-
BRDA:649,148,75,-
BRDA:649,152,76,-
BRDA:649,152,77,-
BRDA:649,154,78,-
BRDA:649,154,79,-
BRDA:649,166,80,-
BRDA:649,166,81,-
BRDA:649,170,82,-
BRDA:649,170,83,-
BRDA:649,172,84,-
BRDA:649,172,85,-
BRDA:649,177,86,-
BRDA:649,177,87,-
BRDA:649,182,88,-
BRDA:649,182,89,-
BRDA:649,184,90,-
BRDA:649,184,91,-
BRDA:649,188,92,-
BRDA:649,188,93,-
BRDA:649,190,94,-
BRDA:649,190,95,-
BRDA:649,202,96,-
BRDA:649,202,97,-
BRDA:649,206,98,-
BRDA:649,206,99,-
BRDA:649,208,100,-
BRDA:649,208,101,-
BRDA:649,213,102,-
BRDA:649,213,103,-
BRDA:649,218,104,-
BRDA:649,218,105,-
BRDA:649,220,106,-
BRDA:649,220,107,-
BRDA:649,224,108,-
BRDA:649,224,109,-
BRDA:649,226,110,-
BRDA:649,226,111,-
BRDA:649,250,112,-
BRDA:649,250,113,-
BRDA:649,255,114,-
BRDA:649,255,115,-
BRDA:649,257,116,-
BRDA:649,257,117,-
BRDA:649,261,118,-
BRDA:649,261,119,-
BRDA:649,263,120,-
BRDA:649,263,121,-
BRDA:651,21,0,-
BRDA:651,e21,1,-
BRDA:651,22,2,-
BRDA:651,e22,3,-
BRDA:653,2,0,-
BRDA:653,e2,1,-
BRDA:655,27,0,-
BRDA:655,27,1,-
BRDA:658,8,0,-
BRDA:658,e8,1,-
BRDA:658,9,2,-
BRDA:658,e9,3,-
BRDA:659,12,0,-
BRDA:659,e12,1,-
BRDA:659,13,2,-
BRDA:659,e13,3,-
BRDA:660,16,0,-
BRDA:660,e16,1,-
BRDA:664,29,0,-
BRDA:664,e29,1,-
BRDA:664,30,2,-
BRDA:664,e30,3,-
BRDA:665,33,0,-
BRDA:665,e33,1,-
BRDA:668,29,0,-
BRDA:668,e29,1,-
BRDA:668,30,2,-
BRDA:668,e30,3,-
BRDA:672,3,0,-
BRDA:672,e3,1,-
BRDA:672,4,2,-
BRDA:672,4,3,-
BRDA:674,12,0,-
BRDA:674,e12,1,-
BRDA:674,15,2,-
BRDA:674,15,3,-
BRDA:674,105,4,-
BRDA:674,105,5,-
BRDA:678,26,0,-
BRDA:678,e26,1,-
BRDA:679,29,0,-
BRDA:679,e29,1,-
BRDA:684,37,0,-
BRDA:684,37,1,-
BRDA:686,45,0,-
BRDA:686,e45,1,-
BRDA:686,48,2,-
BRDA:686,48,3,-
BRDA:686,141,4,-
BRDA:686,141,5,-
BRDA:690,64,0,-
BRDA:690,e64,1,-
BRDA:691,67,0,-
BRDA:691,e67,1,-
BRDA:691,68,2,-
BRDA:691,e68,3,-
BRDA:691,71,4,-
BRDA:691,e71,5,-
BRDA:691,72,6,-
BRDA:691,e72,7,-
BRDA:692,81,0,-
BRDA:692,e81,1,-
BRDA:692,84,2,-
BRDA:692,84,3,-
BRDA:692,195,4,-
BRDA:692,195,5,-
BRDA:693,5,0,-
BRDA:693,e5,1,-
BRDA:693,7,2,-
BRDA:693,e7,3,-
BRDA:693,8,4,-
BRDA:693,e8,5,-
BRDA:693,9,6,-
BRDA:693,e9,7,-
BRDA:693,10,8,-
BRDA:693,e10,9,-
BRDA:693,11,10,-
BRDA:693,e11,11,-
BRDA:693,18,12,-
BRDA:693,18,13,-
BRDA:693,22,14,-
BRDA:693,22,15,-
BRDA:693,38,16,-
BRDA:693,e38,17,-
BRDA:693,40,18,-
BRDA:693,e40,19,-
BRDA:693,41,20,-
BRDA:693,e41,21,-
BRDA:693,42,22,-
BRDA:693,e42,23,-
BRDA:693,43,24,-
BRDA:693,e43,25,-
BRDA:693,44,26,-
BRDA:693,e44,27,-
BRDA:693,51,28,-
BRDA:693,51,29,-
BRDA:693,55,30,-
BRDA:693,55,31,-
BRDA:693,77,32,-
BRDA:693,e77,33,-
BRDA:693,79,34,-
BRDA:693,e79,35,-
BRDA:693,80,36,-
BRDA:693,e80,37,-
BRDA:693,87,38,-
BRDA:693,87,39,-
BRDA:693,93,40,-
BRDA:693,93,41,-
BRDA:693,97,42,-
BRDA:693,97,43,-
BRDA:693,109,44,-
BRDA:693,109,45,-
BRDA:693,113,46,-
BRDA:693,113,47,-
BRDA:693,115,48,-
BRDA:693,115,49,-
BRDA:693,120,50,-
BRDA:693,120,51,-
BRDA:693,125,52,-
BRDA:693,125,53,-
BRDA:693,127,54,-
BRDA:693,127,55,-
BRDA:693,131,56,-
BRDA:693,131,57,-
BRDA:693,133,58,-
BRDA:693,133,59,-
BRDA:693,145,60,-
BRDA:693,145,61,-
BRDA:693,149,62,-
BRDA:693,149,63,-
BRDA:693,151,64,-
BRDA:693,151,65,-
BRDA:693,156,66,-
BRDA:693,156,67,-
BRDA:693,161,68,-
BRDA:693,161,69,-
BRDA:693,163,70,-
BRDA:693,163,71,-
BRDA:693,167,72,-
BRDA:693,167,73,-
BRDA:693,169,74,-
BRDA:693,169,75,-
BRDA:693,199,76,-
BRDA:693,199,77,-
BRDA:693,204,78,-
BRDA:693,204,79,-
BRDA:693,206,80,-
BRDA:693,206,81,-
BRDA:693,210,82,-
BRDA:693,210,83,-
BRDA:693,212,84,-
BRDA:693,212,85,-
BRDA:695,37,0,-
BRDA:695,e37,1,-
BRDA:695,38,2,-
BRDA:695,e38,3,-
BRDA:697,2,0,-
BRDA:697,e2,1,-
BRDA:699,4,0,-
BRDA:699,4,1,-
BRDA:701,12,0,-
BRDA:701,e12,1,-
BRDA:701,15,2,-
BRDA:701,15,3,-
BRDA:701,76,4,-
BRDA:701,76,5,-
BRDA:705,41,0,-
BRDA:705,e41,1,-
BRDA:705,44,2,-
BRDA:705,44,3,-
BRDA:705,112,4,-
BRDA:705,112,5,-
BRDA:712,5,0,-
BRDA:712,e5,1,-
BRDA:712,7,2,-
BRDA:712,e7,3,-
BRDA:712,8,4,-
BRDA:712,e8,5,-
BRDA:712,9,6,-
BRDA:712,e9,7,-
BRDA:712,10,8,-
BRDA:712,e10,9,-
BRDA:712,11,10,-
BRDA:712,e11,11,-
BRDA:712,18,12,-
BRDA:712,18,13,-
BRDA:712,22,14,-
BRDA:712,22,15,-
BRDA:712,26,16,-
BRDA:712,e26,17,-
BRDA:712,28,18,-
BRDA:712,e28,19,-
BRDA:712,29,20,-
BRDA:712,e29,21,-
BRDA:712,30,22,-
BRDA:712,e30,23,-
BRDA:712,32,24,-
BRDA:712,e32,25,-
BRDA:712,33,26,-
BRDA:712,e33,27,-
BRDA:712,34,28,-
BRDA:712,e34,29,-
BRDA:712,36,30,-
BRDA:712,e36,31,-
BRDA:712,37,32,-
BRDA:712,e37,33,-
BRDA:712,38,34,-
BRDA:712,e38,35,-
BRDA:712,39,36,-
BRDA:712,e39,37,-
BRDA:712,40,38,-
BRDA:712,e40,39,-
BRDA:712,47,40,-
BRDA:712,47,41,-
BRDA:712,51,42,-
BRDA:712,51,43,-
BRDA:712,55,44,-
BRDA:712,55,45,-
BRDA:712,59,46,-
BRDA:712,59,47,-
BRDA:712,63,48,-
BRDA:712,63,49,-
BRDA:712,68,50,-
BRDA:712,68,51,-
BRDA:712,80,52,-
BRDA:712,80,53,-
BRDA:712,84,54,-
BRDA:712,84,55,-
BRDA:712,86,56,-
BRDA:712,86,57,-
BRDA:712,91,58,-
BRDA:712,91,59,-
BRDA:712,96,60,-
BRDA:712,96,61,-
BRDA:712,98,62,-
BRDA:712,98,63,-
BRDA:712,102,64,-
BRDA:712,102,65,-
BRDA:712,104,66,-
BRDA:712,104,67,-
BRDA:712,116,68,-
BRDA:712,116,69,-
BRDA:712,121,70,-
BRDA:712,121,71,-
BRDA:712,126,72,-
BRDA:712,126,73,-
BRDA:712,130,74,-
BRDA:712,130,75,-
BRDA:712,132,76,-
BRDA:712,132,77,-
BRDA:712,137,78,-
BRDA:712,137,79,-
BRDA:712,141,80,-
BRDA:712,141,81,-
BRDA:712,143,82,-
BRDA:712,143,83,-
BRDA:712,147,84,-
BRDA:712,147,85,-
BRDA:712,149,86,-
BRDA:712,149,87,-
BRDA:712,153,88,-
BRDA:712,153,89,-
BRDA:712,155,90,-
BRDA:712,155,91,-
BRDA:712,160,92,-
BRDA:712,160,93,-
BRDA:712,165,94,-
BRDA:712,165,95,-
BRDA:712,167,96,-
BRDA:712,167,97,-
BRDA:712,171,98,-
BRDA:712,171,99,-
BRDA:712,173,100,-
BRDA:712,173,101,-
BRDA:714,45,0,-
BRDA:714,e45,1,-
BRDA:714,46,2,-
BRDA:714,e46,3,-
BRDA:716,2,0,-
BRDA:716,e2,1,-
BRDA:718,4,0,-
BRDA:718,4,1,-
BRDA:720,5,0,-
BRDA:720,e5,1,-
BRDA:720,6,2,-
BRDA:720,e6,3,-
BRDA:723,9,0,-
BRDA:723,e9,1,-
BRDA:723,12,2,-
BRDA:723,e12,3,-
BRDA:723,13,4,-
BRDA:723,e13,5,-
BRDA:724,22,0,-
BRDA:724,e22,1,-
BRDA:724,25,2,-
BRDA:724,25,3,-
BRDA:724,48,4,-
BRDA:724,48,5,-
BRDA:725,18,0,-
BRDA:725,e18,1,-
BRDA:725,20,2,-
BRDA:725,e20,3,-
BRDA:725,21,4,-
BRDA:725,e21,5,-
BRDA:725,28,6,-
BRDA:725,28,7,-
BRDA:725,52,8,-
BRDA:725,52,9,-
BRDA:725,57,10,-
BRDA:725,57,11,-
BRDA:725,59,12,-
BRDA:725,59,13,-
BRDA:725,63,14,-
BRDA:725,63,15,-
BRDA:725,65,16,-
BRDA:725,65,17,-
BRDA:730,5,0,-
BRDA:730,e5,1,-
BRDA:730,6,2,-
BRDA:730,e6,3,-
BRDA:732,2,0,-
BRDA:732,e2,1,-
BRDA:734,4,0,-
BRDA:734,4,1,-
BRDA:736,12,0,-
BRDA:736,e12,1,-
BRDA:736,15,2,-
BRDA:736,15,3,-
BRDA:736,161,4,-
BRDA:736,161,5,-
BRDA:740,28,0,-
BRDA:740,28,1,-
BRDA:742,36,0,-
BRDA:742,e36,1,-
BRDA:742,39,2,-
BRDA:742,39,3,-
BRDA:742,197,4,-
BRDA:742,197,5,-
BRDA:749,55,0,-
BRDA:749,e55,1,-
BRDA:749,56,2,-
BRDA:749,e56,3,-
BRDA:749,59,4,-
BRDA:749,59,5,-
BRDA:751,67,0,-
BRDA:751,e67,1,-
BRDA:751,70,2,-
BRDA:751,70,3,-
BRDA:751,239,4,-
BRDA:751,239,5,-
BRDA:757,81,0,-
BRDA:757,e81,1,-
BRDA:757,82,2,-
BRDA:757,82,3,-
BRDA:757,83,4,-
BRDA:757,e83,5,-
BRDA:757,85,6,-
BRDA:757,85,7,-
BRDA:757,88,8,-
BRDA:757,88,9,-
BRDA:759,89,0,-
BRDA:759,e89,1,-
BRDA:759,92,2,-
BRDA:759,e92,3,-
BRDA:759,104,4,-
BRDA:759,e104,5,-
BRDA:759,105,6,-
BRDA:759,e105,7,-
BRDA:759,106,8,-
BRDA:759,106,9,-
BRDA:762,94,0,-
BRDA:762,e94,1,-
BRDA:763,97,0,-
BRDA:763,e97,1,-
BRDA:765,101,0,-
BRDA:765,101,1,-
BRDA:767,102,0,-
BRDA:767,e102,1,-
BRDA:772,108,0,-
BRDA:772,e108,1,-
BRDA:774,109,0,-
BRDA:774,e109,1,-
BRDA:776,110,0,-
BRDA:776,e110,1,-
BRDA:776,127,2,-
BRDA:776,127,3,-
BRDA:778,115,0,-
BRDA:778,e115,1,-
BRDA:778,116,2,-
BRDA:778,e116,3,-
BRDA:781,132,0,-
BRDA:781,e132,1,-
BRDA:781,135,2,-
BRDA:781,135,3,-
BRDA:781,285,4,-
BRDA:781,285,5,-
BRDA:782,5,0,-
BRDA:782,e5,1,-
BRDA:782,7,2,-
BRDA:782,e7,3,-
BRDA:782,8,4,-
BRDA:782,e8,5,-
BRDA:782,9,6,-
BRDA:782,e9,7,-
BRDA:782,10,8,-
BRDA:782,e10,9,-
BRDA:782,11,10,-
BRDA:782,e11,11,-
BRDA:782,18,12,-
BRDA:782,18,13,-
BRDA:782,22,14,-
BRDA:782,22,15,-
BRDA:782,29,16,-
BRDA:782,e29,17,-
BRDA:782,31,18,-
BRDA:782,e31,19,-
BRDA:782,32,20,-
BRDA:782,e32,21,-
BRDA:782,33,22,-
BRDA:782,e33,23,-
BRDA:782,34,24,-
BRDA:782,e34,25,-
BRDA:782,35,26,-
BRDA:782,e35,27,-
BRDA:782,42,28,-
BRDA:782,42,29,-
BRDA:782,46,30,-
BRDA:782,46,31,-
BRDA:782,60,32,-
BRDA:782,e60,33,-
BRDA:782,62,34,-
BRDA:782,e62,35,-
BRDA:782,63,36,-
BRDA:782,e63,37,-
BRDA:782,64,38,-
BRDA:782,e64,39,-
BRDA:782,65,40,-
BRDA:782,e65,41,-
BRDA:782,66,42,-
BRDA:782,e66,43,-
BRDA:782,73,44,-
BRDA:782,73,45,-
BRDA:782,77,46,-
BRDA:782,77,47,-
BRDA:782,128,48,-
BRDA:782,e128,49,-
BRDA:782,129,50,-
BRDA:782,e129,51,-
BRDA:782,130,52,-
BRDA:782,e130,53,-
BRDA:782,131,54,-
BRDA:782,e131,55,-
BRDA:782,138,56,-
BRDA:782,138,57,-
BRDA:782,145,58,-
BRDA:782,145,59,-
BRDA:782,149,60,-
BRDA:782,149,61,-
BRDA:782,153,62,-
BRDA:782,153,63,-
BRDA:782,165,64,-
BRDA:782,165,65,-
BRDA:782,169,66,-
BRDA:782,169,67,-
BRDA:782,171,68,-
BRDA:782,171,69,-
BRDA:782,176,70,-
BRDA:782,176,71,-
BRDA:782,181,72,-
BRDA:782,181,73,-
BRDA:782,183,74,-
BRDA:782,183,75,-
BRDA:782,187,76,-
BRDA:782,187,77,-
BRDA:782,189,78,-
BRDA:782,189,79,-
BRDA:782,201,80,-
BRDA:782,201,81,-
BRDA:782,205,82,-
BRDA:782,205,83,-
BRDA:782,207,84,-
BRDA:782,207,85,-
BRDA:782,212,86,-
BRDA:782,212,87,-
BRDA:782,217,88,-
BRDA:782,217,89,-
BRDA:782,219,90,-
BRDA:782,219,91,-
BRDA:782,223,92,-
BRDA:782,223,93,-
BRDA:782,225,94,-
BRDA:782,225,95,-
BRDA:782,243,96,-
BRDA:782,243,97,-
BRDA:782,247,98,-
BRDA:782,247,99,-
BRDA:782,249,100,-
BRDA:782,249,101,-
BRDA:782,254,102,-
BRDA:782,254,103,-
BRDA:782,259,104,-
BRDA:782,259,105,-
BRDA:782,261,106,-
BRDA:782,261,107,-
BRDA:782,265,108,-
BRDA:782,265,109,-
BRDA:782,267,110,-
BRDA:782,267,111,-
BRDA:782,289,112,-
BRDA:782,289,113,-
BRDA:782,293,114,-
BRDA:782,293,115,-
BRDA:782,295,116,-
BRDA:782,295,117,-
BRDA:782,299,118,-
BRDA:782,299,119,-
BRDA:782,301,120,-
BRDA:782,301,121,-
BRDA:784,13,0,-
BRDA:784,e13,1,-
BRDA:784,14,2,-
BRDA:784,e14,3,-
BRDA:786,2,0,-
BRDA:786,e2,1,-
BRDA:788,4,0,-
BRDA:788,4,1,-
BRDA:790,12,0,-
BRDA:790,e12,1,-
BRDA:790,15,2,-
BRDA:790,15,3,-
BRDA:790,176,4,-
BRDA:790,176,5,-
BRDA:794,28,0,-
BRDA:794,28,1,-
BRDA:796,36,0,-
BRDA:796,e36,1,-
BRDA:796,39,2,-
BRDA:796,39,3,-
BRDA:796,212,4,-
BRDA:796,212,5,-
BRDA:800,50,0,-
BRDA:800,e50,1,-
BRDA:800,51,2,-
BRDA:800,e51,3,-
BRDA:805,55,0,-
BRDA:805,e55,1,-
BRDA:805,56,2,-
BRDA:805,e56,3,-
BRDA:805,57,4,-
BRDA:805,e57,5,-
BRDA:805,60,6,-
BRDA:805,60,7,-
BRDA:807,68,0,-
BRDA:807,e68,1,-
BRDA:807,71,2,-
BRDA:807,71,3,-
BRDA:807,254,4,-
BRDA:807,254,5,-
BRDA:813,82,0,-
BRDA:813,e82,1,-
BRDA:813,83,2,-
BRDA:813,83,3,-
BRDA:813,84,4,-
BRDA:813,e84,5,-
BRDA:813,86,6,-
BRDA:813,86,7,-
BRDA:813,89,8,-
BRDA:813,89,9,-
BRDA:815,90,0,-
BRDA:815,e90,1,-
BRDA:815,93,2,-
BRDA:815,e93,3,-
BRDA:815,114,4,-
BRDA:815,e114,5,-
BRDA:815,115,6,-
BRDA:815,e115,7,-
BRDA:815,116,8,-
BRDA:815,116,9,-
BRDA:817,94,0,-
BRDA:817,e94,1,-
BRDA:819,96,0,-
BRDA:819,96,1,-
BRDA:825,99,0,-
BRDA:825,e99,1,-
BRDA:826,102,0,-
BRDA:826,e102,1,-
BRDA:827,103,0,-
BRDA:827,e103,1,-
BRDA:828,106,0,-
BRDA:828,e106,1,-
BRDA:829,110,0,-
BRDA:829,110,1,-
BRDA:832,118,0,-
BRDA:832,e118,1,-
BRDA:833,119,0,-
BRDA:833,e119,1,-
BRDA:835,120,0,-
BRDA:835,e120,1,-
BRDA:835,137,2,-
BRDA:835,137,3,-
BRDA:837,125,0,-
BRDA:837,e125,1,-
BRDA:837,126,2,-
BRDA:837,e126,3,-
BRDA:840,143,0,-
BRDA:840,e143,1,-
BRDA:840,146,2,-
BRDA:840,146,3,-
BRDA:840,304,4,-
BRDA:840,304,5,-
BRDA:841,5,0,-
BRDA:841,e5,1,-
BRDA:841,7,2,-
BRDA:841,e7,3,-
BRDA:841,8,4,-
BRDA:841,e8,5,-
BRDA:841,9,6,-
BRDA:841,e9,7,-
BRDA:841,10,8,-
BRDA:841,e10,9,-
BRDA:841,11,10,-
BRDA:841,e11,11,-
BRDA:841,18,12,-
BRDA:841,18,13,-
BRDA:841,22,14,-
BRDA:841,22,15,-
BRDA:841,29,16,-
BRDA:841,e29,17,-
BRDA:841,31,18,-
BRDA:841,e31,19,-
BRDA:841,32,20,-
BRDA:841,e32,21,-
BRDA:841,33,22,-
BRDA:841,e33,23,-
BRDA:841,34,24,-
BRDA:841,e34,25,-
BRDA:841,35,26,-
BRDA:841,e35,27,-
BRDA:841,42,28,-
BRDA:841,42,29,-
BRDA:841,46,30,-
BRDA:841,46,31,-
BRDA:841,61,32,-
BRDA:841,e61,33,-
BRDA:841,63,34,-
BRDA:841,e63,35,-
BRDA:841,64,36,-
BRDA:841,e64,37,-
BRDA:841,65,38,-
BRDA:841,e65,39,-
BRDA:841,66,40,-
BRDA:841,e66,41,-
BRDA:841,67,42,-
BRDA:841,e67,43,-
BRDA:841,74,44,-
BRDA:841,74,45,-
BRDA:841,78,46,-
BRDA:841,78,47,-
BRDA:841,139,48,-
BRDA:841,e139,49,-
BRDA:841,140,50,-
BRDA:841,e140,51,-
BRDA:841,141,52,-
BRDA:841,e141,53,-
BRDA:841,142,54,-
BRDA:841,e142,55,-
BRDA:841,149,56,-
BRDA:841,149,57,-
BRDA:841,156,58,-
BRDA:841,156,59,-
BRDA:841,160,60,-
BRDA:841,160,61,-
BRDA:841,164,62,-
BRDA:841,164,63,-
BRDA:841,168,64,-
BRDA:841,168,65,-
BRDA:841,180,66,-
BRDA:841,180,67,-
BRDA:841,184,68,-
BRDA:841,184,69,-
BRDA:841,186,70,-
BRDA:841,186,71,-
BRDA:841,191,72,-
BRDA:841,191,73,-
BRDA:841,196,74,-
BRDA:841,196,75,-
BRDA:841,198,76,-
BRDA:841,198,77,-
BRDA:841,202,78,-
BRDA:841,202,79,-
BRDA:841,204,80,-
BRDA:841,204,81,-
BRDA:841,216,82,-
BRDA:841,216,83,-
BRDA:841,220,84,-
BRDA:841,220,85,-
BRDA:841,222,86,-
BRDA:841,222,87,-
BRDA:841,227,88,-
BRDA:841,227,89,-
BRDA:841,232,90,-
BRDA:841,232,91,-
BRDA:841,234,92,-
BRDA:841,234,93,-
BRDA:841,238,94,-
BRDA:841,238,95,-
BRDA:841,240,96,-
BRDA:841,240,97,-
BRDA:841,258,98,-
BRDA:841,258,99,-
BRDA:841,262,100,-
BRDA:841,262,101,-
BRDA:841,264,102,-
BRDA:841,264,103,-
BRDA:841,269,104,-
BRDA:841,269,105,-
BRDA:841,274,106,-
BRDA:841,274,107,-
BRDA:841,276,108,-
BRDA:841,276,109,-
BRDA:841,280,110,-
BRDA:841,280,111,-
BRDA:841,282,112,-
BRDA:841,282,113,-
BRDA:841,308,114,-
BRDA:841,308,115,-
BRDA:841,312,116,-
BRDA:841,312,117,-
BRDA:841,314,118,-
BRDA:841,314,119,-
BRDA:841,318,120,-
BRDA:841,318,121,-
BRDA:841,320,122,-
BRDA:841,320,123,-
BRDA:843,21,0,-
BRDA:843,e21,1,-
BRDA:843,22,2,-
BRDA:843,e22,3,-
BRDA:845,2,0,-
BRDA:845,e2,1,-
BRDA:847,4,0,-
BRDA:847,4,1,-
BRDA:849,12,0,-
BRDA:849,e12,1,-
BRDA:849,15,2,-
BRDA:849,15,3,-
BRDA:849,159,4,-
BRDA:849,159,5,-
BRDA:853,26,0,-
BRDA:853,e26,1,-
BRDA:853,27,2,-
BRDA:853,e27,3,-
BRDA:857,30,0,-
BRDA:857,e30,1,-
BRDA:857,31,2,-
BRDA:857,31,3,-
BRDA:859,32,0,-
BRDA:859,e32,1,-
BRDA:859,33,2,-
BRDA:859,e33,3,-
BRDA:866,39,0,-
BRDA:866,e39,1,-
BRDA:866,40,2,-
BRDA:866,e40,3,-
BRDA:866,41,4,-
BRDA:866,e41,5,-
BRDA:866,42,6,-
BRDA:866,e42,7,-
BRDA:866,43,8,-
BRDA:866,e43,9,-
BRDA:866,48,10,-
BRDA:866,48,11,-
BRDA:868,56,0,-
BRDA:868,e56,1,-
BRDA:868,59,2,-
BRDA:868,59,3,-
BRDA:868,210,4,-
BRDA:868,210,5,-
BRDA:875,70,0,-
BRDA:875,e70,1,-
BRDA:875,71,2,-
BRDA:875,71,3,-
BRDA:875,72,4,-
BRDA:875,e72,5,-
BRDA:875,74,6,-
BRDA:875,74,7,-
BRDA:875,77,8,-
BRDA:875,77,9,-
BRDA:877,78,0,-
BRDA:877,e78,1,-
BRDA:877,81,2,-
BRDA:877,e81,3,-
BRDA:877,90,4,-
BRDA:877,e90,5,-
BRDA:877,92,6,-
BRDA:877,e92,7,-
BRDA:877,93,8,-
BRDA:877,93,9,-
BRDA:879,82,0,-
BRDA:879,e82,1,-
BRDA:879,83,2,-
BRDA:879,e83,3,-
BRDA:881,85,0,-
BRDA:881,e85,1,-
BRDA:881,86,2,-
BRDA:881,86,3,-
BRDA:892,108,0,-
BRDA:892,e108,1,-
BRDA:892,111,2,-
BRDA:892,111,3,-
BRDA:892,253,4,-
BRDA:892,253,5,-
BRDA:898,5,0,-
BRDA:898,e5,1,-
BRDA:898,7,2,-
BRDA:898,e7,3,-
BRDA:898,8,4,-
BRDA:898,e8,5,-
BRDA:898,9,6,-
BRDA:898,e9,7,-
BRDA:898,10,8,-
BRDA:898,e10,9,-
BRDA:898,11,10,-
BRDA:898,e11,11,-
BRDA:898,18,12,-
BRDA:898,18,13,-
BRDA:898,22,14,-
BRDA:898,22,15,-
BRDA:898,49,16,-
BRDA:898,e49,17,-
BRDA:898,51,18,-
BRDA:898,e51,19,-
BRDA:898,52,20,-
BRDA:898,e52,21,-
BRDA:898,53,22,-
BRDA:898,e53,23,-
BRDA:898,54,24,-
BRDA:898,e54,25,-
BRDA:898,55,26,-
BRDA:898,e55,27,-
BRDA:898,62,28,-
BRDA:898,62,29,-
BRDA:898,66,30,-
BRDA:898,66,31,-
BRDA:898,95,32,-
BRDA:898,e95,33,-
BRDA:898,96,34,-
BRDA:898,e96,35,-
BRDA:898,97,36,-
BRDA:898,e97,37,-
BRDA:898,98,38,-
BRDA:898,e98,39,-
BRDA:898,100,40,-
BRDA:898,e100,41,-
BRDA:898,101,42,-
BRDA:898,e101,43,-
BRDA:898,103,44,-
BRDA:898,e103,45,-
BRDA:898,104,46,-
BRDA:898,e104,47,-
BRDA:898,106,48,-
BRDA:898,e106,49,-
BRDA:898,107,50,-
BRDA:898,e107,51,-
BRDA:898,114,52,-
BRDA:898,114,53,-
BRDA:898,118,54,-
BRDA:898,118,55,-
BRDA:898,122,56,-
BRDA:898,122,57,-
BRDA:898,126,58,-
BRDA:898,126,59,-
BRDA:898,131,60,-
BRDA:898,131,61,-
BRDA:898,135,62,-
BRDA:898,135,63,-
BRDA:898,139,64,-
BRDA:898,139,65,-
BRDA:898,143,66,-
BRDA:898,143,67,-
BRDA:898,147,68,-
BRDA:898,147,69,-
BRDA:898,151,70,-
BRDA:898,151,71,-
BRDA:898,163,72,-
BRDA:898,163,73,-
BRDA:898,167,74,-
BRDA:898,167,75,-
BRDA:898,169,76,-
BRDA:898,169,77,-
BRDA:898,174,78,-
BRDA:898,174,79,-
BRDA:898,179,80,-
BRDA:898,179,81,-
BRDA:898,181,82,-
BRDA:898,181,83,-
BRDA:898,185,84,-
BRDA:898,185,85,-
BRDA:898,187,86,-
BRDA:898,187,87,-
BRDA:898,214,88,-
BRDA:898,214,89,-
BRDA:898,218,90,-
BRDA:898,218,91,-
BRDA:898,220,92,-
BRDA:898,220,93,-
BRDA:898,225,94,-
BRDA:898,225,95,-
BRDA:898,230,96,-
BRDA:898,230,97,-
BRDA:898,232,98,-
BRDA:898,232,99,-
BRDA:898,236,100,-
BRDA:898,236,101,-
BRDA:898,238,102,-
BRDA:898,238,103,-
BRDA:898,257,104,-
BRDA:898,257,105,-
BRDA:898,262,106,-
BRDA:898,262,107,-
BRDA:898,264,108,-
BRDA:898,264,109,-
BRDA:898,269,110,-
BRDA:898,269,111,-
BRDA:898,273,112,-
BRDA:898,273,113,-
BRDA:898,275,114,-
BRDA:898,275,115,-
BRDA:898,280,116,-
BRDA:898,280,117,-
BRDA:898,284,118,-
BRDA:898,284,119,-
BRDA:898,286,120,-
BRDA:898,286,121,-
BRDA:898,291,122,-
BRDA:898,291,123,-
BRDA:898,295,124,-
BRDA:898,295,125,-
BRDA:898,297,126,-
BRDA:898,297,127,-
BRDA:898,301,128,-
BRDA:898,301,129,-
BRDA:898,303,130,-
BRDA:898,303,131,-
BRDA:900,29,0,-
BRDA:900,e29,1,-
BRDA:900,30,2,-
BRDA:900,e30,3,-
BRDA:902,2,0,-
BRDA:902,e2,1,-
BRDA:904,4,0,-
BRDA:904,4,1,-
BRDA:906,12,0,-
BRDA:906,e12,1,-
BRDA:906,15,2,-
BRDA:906,15,3,-
BRDA:906,305,4,-
BRDA:906,305,5,-
BRDA:910,26,0,-
BRDA:910,e26,1,-
BRDA:910,27,2,-
BRDA:910,e27,3,-
BRDA:914,30,0,-
BRDA:914,e30,1,-
BRDA:914,31,2,-
BRDA:914,31,3,-
BRDA:919,35,0,-
BRDA:919,e35,1,-
BRDA:919,36,2,-
BRDA:919,e36,3,-
BRDA:919,37,4,-
BRDA:919,e37,5,-
BRDA:919,40,6,-
BRDA:919,40,7,-
BRDA:921,48,0,-
BRDA:921,e48,1,-
BRDA:921,51,2,-
BRDA:921,51,3,-
BRDA:921,347,4,-
BRDA:921,347,5,-
BRDA:927,63,0,-
BRDA:927,e63,1,-
BRDA:927,64,2,-
BRDA:927,64,3,-
BRDA:927,65,4,-
BRDA:927,e65,5,-
BRDA:927,67,6,-
BRDA:927,67,7,-
BRDA:927,70,8,-
BRDA:927,70,9,-
BRDA:929,71,0,-
BRDA:929,e71,1,-
BRDA:929,74,2,-
BRDA:929,e74,3,-
BRDA:929,105,4,-
BRDA:929,e105,5,-
BRDA:929,106,6,-
BRDA:929,e106,7,-
BRDA:929,107,8,-
BRDA:929,107,9,-
BRDA:931,75,0,-
BRDA:931,e75,1,-
BRDA:933,77,0,-
BRDA:933,77,1,-
BRDA:938,79,0,-
BRDA:938,e79,1,-
BRDA:938,80,2,-
BRDA:938,e80,3,-
BRDA:939,81,0,-
BRDA:939,e81,1,-
BRDA:939,82,2,-
BRDA:939,e82,3,-
BRDA:940,83,0,-
BRDA:940,e83,1,-
BRDA:941,88,0,-
BRDA:941,e88,1,-
BRDA:941,89,2,-
BRDA:941,e89,3,-
BRDA:942,90,0,-
BRDA:942,e90,1,-
BRDA:943,93,0,-
BRDA:943,e93,1,-
BRDA:943,94,2,-
BRDA:943,e94,3,-
BRDA:944,101,0,-
BRDA:944,101,1,-
BRDA:950,112,0,-
BRDA:950,e112,1,-
BRDA:950,113,2,-
BRDA:950,e113,3,-
BRDA:950,114,4,-
BRDA:950,e114,5,-
BRDA:950,115,6,-
BRDA:950,e115,7,-
BRDA:950,116,8,-
BRDA:950,e116,9,-
BRDA:950,121,10,-
BRDA:950,121,11,-
BRDA:952,129,0,-
BRDA:952,e129,1,-
BRDA:952,132,2,-
BRDA:952,132,3,-
BRDA:952,424,4,-
BRDA:952,424,5,-
BRDA:958,143,0,-
BRDA:958,e143,1,-
BRDA:958,144,2,-
BRDA:958,144,3,-
BRDA:958,145,4,-
BRDA:958,e145,5,-
BRDA:958,147,6,-
BRDA:958,147,7,-
BRDA:958,150,8,-
BRDA:958,150,9,-
BRDA:960,151,0,-
BRDA:960,e151,1,-
BRDA:960,154,2,-
BRDA:960,e154,3,-
BRDA:960,221,4,-
BRDA:960,e221,5,-
BRDA:960,222,6,-
BRDA:960,e222,7,-
BRDA:960,223,8,-
BRDA:960,223,9,-
BRDA:962,155,0,-
BRDA:962,e155,1,-
BRDA:963,156,0,-
BRDA:963,e156,1,-
BRDA:965,158,0,-
BRDA:965,158,1,-
BRDA:970,160,0,-
BRDA:970,e160,1,-
BRDA:971,161,0,-
BRDA:971,e161,1,-
BRDA:972,162,0,-
BRDA:972,e162,1,-
BRDA:973,163,0,-
BRDA:973,e163,1,-
BRDA:973,164,2,-
BRDA:973,e164,3,-
BRDA:974,168,0,-
BRDA:974,e168,1,-
BRDA:976,171,0,-
BRDA:976,e171,1,-
BRDA:978,174,0,-
BRDA:978,174,1,-
BRDA:980,176,0,-
BRDA:980,e176,1,-
BRDA:981,178,0,-
BRDA:981,e178,1,-
BRDA:983,180,0,-
BRDA:983,180,1,-
BRDA:983,183,2,-
BRDA:983,183,3,-
BRDA:983,186,4,-
BRDA:983,186,5,-
BRDA:985,188,0,-
BRDA:985,e188,1,-
BRDA:987,190,0,-
BRDA:987,190,1,-
BRDA:989,191,0,-
BRDA:989,e191,1,-
BRDA:989,192,2,-
BRDA:989,e192,3,-
BRDA:995,195,0,-
BRDA:995,e195,1,-
BRDA:997,200,0,-
BRDA:997,200,1,-
BRDA:999,202,0,-
BRDA:999,e202,1,-
BRDA:1001,204,0,-
BRDA:1001,204,1,-
BRDA:1003,205,0,-
BRDA:1003,e205,1,-
BRDA:1003,206,2,-
BRDA:1003,e206,3,-
BRDA:1008,209,0,-
BRDA:1008,e209,1,-
BRDA:1009,213,0,-
BRDA:1009,213,1,-
BRDA:1009,217,2,-
BRDA:1009,217,3,-
BRDA:1012,225,0,-
BRDA:1012,e225,1,-
BRDA:1013,229,0,-
BRDA:1013,229,1,-
BRDA:1013,233,2,-
BRDA:1013,233,3,-
BRDA:1013,237,4,-
BRDA:1013,237,5,-
BRDA:1013,241,6,-
BRDA:1013,241,7,-
BRDA:1013,245,8,-
BRDA:1013,245,9,-
BRDA:1015,249,0,-
BRDA:1015,e249,1,-
BRDA:1017,250,0,-
BRDA:1017,e250,1,-
BRDA:1017,267,2,-
BRDA:1017,267,3,-
BRDA:1019,255,0,-
BRDA:1019,e255,1,-
BRDA:1019,256,2,-
BRDA:1019,e256,3,-
BRDA:1022,273,0,-
BRDA:1022,e273,1,-
BRDA:1022,276,2,-
BRDA:1022,276,3,-
BRDA:1022,499,4,-
BRDA:1022,499,5,-
BRDA:1023,5,0,-
BRDA:1023,e5,1,-
BRDA:1023,7,2,-
BRDA:1023,e7,3,-
BRDA:1023,8,4,-
BRDA:1023,e8,5,-
BRDA:1023,9,6,-
BRDA:1023,e9,7,-
BRDA:1023,10,8,-
BRDA:1023,e10,9,-
BRDA:1023,11,10,-
BRDA:1023,e11,11,-
BRDA:1023,18,12,-
BRDA:1023,18,13,-
BRDA:1023,22,14,-
BRDA:1023,22,15,-
BRDA:1023,41,16,-
BRDA:1023,e41,17,-
BRDA:1023,43,18,-
BRDA:1023,e43,19,-
BRDA:1023,44,20,-
BRDA:1023,e44,21,-
BRDA:1023,45,22,-
BRDA:1023,e45,23,-
BRDA:1023,46,24,-
BRDA:1023,e46,25,-
BRDA:1023,47,26,-
BRDA:1023,e47,27,-
BRDA:1023,54,28,-
BRDA:1023,54,29,-
BRDA:1023,58,30,-
BRDA:1023,58,31,-
BRDA:1023,122,32,-
BRDA:1023,e122,33,-
BRDA:1023,124,34,-
BRDA:1023,e124,35,-
BRDA:1023,125,36,-
BRDA:1023,e125,37,-
BRDA:1023,126,38,-
BRDA:1023,e126,39,-
BRDA:1023,127,40,-
BRDA:1023,e127,41,-
BRDA:1023,128,42,-
BRDA:1023,e128,43,-
BRDA:1023,135,44,-
BRDA:1023,135,45,-
BRDA:1023,139,46,-
BRDA:1023,139,47,-
BRDA:1023,269,48,-
BRDA:1023,e269,49,-
BRDA:1023,270,50,-
BRDA:1023,e270,51,-
BRDA:1023,271,52,-
BRDA:1023,e271,53,-
BRDA:1023,272,54,-
BRDA:1023,e272,55,-
BRDA:1023,279,56,-
BRDA:1023,279,57,-
BRDA:1023,285,58,-
BRDA:1023,285,59,-
BRDA:1023,289,60,-
BRDA:1023,289,61,-
BRDA:1023,293,62,-
BRDA:1023,293,63,-
BRDA:1023,297,64,-
BRDA:1023,297,65,-
BRDA:1023,309,66,-
BRDA:1023,309,67,-
BRDA:1023,313,68,-
BRDA:1023,313,69,-
BRDA:1023,315,70,-
BRDA:1023,315,71,-
BRDA:1023,320,72,-
BRDA:1023,320,73,-
BRDA:1023,325,74,-
BRDA:1023,325,75,-
BRDA:1023,327,76,-
BRDA:1023,327,77,-
BRDA:1023,331,78,-
BRDA:1023,331,79,-
BRDA:1023,333,80,-
BRDA:1023,333,81,-
BRDA:1023,351,82,-
BRDA:1023,351,83,-
BRDA:1023,355,84,-
BRDA:1023,355,85,-
BRDA:1023,357,86,-
BRDA:1023,357,87,-
BRDA:1023,362,88,-
BRDA:1023,362,89,-
BRDA:1023,367,90,-
BRDA:1023,367,91,-
BRDA:1023,369,92,-
BRDA:1023,369,93,-
BRDA:1023,373,94,-
BRDA:1023,373,95,-
BRDA:1023,375,96,-
BRDA:1023,375,97,-
BRDA:1023,428,98,-
BRDA:1023,428,99,-
BRDA:1023,432,100,-
BRDA:1023,432,101,-
BRDA:1023,434,102,-
BRDA:1023,434,103,-
BRDA:1023,439,104,-
BRDA:1023,439,105,-
BRDA:1023,444,106,-
BRDA:1023,444,107,-
BRDA:1023,446,108,-
BRDA:1023,446,109,-
BRDA:1023,450,110,-
BRDA:1023,450,111,-
BRDA:1023,452,112,-
BRDA:1023,452,113,-
BRDA:1023,503,114,-
BRDA:1023,503,115,-
BRDA:1023,507,116,-
BRDA:1023,507,117,-
BRDA:1023,509,118,-
BRDA:1023,509,119,-
BRDA:1023,513,120,-
BRDA:1023,513,121,-
BRDA:1023,515,122,-
BRDA:1023,515,123,-
BRDA:1025,37,0,-
BRDA:1025,e37,1,-
BRDA:1025,38,2,-
BRDA:1025,e38,3,-
BRDA:1027,2,0,-
BRDA:1027,e2,1,-
BRDA:1029,4,0,-
BRDA:1029,4,1,-
BRDA:1031,12,0,-
BRDA:1031,e12,1,-
BRDA:1031,15,2,-
BRDA:1031,15,3,-
BRDA:1031,59,4,-
BRDA:1031,59,5,-
BRDA:1035,26,0,-
BRDA:1035,e26,1,-
BRDA:1035,27,2,-
BRDA:1035,e27,3,-
BRDA:1036,28,0,-
BRDA:1036,e28,1,-
BRDA:1037,29,0,-
BRDA:1037,e29,1,-
BRDA:1038,30,0,-
BRDA:1038,e30,1,-
BRDA:1038,31,2,-
BRDA:1038,e31,3,-
BRDA:1039,37,0,-
BRDA:1039,e37,1,-
BRDA:1039,40,2,-
BRDA:1039,40,3,-
BRDA:1039,98,4,-
BRDA:1039,98,5,-
BRDA:1040,5,0,-
BRDA:1040,e5,1,-
BRDA:1040,7,2,-
BRDA:1040,e7,3,-
BRDA:1040,8,4,-
BRDA:1040,e8,5,-
BRDA:1040,9,6,-
BRDA:1040,e9,7,-
BRDA:1040,10,8,-
BRDA:1040,e10,9,-
BRDA:1040,11,10,-
BRDA:1040,e11,11,-
BRDA:1040,18,12,-
BRDA:1040,18,13,-
BRDA:1040,22,14,-
BRDA:1040,22,15,-
BRDA:1040,33,16,-
BRDA:1040,e33,17,-
BRDA:1040,35,18,-
BRDA:1040,e35,19,-
BRDA:1040,36,20,-
BRDA:1040,e36,21,-
BRDA:1040,43,22,-
BRDA:1040,43,23,-
BRDA:1040,51,24,-
BRDA:1040,51,25,-
BRDA:1040,63,26,-
BRDA:1040,63,27,-
BRDA:1040,67,28,-
BRDA:1040,67,29,-
BRDA:1040,69,30,-
BRDA:1040,69,31,-
BRDA:1040,74,32,-
BRDA:1040,74,33,-
BRDA:1040,79,34,-
BRDA:1040,79,35,-
BRDA:1040,81,36,-
BRDA:1040,81,37,-
BRDA:1040,85,38,-
BRDA:1040,85,39,-
BRDA:1040,87,40,-
BRDA:1040,87,41,-
BRDA:1040,102,42,-
BRDA:1040,102,43,-
BRDA:1040,106,44,-
BRDA:1040,106,45,-
BRDA:1040,108,46,-
BRDA:1040,108,47,-
BRDA:1040,112,48,-
BRDA:1040,112,49,-
BRDA:1040,114,50,-
BRDA:1040,114,51,-
BRDA:1042,45,0,-
BRDA:1042,e45,1,-
BRDA:1042,46,2,-
BRDA:1042,e46,3,-
BRDA:1044,2,0,-
BRDA:1044,e2,1,-
BRDA:1046,4,0,-
BRDA:1046,4,1,-
BRDA:1048,12,0,-
BRDA:1048,e12,1,-
BRDA:1048,15,2,-
BRDA:1048,15,3,-
BRDA:1048,226,4,-
BRDA:1048,226,5,-
BRDA:1052,28,0,-
BRDA:1052,28,1,-
BRDA:1054,36,0,-
BRDA:1054,e36,1,-
BRDA:1054,39,2,-
BRDA:1054,39,3,-
BRDA:1054,262,4,-
BRDA:1054,262,5,-
BRDA:1058,50,0,-
BRDA:1058,e50,1,-
BRDA:1058,51,2,-
BRDA:1058,e51,3,-
BRDA:1062,54,0,-
BRDA:1062,e54,1,-
BRDA:1062,55,2,-
BRDA:1062,55,3,-
BRDA:1064,63,0,-
BRDA:1064,e63,1,-
BRDA:1064,66,2,-
BRDA:1064,66,3,-
BRDA:1064,298,4,-
BRDA:1064,298,5,-
BRDA:1070,77,0,-
BRDA:1070,e77,1,-
BRDA:1072,78,0,-
BRDA:1072,e78,1,-
BRDA:1072,167,2,-
BRDA:1072,167,3,-
BRDA:1075,84,0,-
BRDA:1075,e84,1,-
BRDA:1075,85,2,-
BRDA:1075,e85,3,-
BRDA:1076,88,0,-
BRDA:1076,e88,1,-
BRDA:1076,89,2,-
BRDA:1076,e89,3,-
BRDA:1078,92,0,-
BRDA:1078,92,1,-
BRDA:1078,93,2,-
BRDA:1078,93,3,-
BRDA:1081,95,0,-
BRDA:1081,e95,1,-
BRDA:1082,98,0,-
BRDA:1082,e98,1,-
BRDA:1082,99,2,-
BRDA:1082,e99,3,-
BRDA:1083,102,0,-
BRDA:1083,e102,1,-
BRDA:1091,106,0,-
BRDA:1091,e106,1,-
BRDA:1091,107,2,-
BRDA:1091,e107,3,-
BRDA:1092,105,0,-
BRDA:1092,e105,1,-
BRDA:1092,108,2,-
BRDA:1092,e108,3,-
BRDA:1092,109,4,-
BRDA:1092,e109,5,-
BRDA:1093,110,0,-
BRDA:1093,e110,1,-
BRDA:1097,121,0,-
BRDA:1097,121,1,-
BRDA:1097,360,2,-
BRDA:1097,360,3,-
BRDA:1099,128,0,-
BRDA:1099,e128,1,-
BRDA:1099,129,2,-
BRDA:1099,129,3,-
BRDA:1102,131,0,-
BRDA:1102,e131,1,-
BRDA:1103,135,0,-
BRDA:1103,e135,1,-
BRDA:1107,140,0,-
BRDA:1107,e140,1,-
BRDA:1108,143,0,-
BRDA:1108,e143,1,-
BRDA:1108,144,2,-
BRDA:1108,e144,3,-
BRDA:1114,148,0,-
BRDA:1114,e148,1,-
BRDA:1115,154,0,-
BRDA:1115,154,1,-
BRDA:1117,182,0,-
BRDA:1117,e182,1,-
BRDA:1117,185,2,-
BRDA:1117,185,3,-
BRDA:1117,409,4,-
BRDA:1117,409,5,-
BRDA:1123,5,0,-
BRDA:1123,e5,1,-
BRDA:1123,7,2,-
BRDA:1123,e7,3,-
BRDA:1123,8,4,-
BRDA:1123,e8,5,-
BRDA:1123,9,6,-
BRDA:1123,e9,7,-
BRDA:1123,10,8,-
BRDA:1123,e10,9,-
BRDA:1123,11,10,-
BRDA:1123,e11,11,-
BRDA:1123,18,12,-
BRDA:1123,18,13,-
BRDA:1123,22,14,-
BRDA:1123,22,15,-
BRDA:1123,29,16,-
BRDA:1123,e29,17,-
BRDA:1123,31,18,-
BRDA:1123,e31,19,-
BRDA:1123,32,20,-
BRDA:1123,e32,21,-
BRDA:1123,33,22,-
BRDA:1123,e33,23,-
BRDA:1123,34,24,-
BRDA:1123,e34,25,-
BRDA:1123,35,26,-
BRDA:1123,e35,27,-
BRDA:1123,42,28,-
BRDA:1123,42,29,-
BRDA:1123,46,30,-
BRDA:1123,46,31,-
BRDA:1123,56,32,-
BRDA:1123,e56,33,-
BRDA:1123,58,34,-
BRDA:1123,e58,35,-
BRDA:1123,59,36,-
BRDA:1123,e59,37,-
BRDA:1123,60,38,-
BRDA:1123,e60,39,-
BRDA:1123,61,40,-
BRDA:1123,e61,41,-
BRDA:1123,62,42,-
BRDA:1123,e62,43,-
BRDA:1123,69,44,-
BRDA:1123,69,45,-
BRDA:1123,73,46,-
BRDA:1123,73,47,-
BRDA:1123,116,48,-
BRDA:1123,e116,49,-
BRDA:1123,118,50,-
BRDA:1123,e118,51,-
BRDA:1123,119,52,-
BRDA:1123,e119,53,-
BRDA:1123,124,54,-
BRDA:1123,124,55,-
BRDA:1123,169,56,-
BRDA:1123,e169,57,-
BRDA:1123,171,58,-
BRDA:1123,e171,59,-
BRDA:1123,172,60,-
BRDA:1123,e172,61,-
BRDA:1123,174,62,-
BRDA:1123,e174,63,-
BRDA:1123,175,64,-
BRDA:1123,e175,65,-
BRDA:1123,177,66,-
BRDA:1123,e177,67,-
BRDA:1123,178,68,-
BRDA:1123,e178,69,-
BRDA:1123,179,70,-
BRDA:1123,e179,71,-
BRDA:1123,180,72,-
BRDA:1123,e180,73,-
BRDA:1123,181,74,-
BRDA:1123,e181,75,-
BRDA:1123,188,76,-
BRDA:1123,188,77,-
BRDA:1123,192,78,-
BRDA:1123,192,79,-
BRDA:1123,196,80,-
BRDA:1123,196,81,-
BRDA:1123,200,82,-
BRDA:1123,200,83,-
BRDA:1123,206,84,-
BRDA:1123,206,85,-
BRDA:1123,210,86,-
BRDA:1123,210,87,-
BRDA:1123,214,88,-
BRDA:1123,214,89,-
BRDA:1123,218,90,-
BRDA:1123,218,91,-
BRDA:1123,230,92,-
BRDA:1123,230,93,-
BRDA:1123,234,94,-
BRDA:1123,234,95,-
BRDA:1123,236,96,-
BRDA:1123,236,97,-
BRDA:1123,241,98,-
BRDA:1123,241,99,-
BRDA:1123,246,100,-
BRDA:1123,246,101,-
BRDA:1123,248,102,-
BRDA:1123,248,103,-
BRDA:1123,252,104,-
BRDA:1123,252,105,-
BRDA:1123,254,106,-
BRDA:1123,254,107,-
BRDA:1123,266,108,-
BRDA:1123,266,109,-
BRDA:1123,270,110,-
BRDA:1123,270,111,-
BRDA:1123,272,112,-
BRDA:1123,272,113,-
BRDA:1123,277,114,-
BRDA:1123,277,115,-
BRDA:1123,282,116,-
BRDA:1123,282,117,-
BRDA:1123,284,118,-
BRDA:1123,284,119,-
BRDA:1123,288,120,-
BRDA:1123,288,121,-
BRDA:1123,290,122,-
BRDA:1123,290,123,-
BRDA:1123,302,124,-
BRDA:1123,302,125,-
BRDA:1123,306,126,-
BRDA:1123,306,127,-
BRDA:1123,308,128,-
BRDA:1123,308,129,-
BRDA:1123,313,130,-
BRDA:1123,313,131,-
BRDA:1123,318,132,-
BRDA:1123,318,133,-
BRDA:1123,320,134,-
BRDA:1123,320,135,-
BRDA:1123,324,136,-
BRDA:1123,324,137,-
BRDA:1123,326,138,-
BRDA:1123,326,139,-
BRDA:1123,364,140,-
BRDA:1123,364,141,-
BRDA:1123,368,142,-
BRDA:1123,368,143,-
BRDA:1123,370,144,-
BRDA:1123,370,145,-
BRDA:1123,374,146,-
BRDA:1123,374,147,-
BRDA:1123,376,148,-
BRDA:1123,376,149,-
BRDA:1123,413,150,-
BRDA:1123,413,151,-
BRDA:1123,417,152,-
BRDA:1123,417,153,-
BRDA:1123,419,154,-
BRDA:1123,419,155,-
BRDA:1123,424,156,-
BRDA:1123,424,157,-
BRDA:1123,428,158,-
BRDA:1123,428,159,-
BRDA:1123,430,160,-
BRDA:1123,430,161,-
BRDA:1123,435,162,-
BRDA:1123,435,163,-
BRDA:1123,439,164,-
BRDA:1123,439,165,-
BRDA:1123,441,166,-
BRDA:1123,441,167,-
BRDA:1123,446,168,-
BRDA:1123,446,169,-
BRDA:1123,451,170,-
BRDA:1123,451,171,-
BRDA:1123,453,172,-
BRDA:1123,453,173,-
BRDA:1123,457,174,-
BRDA:1123,457,175,-
BRDA:1123,459,176,-
BRDA:1123,459,177,-
BRDA:1125,53,0,-
BRDA:1125,e53,1,-
BRDA:1125,54,2,-
BRDA:1125,e54,3,-
BRDA:1127,2,0,-
BRDA:1127,e2,1,-
BRDA:1129,4,0,-
BRDA:1129,4,1,-
BRDA:1131,12,0,-
BRDA:1131,e12,1,-
BRDA:1131,15,2,-
BRDA:1131,15,3,-
BRDA:1131,164,4,-
BRDA:1131,164,5,-
BRDA:1135,26,0,-
BRDA:1135,e26,1,-
BRDA:1135,27,2,-
BRDA:1135,e27,3,-
BRDA:1136,28,0,-
BRDA:1136,e28,1,-
BRDA:1139,29,0,-
BRDA:1139,e29,1,-
BRDA:1139,123,2,-
BRDA:1139,123,3,-
BRDA:1143,37,0,-
BRDA:1143,37,1,-
BRDA:1143,39,2,-
BRDA:1143,39,3,-
BRDA:1143,42,4,-
BRDA:1143,42,5,-
BRDA:1147,54,0,-
BRDA:1147,e54,1,-
BRDA:1149,52,0,-
BRDA:1149,e52,1,-
BRDA:1150,45,0,-
BRDA:1150,45,1,-
BRDA:1150,48,2,-
BRDA:1150,e48,3,-
BRDA:1150,49,4,-
BRDA:1150,e49,5,-
BRDA:1150,58,6,-
BRDA:1150,58,7,-
BRDA:1150,205,8,-
BRDA:1150,205,9,-
BRDA:1153,61,0,-
BRDA:1153,61,1,-
BRDA:1161,75,0,-
BRDA:1161,75,1,-
BRDA:1161,212,2,-
BRDA:1161,212,3,-
BRDA:1165,90,0,-
BRDA:1165,e90,1,-
BRDA:1166,93,0,-
BRDA:1166,e93,1,-
BRDA:1166,94,2,-
BRDA:1166,e94,3,-
BRDA:1166,95,4,-
BRDA:1166,e95,5,-
BRDA:1166,96,6,-
BRDA:1166,e96,7,-
BRDA:1167,101,0,-
BRDA:1167,e101,1,-
BRDA:1167,102,2,-
BRDA:1167,102,3,-
BRDA:1175,106,0,-
BRDA:1175,e106,1,-
BRDA:1176,109,0,-
BRDA:1176,e109,1,-
BRDA:1176,110,2,-
BRDA:1176,110,3,-
BRDA:1188,112,0,-
BRDA:1188,e112,1,-
BRDA:1191,135,0,-
BRDA:1191,e135,1,-
BRDA:1191,138,2,-
BRDA:1191,138,3,-
BRDA:1191,281,4,-
BRDA:1191,281,5,-
BRDA:1196,5,0,-
BRDA:1196,e5,1,-
BRDA:1196,7,2,-
BRDA:1196,e7,3,-
BRDA:1196,8,4,-
BRDA:1196,e8,5,-
BRDA:1196,9,6,-
BRDA:1196,e9,7,-
BRDA:1196,10,8,-
BRDA:1196,e10,9,-
BRDA:1196,11,10,-
BRDA:1196,e11,11,-
BRDA:1196,18,12,-
BRDA:1196,18,13,-
BRDA:1196,22,14,-
BRDA:1196,22,15,-
BRDA:1196,62,16,-
BRDA:1196,e62,17,-
BRDA:1196,63,18,-
BRDA:1196,e63,19,-
BRDA:1196,64,20,-
BRDA:1196,e64,21,-
BRDA:1196,65,22,-
BRDA:1196,e65,23,-
BRDA:1196,67,24,-
BRDA:1196,e67,25,-
BRDA:1196,68,26,-
BRDA:1196,e68,27,-
BRDA:1196,69,28,-
BRDA:1196,e69,29,-
BRDA:1196,70,30,-
BRDA:1196,e70,31,-
BRDA:1196,71,32,-
BRDA:1196,e71,33,-
BRDA:1196,78,34,-
BRDA:1196,78,35,-
BRDA:1196,82,36,-
BRDA:1196,82,37,-
BRDA:1196,86,38,-
BRDA:1196,86,39,-
BRDA:1196,125,40,-
BRDA:1196,e125,41,-
BRDA:1196,127,42,-
BRDA:1196,e127,43,-
BRDA:1196,128,44,-
BRDA:1196,e128,45,-
BRDA:1196,130,46,-
BRDA:1196,e130,47,-
BRDA:1196,131,48,-
BRDA:1196,e131,49,-
BRDA:1196,132,50,-
BRDA:1196,e132,51,-
BRDA:1196,133,52,-
BRDA:1196,e133,53,-
BRDA:1196,134,54,-
BRDA:1196,e134,55,-
BRDA:1196,141,56,-
BRDA:1196,141,57,-
BRDA:1196,145,58,-
BRDA:1196,145,59,-
BRDA:1196,149,60,-
BRDA:1196,149,61,-
BRDA:1196,156,62,-
BRDA:1196,156,63,-
BRDA:1196,168,64,-
BRDA:1196,168,65,-
BRDA:1196,172,66,-
BRDA:1196,172,67,-
BRDA:1196,174,68,-
BRDA:1196,174,69,-
BRDA:1196,179,70,-
BRDA:1196,179,71,-
BRDA:1196,184,72,-
BRDA:1196,184,73,-
BRDA:1196,186,74,-
BRDA:1196,186,75,-
BRDA:1196,190,76,-
BRDA:1196,190,77,-
BRDA:1196,192,78,-
BRDA:1196,192,79,-
BRDA:1196,216,80,-
BRDA:1196,216,81,-
BRDA:1196,220,82,-
BRDA:1196,220,83,-
BRDA:1196,222,84,-
BRDA:1196,222,85,-
BRDA:1196,227,86,-
BRDA:1196,227,87,-
BRDA:1196,232,88,-
BRDA:1196,232,89,-
BRDA:1196,234,90,-
BRDA:1196,234,91,-
BRDA:1196,239,92,-
BRDA:1196,239,93,-
BRDA:1196,243,94,-
BRDA:1196,243,95,-
BRDA:1196,245,96,-
BRDA:1196,245,97,-
BRDA:1196,249,98,-
BRDA:1196,249,99,-
BRDA:1196,251,100,-
BRDA:1196,251,101,-
BRDA:1196,285,102,-
BRDA:1196,285,103,-
BRDA:1196,289,104,-
BRDA:1196,289,105,-
BRDA:1196,291,106,-
BRDA:1196,291,107,-
BRDA:1196,296,108,-
BRDA:1196,296,109,-
BRDA:1196,300,110,-
BRDA:1196,300,111,-
BRDA:1196,302,112,-
BRDA:1196,302,113,-
BRDA:1196,307,114,-
BRDA:1196,307,115,-
BRDA:1196,312,116,-
BRDA:1196,312,117,-
BRDA:1196,314,118,-
BRDA:1196,314,119,-
BRDA:1196,318,120,-
BRDA:1196,318,121,-
BRDA:1196,320,122,-
BRDA:1196,320,123,-
BRDA:1198,61,0,-
BRDA:1198,e61,1,-
BRDA:1198,62,2,-
BRDA:1198,e62,3,-
BRDA:1200,2,0,-
BRDA:1200,e2,1,-
BRDA:1202,4,0,-
BRDA:1202,4,1,-
BRDA:1204,12,0,-
BRDA:1204,e12,1,-
BRDA:1204,15,2,-
BRDA:1204,15,3,-
BRDA:1204,210,4,-
BRDA:1204,210,5,-
BRDA:1208,26,0,-
BRDA:1208,e26,1,-
BRDA:1208,27,2,-
BRDA:1208,e27,3,-
BRDA:1210,29,0,-
BRDA:1210,e29,1,-
BRDA:1210,30,2,-
BRDA:1210,e30,3,-
BRDA:1210,31,4,-
BRDA:1210,e31,5,-
BRDA:1210,32,6,-
BRDA:1210,e32,7,-
BRDA:1211,36,0,-
BRDA:1211,e36,1,-
BRDA:1211,37,2,-
BRDA:1211,e37,3,-
BRDA:1211,38,4,-
BRDA:1211,e38,5,-
BRDA:1211,39,6,-
BRDA:1211,e39,7,-
BRDA:1211,40,8,-
BRDA:1211,e40,9,-
BRDA:1211,41,10,-
BRDA:1211,e41,11,-
BRDA:1212,47,0,-
BRDA:1212,e47,1,-
BRDA:1214,48,0,-
BRDA:1214,e48,1,-
BRDA:1216,81,0,-
BRDA:1216,81,1,-
BRDA:1218,53,0,-
BRDA:1218,e53,1,-
BRDA:1218,54,2,-
BRDA:1218,e54,3,-
BRDA:1218,55,4,-
BRDA:1218,e55,5,-
BRDA:1218,56,6,-
BRDA:1218,e56,7,-
BRDA:1218,57,8,-
BRDA:1218,e57,9,-
BRDA:1218,58,10,-
BRDA:1218,e58,11,-
BRDA:1218,59,12,-
BRDA:1218,e59,13,-
BRDA:1219,66,0,-
BRDA:1219,e66,1,-
BRDA:1219,67,2,-
BRDA:1219,e67,3,-
BRDA:1219,68,4,-
BRDA:1219,e68,5,-
BRDA:1222,82,0,-
BRDA:1222,e82,1,-
BRDA:1222,83,2,-
BRDA:1222,e83,3,-
BRDA:1222,84,4,-
BRDA:1222,e84,5,-
BRDA:1222,85,6,-
BRDA:1222,e85,7,-
BRDA:1222,86,8,-
BRDA:1222,e86,9,-
BRDA:1222,87,10,-
BRDA:1222,e87,11,-
BRDA:1222,88,12,-
BRDA:1222,e88,13,-
BRDA:1226,97,0,-
BRDA:1226,e97,1,-
BRDA:1226,98,2,-
BRDA:1226,e98,3,-
BRDA:1226,99,4,-
BRDA:1226,e99,5,-
BRDA:1226,100,6,-
BRDA:1226,e100,7,-
BRDA:1227,101,0,-
BRDA:1227,e101,1,-
BRDA:1228,95,0,-
BRDA:1228,e95,1,-
BRDA:1228,96,2,-
BRDA:1228,e96,3,-
BRDA:1228,102,4,-
BRDA:1228,e102,5,-
BRDA:1229,103,0,-
BRDA:1229,e103,1,-
BRDA:1231,113,0,-
BRDA:1231,e113,1,-
BRDA:1233,114,0,-
BRDA:1233,114,1,-
BRDA:1233,115,2,-
BRDA:1233,e115,3,-
BRDA:1233,116,4,-
BRDA:1233,116,5,-
BRDA:1233,119,6,-
BRDA:1233,119,7,-
BRDA:1235,127,0,-
BRDA:1235,e127,1,-
BRDA:1235,130,2,-
BRDA:1235,130,3,-
BRDA:1235,340,4,-
BRDA:1235,340,5,-
BRDA:1239,155,0,-
BRDA:1239,e155,1,-
BRDA:1239,158,2,-
BRDA:1239,158,3,-
BRDA:1239,376,4,-
BRDA:1239,376,5,-
BRDA:1242,150,0,-
BRDA:1242,e150,1,-
BRDA:1242,151,2,-
BRDA:1242,e151,3,-
BRDA:1247,5,0,-
BRDA:1247,e5,1,-
BRDA:1247,7,2,-
BRDA:1247,e7,3,-
BRDA:1247,8,4,-
BRDA:1247,e8,5,-
BRDA:1247,9,6,-
BRDA:1247,e9,7,-
BRDA:1247,10,8,-
BRDA:1247,e10,9,-
BRDA:1247,11,10,-
BRDA:1247,e11,11,-
BRDA:1247,18,12,-
BRDA:1247,18,13,-
BRDA:1247,22,14,-
BRDA:1247,22,15,-
BRDA:1247,120,16,-
BRDA:1247,e120,17,-
BRDA:1247,122,18,-
BRDA:1247,e122,19,-
BRDA:1247,123,20,-
BRDA:1247,e123,21,-
BRDA:1247,124,22,-
BRDA:1247,e124,23,-
BRDA:1247,125,24,-
BRDA:1247,e125,25,-
BRDA:1247,126,26,-
BRDA:1247,e126,27,-
BRDA:1247,133,28,-
BRDA:1247,133,29,-
BRDA:1247,137,30,-
BRDA:1247,137,31,-
BRDA:1247,141,32,-
BRDA:1247,e141,33,-
BRDA:1247,143,34,-
BRDA:1247,e143,35,-
BRDA:1247,144,36,-
BRDA:1247,e144,37,-
BRDA:1247,145,38,-
BRDA:1247,e145,39,-
BRDA:1247,146,40,-
BRDA:1247,e146,41,-
BRDA:1247,147,42,-
BRDA:1247,e147,43,-
BRDA:1247,148,44,-
BRDA:1247,e148,45,-
BRDA:1247,149,46,-
BRDA:1247,e149,47,-
BRDA:1247,152,48,-
BRDA:1247,e152,49,-
BRDA:1247,153,50,-
BRDA:1247,e153,51,-
BRDA:1247,154,52,-
BRDA:1247,e154,53,-
BRDA:1247,161,54,-
BRDA:1247,161,55,-
BRDA:1247,168,56,-
BRDA:1247,168,57,-
BRDA:1247,173,58,-
BRDA:1247,173,59,-
BRDA:1247,178,60,-
BRDA:1247,178,61,-
BRDA:1247,182,62,-
BRDA:1247,182,63,-
BRDA:1247,186,64,-
BRDA:1247,186,65,-
BRDA:1247,190,66,-
BRDA:1247,190,67,-
BRDA:1247,194,68,-
BRDA:1247,194,69,-
BRDA:1247,198,70,-
BRDA:1247,198,71,-
BRDA:1247,202,72,-
BRDA:1247,202,73,-
BRDA:1247,214,74,-
BRDA:1247,214,75,-
BRDA:1247,218,76,-
BRDA:1247,218,77,-
BRDA:1247,220,78,-
BRDA:1247,220,79,-
BRDA:1247,225,80,-
BRDA:1247,225,81,-
BRDA:1247,230,82,-
BRDA:1247,230,83,-
BRDA:1247,232,84,-
BRDA:1247,232,85,-
BRDA:1247,236,86,-
BRDA:1247,236,87,-
BRDA:1247,238,88,-
BRDA:1247,238,89,-
BRDA:1247,344,90,-
BRDA:1247,344,91,-
BRDA:1247,348,92,-
BRDA:1247,348,93,-
BRDA:1247,350,94,-
BRDA:1247,350,95,-
BRDA:1247,355,96,-
BRDA:1247,355,97,-
BRDA:1247,360,98,-
BRDA:1247,360,99,-
BRDA:1247,362,100,-
BRDA:1247,362,101,-
BRDA:1247,366,102,-
BRDA:1247,366,103,-
BRDA:1247,368,104,-
BRDA:1247,368,105,-
BRDA:1247,380,106,-
BRDA:1247,380,107,-
BRDA:1247,393,108,-
BRDA:1247,393,109,-
BRDA:1247,395,110,-
BRDA:1247,395,111,-
BRDA:1247,400,112,-
[...]
FNDA:1,backend::DataStore::ReplaceTasksForClass(std::__cxx11::basic_string<char, std::char_traits<char>, std::allocator<char> > const&, std::vector<backend::TaskItem, std::allocator<backend::TaskItem> > const&)
FN:170,backend::DataStore::ReplaceTasksForClass(std::__cxx11::basic_string<char, std::char_traits<char>, std::allocator<char> > const&, std::vector<backend::TaskItem, std::allocator<backend::TaskItem> > const&)::{lambda(backend::TaskItem const&)#1}::operator()(backend::TaskItem const&) const
FNDA:0,backend::DataStore::ReplaceTasksForClass(std::__cxx11::basic_string<char, std::char_traits<char>, std::allocator<char> > const&, std::vector<backend::TaskItem, std::allocator<backend::TaskItem> > const&)::{lambda(backend::TaskItem const&)#1}::operator()(backend::TaskItem const&) const
FN:178,backend::DataStore::ReplaceSubmissionsForTask(std::__cxx11::basic_string<char, std::char_traits<char>, std::allocator<char> > const&, std::vector<backend::SubmissionItem, std::allocator<backend::SubmissionItem> > const&)
FNDA:3,backend::DataStore::ReplaceSubmissionsForTask(std::__cxx11::basic_string<char, std::char_traits<char>, std::allocator<char> > const&, std::vector<backend::SubmissionItem, std::allocator<backend::SubmissionItem> > const&)
FN:190,backend::DataStore::ReplaceSubmissionsForTask(std::__cxx11::basic_string<char, std::char_traits<char>, std::allocator<char> > const&, std::vector<backend::SubmissionItem, std::allocator<backend::SubmissionItem> > const&)::{lambda(backend::SubmissionItem const&)#1}::operator()(backend::SubmissionItem const&) const
FNDA:1,backend::DataStore::ReplaceSubmissionsForTask(std::__cxx11::basic_string<char, std::char_traits<char>, std::allocator<char> > const&, std::vector<backend::SubmissionItem, std::allocator<backend::SubmissionItem> > const&)::{lambda(backend::SubmissionItem const&)#1}::operator()(backend::SubmissionItem const&) const
FNF:15
FNH:14
BRDA:14,2,0,1
BRDA:14,e2,1,-
BRDA:17,4,0,1
BRDA:17,e4,1,-
BRDA:17,5,2,1
BRDA:17,e5,3,-
BRDA:18,8,0,1
BRDA:18,e8,1,-
BRDA:18,9,2,1
BRDA:18,e9,3,-
BRDA:19,12,0,1
BRDA:19,e12,1,-
BRDA:19,13,2,1
BRDA:19,e13,3,-
BRDA:20,16,0,1
BRDA:20,e16,1,-
BRDA:20,17,2,1
BRDA:20,e17,3,-
BRDA:21,22,0,1
BRDA:21,e22,1,-
BRDA:21,25,2,1
BRDA:21,e25,3,-
BRDA:23,28,0,1
BRDA:23,e28,1,-
BRDA:23,29,2,1
BRDA:23,e29,3,-
BRDA:23,30,4,1
BRDA:23,e30,5,-
BRDA:23,31,6,1
BRDA:23,e31,7,-
BRDA:23,32,8,1
BRDA:23,e32,9,-
BRDA:23,33,10,1
BRDA:23,e33,11,-
BRDA:24,39,0,1
BRDA:24,e39,1,-
BRDA:24,40,2,1
BRDA:24,e40,3,-
BRDA:30,2,0,2
BRDA:30,e2,1,-
BRDA:30,3,2,2
BRDA:30,e3,3,-
BRDA:30,4,4,2
BRDA:30,e4,5,-
BRDA:30,5,6,2
BRDA:30,e5,7,-
BRDA:30,6,8,2
BRDA:30,e6,9,-
BRDA:30,7,10,2
BRDA:30,e7,11,-
BRDA:31,13,0,2
BRDA:31,e13,1,-
BRDA:33,15,0,1
BRDA:33,15,1,1
BRDA:42,19,0,1
BRDA:42,e19,1,-
BRDA:47,68,0,-
BRDA:47,e68,1,-
BRDA:50,24,0,1
BRDA:50,e24,1,-
BRDA:51,27,0,1
BRDA:51,e27,1,-
BRDA:52,30,0,1
BRDA:52,e30,1,-
BRDA:53,33,0,1
BRDA:53,e33,1,-
BRDA:55,37,0,-
BRDA:55,37,1,1
BRDA:65,2,0,1
BRDA:65,e2,1,-
BRDA:65,3,2,1
BRDA:65,e3,3,-
BRDA:65,4,4,1
BRDA:65,e4,5,-
BRDA:65,5,6,1
BRDA:65,e5,7,-
BRDA:65,6,8,1
BRDA:65,e6,9,-
BRDA:67,11,0,1
BRDA:67,e11,1,-
BRDA:67,12,2,1
BRDA:67,12,3,-
BRDA:69,13,0,1
BRDA:69,e13,1,-
BRDA:75,2,0,1
BRDA:75,e2,1,-
BRDA:75,3,2,1
BRDA:75,e3,3,-
BRDA:75,4,4,1
BRDA:75,e4,5,-
BRDA:75,5,6,1
BRDA:75,e5,7,-
BRDA:75,6,8,1
BRDA:75,e6,9,-
BRDA:76,11,0,1
BRDA:76,e11,1,-
BRDA:76,12,2,1
BRDA:76,e12,3,-
BRDA:76,13,4,1
BRDA:76,e13,5,-
BRDA:92,18,0,2
BRDA:92,18,1,1
BRDA:94,7,0,2
BRDA:94,7,1,-
BRDA:96,8,0,2
BRDA:96,e8,1,-
BRDA:107,19,0,4
BRDA:107,19,1,2
BRDA:109,7,0,4
BRDA:109,7,1,-
BRDA:111,8,0,4
BRDA:111,e8,1,-
BRDA:120,18,0,3
BRDA:120,18,1,-
BRDA:122,7,0,3
BRDA:122,7,1,-
BRDA:137,2,0,1
BRDA:137,e2,1,-
BRDA:137,22,2,2
BRDA:137,22,3,1
BRDA:139,7,0,-
BRDA:139,7,1,2
BRDA:145,9,0,2
BRDA:145,e9,1,-
BRDA:145,10,2,2
BRDA:145,10,3,-
BRDA:156,25,0,1
BRDA:156,e25,1,-
BRDA:156,26,2,1
BRDA:156,e26,3,-
BRDA:157,30,0,1
BRDA:157,e30,1,-
BRDA:158,34,0,1
BRDA:158,e34,1,-
BRDA:159,38,0,1
BRDA:159,e38,1,-
BRDA:170,8,0,1
BRDA:170,e8,1,-
BRDA:170,12,2,1
BRDA:170,e12,3,-
BRDA:175,19,0,1
BRDA:175,e19,1,-
BRDA:182,20,0,1
BRDA:182,20,1,3
BRDA:184,8,0,1
BRDA:184,8,1,-
BRDA:186,9,0,1
BRDA:186,e9,1,-
BRDA:186,10,2,1
BRDA:186,e10,3,-
BRDA:190,27,0,3
BRDA:190,e27,1,-
BRDA:190,31,2,3
BRDA:190,e31,3,-
BRDA:195,36,0,4
BRDA:195,e36,1,-
BRDA:195,61,2,4
BRDA:195,61,3,3
BRDA:197,37,0,4
BRDA:197,e37,1,-
BRDA:199,40,0,1
BRDA:199,40,1,3
BRDA:206,47,0,1
BRDA:206,e47,1,-
BRDA:207,49,0,1
BRDA:207,e49,1,-
BRDA:210,50,0,4
BRDA:210,e50,1,-
BRF:168
BRH:90
DA:12,1,18928fd8024b38cd02fb1a364cb112e0
DA:14,1,5bbe68e719e51ab3f0121069c90f4b6f
DA:16,1,4187210857053a8fe24eaf1b9fa3ec3e
DA:17,1,6ca90570ad05bf338f464cad1fe726d5
DA:18,1,0ab2b77bdb8ea15a08759c55dc9ecf8d
DA:19,1,0167046ef82202404405a15b3c96b377
DA:20,1,545a3ee76ac2528e4ef85a8046ca3367
DA:21,1,5eef07caec2b0b3b3fa2f003d3e2aa69
DA:23,1,e0f1979be1597de88cda5c0c0d270085
DA:24,1,618d6189c4d59f8b1b80b839682e4de2
DA:25,1,6df32532a4f7f2b29aa60370377ad2a2
DA:26,1,68e4fcd72e87ba52e753d0af1b16fc7d
DA:28,2,531220594e415e450301adf3fd43a646
DA:30,2,e0f1979be1597de88cda5c0c0d270085
DA:31,2,cb731e1ff4e31e52c8f79a57c0425a59
DA:33,2,d948bd9c0932bd1725d079a23d6b9212
DA:35,1,025aeabc346559acd1624f3a2afba9d4
DA:38,1,4187210857053a8fe24eaf1b9fa3ec3e
DA:42,1,b5b05b3fa0e0be3999fd60be2afc74b0
DA:44,0,41b0fbeb05495a2975e541b06244eadb
DA:46,0,025aeabc346559acd1624f3a2afba9d4
DA:47,0,e82f3e56d2a6718da3f068e5e6f91343
DA:49,1,f3a0f5869cfee9b8a0b2b0c696ff731d
DA:50,1,784f45777a20001406b000e9219d1002
DA:51,1,735366dc6d6610c422eeed4f01d2defc
DA:52,1,5bde32e15c4f3534437e581612cc0793
DA:53,1,d90f18f899fe2fad675500d99e5bd86f
DA:55,1,fa9d213e06778cd783fa20c827991599
DA:57,0,025aeabc346559acd1624f3a2afba9d4
DA:60,1,867369b794aca9bd1bdb84306406df43
DA:61,2,68e4fcd72e87ba52e753d0af1b16fc7d
DA:63,1,a7e0edd3eb90973b972fd2d2ac10f2c4
DA:65,1,bf228f799d5b524d67a34fc4fbbfddf2
DA:67,1,bf5d4a00e8b57311c31f69da757488c1
DA:69,1,aaea3f5481e81035614c7ea4b8f46911
DA:71,1,68e4fcd72e87ba52e753d0af1b16fc7d
DA:73,1,f9cb86df1f3233233ed597cbd65990b4
DA:75,1,a527bf26811362618426ccd97cc5e652
DA:76,1,dae4969519da3c958a0e0d2c190d947f
DA:77,1,68e4fcd72e87ba52e753d0af1b16fc7d
DA:79,2,ee21701f2ae5fc4078c6435fcdb7be86
DA:81,2,68e4fcd72e87ba52e753d0af1b16fc7d
DA:83,1,77374f6a4eb1aec9f2df48c1a89d8121
DA:85,1,ddba89f59ca052dea7969374e33dde64
DA:88,1,e31ebb86a3796c80c6a95235e5169dd9
DA:90,1,0292daa4a597248c6a4805bccb79c3a4
DA:92,4,6197f749882c1d8fa5b24962ddc1cba3
DA:94,2,013616fc622b64b8f9fce82e5f2dd512
DA:96,2,d9d3b9ea690a3ec227bd5fffeb3d841e
DA:100,1,9c09742722579a5a693a41e91a3ca8b0
DA:101,0,68e4fcd72e87ba52e753d0af1b16fc7d
DA:103,2,fef919164a5ea7dc464a9acbd5b836c9
DA:105,2,9d2acf37a6955e47964237a7afa4840e
DA:107,8,5657e0d0f322655f5c2d6657fb8ce230
DA:109,4,c5121989dd2023b87c43fb46431d0e9f
DA:111,4,a51cafb92a3c831d578f314c049ba840
DA:115,2,9c09742722579a5a693a41e91a3ca8b0
DA:116,0,68e4fcd72e87ba52e753d0af1b16fc7d
DA:118,3,4fe10222df80dbc8a461eb9225f5dfe1
DA:120,6,5657e0d0f322655f5c2d6657fb8ce230
DA:122,3,7de412d32b94f5856dea63fcc7107737
DA:124,3,0c50c0d6b69d3dd6f33d94ca2a61f664
DA:128,0,4772bd5b659a6687bb0647450e234bb7
DA:131,1,95907ee89420da3214f6567333bad073
DA:133,1,ba50bf211b82b85f84ea04879263016b
DA:134,1,0e188f94f5a527cf681940aeb8babf39
DA:135,1,2d7b857b858645f2ee5019b7bdf8b7e3
DA:137,4,5f48323aebede77804e8deb824904221
DA:139,2,dfa8a3e6e5b0690553e9d56c42c9ff78
DA:141,0,5fcd0aa3884990da55a562874e0a2d43
DA:142,0,a10d698a36960e3b442c7e9c6364816a
DA:145,2,4fd7cc8b8fe7496dba0c52dee1dfa8da
DA:147,2,3f566022a90797cff57c54d27f9b39e1
DA:151,0,3e6a33c48feec538f657b29b1ca35713
DA:153,1,e82f3e56d2a6718da3f068e5e6f91343
DA:155,1,e4b8eb382a01ec748d03336ec54223a0
DA:156,1,1fb882e86b564de67885e25405216dbf
DA:157,1,d9821dce3cc48347d634978dc62b37be
DA:158,1,a8d349df688b538143fbc123d8f4a6a1
DA:159,1,92f60368c82740cb309c4b988ebd6f73
DA:160,1,5b7a5eff5e24dc4e4233fbcfff04e807
DA:161,0,68e4fcd72e87ba52e753d0af1b16fc7d
DA:163,1,5a8f39262b6aab31f1602f682ddab38c
DA:165,1,a3ae825ac2d45be806db61821a5ef502
DA:166,1,68e4fcd72e87ba52e753d0af1b16fc7d
DA:168,1,4050a3f3931f05dc489a0bc6a3e069a7
DA:170,0,7e526cc07befba12cb38555807cc570c
DA:172,0,17e75f71a2855aaac873780c8ee90cab
DA:173,1,3e2cd845c3f0b3e4660452b70cc4fbbb
DA:175,2,f786eab198466b0a58efe38234693638
DA:176,1,68e4fcd72e87ba52e753d0af1b16fc7d
DA:178,3,ae99850c7d76ddda65a37dc2566b1581
DA:180,3,dba8f89c467ceee91cf392811e98cd9a
DA:182,7,f575cbccab6e9d444c898ee3660b50d7
DA:184,1,5e518b85717e92ce43b8f8540717076c
DA:186,1,56f8f16413e5d86f0e0a9adcaa7c381a
DA:190,1,5e2559675ad9186cc0c4094142198b81
DA:192,1,aa8f9f6acda5e4265313124114a7e7e2
DA:193,3,63270f0b05f020c8066c48efad20fca8
DA:195,14,70aea205d4f567f41c8e73ea00ed73d8
DA:197,4,db44bf26cd00909f0afbf013f13efb39
DA:199,4,3f203de42ba45ccacc07a49286b8fc66
DA:201,1,9772fddcc07f32b79e266a129c73be69
DA:202,1,c37916ec2b6fa63f3456e203f8420d0e
DA:203,1,315f20bbe557804f70813480469a1843
DA:204,1,00fb50f766b262e015da27bae14f0051
DA:205,1,e4af424a538125d631bce2a0857cbac4
DA:206,1,3f290a1e1c9871d47bd8f4e44a8522e7
DA:207,1,952ea90dc24ea581200639707f8904f9
DA:210,4,e2406dbbefeb7d438c91a7abed4729fe
DA:211,4,e82f3e56d2a6718da3f068e5e6f91343
DA:212,3,68e4fcd72e87ba52e753d0af1b16fc7d
LH:100
LF:112
end_of_record
SF:C:/AIChecker/src/server/Stores.h
VER:b02ff6b526e866e9100df31f556d6f7f
FNF:0
FNH:0
BRDA:16,61,0,-
BRDA:16,e61,1,-
BRDA:16,67,2,-
BRDA:16,e67,3,-
BRF:4
BRH:0
DA:16,0,0cb1d6308a2ef185989cc313e5d1af9e
LH:0
LF:1
end_of_record
SF:C:/AIChecker/src/server/Utils.cpp
VER:8ed63e959311664722416fb83b4d4e27
FN:12,backend::GetAppDataRoot[abi:cxx11]()
FNDA:15,backend::GetAppDataRoot[abi:cxx11]()
FN:28,backend::SessionDir[abi:cxx11]()
FNDA:5,backend::SessionDir[abi:cxx11]()
FN:35,backend::CacheDir[abi:cxx11]()
FNDA:6,backend::CacheDir[abi:cxx11]()
FN:42,backend::RepoCacheDir[abi:cxx11]()
FNDA:2,backend::RepoCacheDir[abi:cxx11]()
FN:49,backend::OutboxDir[abi:cxx11]()
FNDA:3,backend::OutboxDir[abi:cxx11]()
FN:56,backend::RandomId[abi:cxx11]()
FNDA:1,backend::RandomId[abi:cxx11]()
FN:65,backend::ReadFileText(std::__cxx11::basic_string<char, std::char_traits<char>, std::allocator<char> > const&)
FNDA:5,backend::ReadFileText(std::__cxx11::basic_string<char, std::char_traits<char>, std::allocator<char> > const&)
FN:79,backend::WriteFileText(std::__cxx11::basic_string<char, std::char_traits<char>, std::allocator<char> > const&, std::__cxx11::basic_string<char, std::char_traits<char>, std::allocator<char> > const&)
FNDA:4,backend::WriteFileText(std::__cxx11::basic_string<char, std::char_traits<char>, std::allocator<char> > const&, std::__cxx11::basic_string<char, std::char_traits<char>, std::allocator<char> > const&)
FN:99,backend::GetSessionIdFromCookie[abi:cxx11](httplib::Request const&)
FNDA:0,backend::GetSessionIdFromCookie[abi:cxx11](httplib::Request const&)
FN:133,backend::ToJson[abi:cxx11](backend::ClassItem const&)
FNDA:0,backend::ToJson[abi:cxx11](backend::ClassItem const&)
FN:141,backend::ToJson[abi:cxx11](backend::TaskItem const&)
FNDA:0,backend::ToJson[abi:cxx11](backend::TaskItem const&)
FN:150,backend::ToJson[abi:cxx11](backend::SubmissionItem const&)
FNDA:0,backend::ToJson[abi:cxx11](backend::SubmissionItem const&)
FN:169,backend::JsonResponse(httplib::Response&, nlohmann::json_abi_v3_11_3::basic_json<std::map, std::vector, std::__cxx11::basic_string<char, std::char_traits<char>, std::allocator<char> >, bool, long long, unsigned long long, double, std::allocator, nlohmann::json_abi_v3_11_3::adl_serializer, std::vector<unsigned char, std::allocator<unsigned char> >, void> const&, int)
FNDA:0,backend::JsonResponse(httplib::Response&, nlohmann::json_abi_v3_11_3::basic_json<std::map, std::vector, std::__cxx11::basic_string<char, std::char_traits<char>, std::allocator<char> >, bool, long long, unsigned long long, double, std::allocator, nlohmann::json_abi_v3_11_3::adl_serializer, std::vector<unsigned char, std::allocator<unsigned char> >, void> const&, int)
FNF:13
FNH:8
BRDA:16,3,0,15
BRDA:16,3,1,-
BRDA:18,4,0,15
BRDA:18,e4,1,-
BRDA:18,5,2,15
BRDA:18,e5,3,-
BRDA:18,6,4,15
BRDA:18,e6,5,-
BRDA:19,9,0,15
BRDA:19,e9,1,-
BRDA:20,10,0,15
BRDA:20,e10,1,-
BRDA:23,14,0,-
BRDA:23,e14,1,-
BRDA:23,15,2,-
BRDA:23,e15,3,-
BRDA:23,16,4,-
BRDA:23,e16,5,-
BRDA:24,19,0,-
BRDA:24,e19,1,-
BRDA:25,20,0,-
BRDA:25,e20,1,-
BRDA:30,2,0,5
BRDA:30,e2,1,-
BRDA:30,3,2,5
BRDA:30,e3,3,-
BRDA:30,4,4,5
BRDA:30,e4,5,-
BRDA:30,5,6,5
BRDA:30,e5,7,-
BRDA:31,9,0,5
BRDA:31,e9,1,-
BRDA:32,10,0,5
BRDA:32,e10,1,-
BRDA:37,2,0,6
BRDA:37,e2,1,-
BRDA:37,3,2,6
BRDA:37,e3,3,-
BRDA:37,4,4,6
BRDA:37,e4,5,-
BRDA:37,5,6,6
BRDA:37,e5,7,-
BRDA:38,9,0,6
BRDA:38,e9,1,-
BRDA:39,10,0,6
BRDA:39,e10,1,-
BRDA:44,2,0,2
BRDA:44,e2,1,-
BRDA:44,3,2,2
BRDA:44,e3,3,-
BRDA:44,4,4,2
BRDA:44,e4,5,-
BRDA:44,5,6,2
BRDA:44,e5,7,-
BRDA:45,9,0,2
BRDA:45,e9,1,-
BRDA:46,10,0,2
BRDA:46,e10,1,-
BRDA:51,2,0,3
BRDA:51,e2,1,-
BRDA:51,3,2,3
BRDA:51,e3,3,-
BRDA:51,4,4,3
BRDA:51,e4,5,-
BRDA:51,5,6,3
BRDA:51,e5,7,-
BRDA:52,9,0,3
BRDA:52,e9,1,-
BRDA:53,10,0,3
BRDA:53,e10,1,-
BRDA:58,2,0,1
BRDA:58,2,1,-
BRDA:58,4,2,1
BRDA:58,4,3,-
BRDA:58,5,4,1
BRDA:58,e5,5,-
BRDA:58,6,6,1
BRDA:58,e6,7,-
BRDA:58,7,8,1
BRDA:58,e7,9,-
BRDA:58,28,10,-
BRDA:58,28,11,-
BRDA:59,11,0,1
BRDA:59,11,1,-
BRDA:59,13,2,1
BRDA:59,13,3,-
BRDA:59,14,4,1
BRDA:59,e14,5,-
BRDA:59,31,6,-
BRDA:59,31,7,-
BRDA:60,16,0,1
BRDA:60,e16,1,-
BRDA:61,17,0,1
BRDA:61,e17,1,-
BRDA:61,18,2,1
BRDA:61,e18,3,-
BRDA:61,19,4,1
BRDA:61,e19,5,-
BRDA:62,20,0,1
BRDA:62,e20,1,-
BRDA:67,2,0,5
BRDA:67,e2,1,-
BRDA:69,4,0,2
BRDA:69,4,1,3
BRDA:74,6,0,3
BRDA:74,e6,1,-
BRDA:75,8,0,3
BRDA:75,e8,1,-
BRDA:76,9,0,3
BRDA:76,e9,1,-
BRDA:81,2,0,4
BRDA:81,e2,1,-
BRDA:83,4,0,4
BRDA:83,4,1,-
BRDA:85,5,0,4
BRDA:85,e5,1,-
BRDA:85,6,2,4
BRDA:85,e6,3,-
BRDA:88,10,0,4
BRDA:88,e10,1,-
BRDA:90,12,0,-
BRDA:90,12,1,4
BRDA:95,14,0,4
BRDA:95,e14,1,-
BRDA:101,4,0,-
BRDA:101,e4,1,-
BRDA:101,5,2,-
BRDA:101,e5,3,-
BRDA:103,9,0,-
BRDA:103,9,1,-
BRDA:108,13,0,-
BRDA:108,e13,1,-
BRDA:111,16,0,-
BRDA:111,16,1,-
BRDA:118,19,0,-
BRDA:118,19,1,-
BRDA:123,23,0,-
BRDA:123,e23,1,-
BRDA:125,25,0,-
BRDA:125,25,1,-
BRDA:130,27,0,-
BRDA:130,e27,1,-
BRDA:136,3,0,-
BRDA:136,e3,1,-
BRDA:136,4,2,-
BRDA:136,e4,3,-
BRDA:137,7,0,-
BRDA:137,e7,1,-
BRDA:137,8,2,-
BRDA:137,e8,3,-
BRDA:144,3,0,-
BRDA:144,e3,1,-
BRDA:144,4,2,-
BRDA:144,e4,3,-
BRDA:145,7,0,-
BRDA:145,e7,1,-
BRDA:145,8,2,-
BRDA:145,e8,3,-
BRDA:146,11,0,-
BRDA:146,e11,1,-
BRDA:146,12,2,-
BRDA:146,e12,3,-
BRDA:153,3,0,-
BRDA:153,e3,1,-
BRDA:153,4,2,-
BRDA:153,e4,3,-
BRDA:154,7,0,-
BRDA:154,e7,1,-
BRDA:154,8,2,-
BRDA:154,e8,3,-
BRDA:155,11,0,-
BRDA:155,e11,1,-
BRDA:155,12,2,-
BRDA:155,e12,3,-
BRDA:156,16,0,-
BRDA:156,16,1,-
BRDA:156,19,2,-
BRDA:156,e19,3,-
BRDA:156,20,4,-
BRDA:156,e20,5,-
BRDA:156,21,6,-
BRDA:156,e21,7,-
BRDA:156,22,8,-
BRDA:156,e22,9,-
BRDA:156,26,10,-
BRDA:156,26,11,-
BRDA:156,80,12,-
BRDA:156,80,13,-
BRDA:157,29,0,-
BRDA:157,e29,1,-
BRDA:157,30,2,-
BRDA:157,e30,3,-
BRDA:158,33,0,-
BRDA:158,e33,1,-
BRDA:158,34,2,-
BRDA:158,e34,3,-
BRDA:159,38,0,-
BRDA:159,e38,1,-
BRDA:160,42,0,-
BRDA:160,e42,1,-
BRDA:161,46,0,-
BRDA:161,e46,1,-
BRDA:162,50,0,-
BRDA:162,e50,1,-
BRDA:163,54,0,-
BRDA:163,e54,1,-
BRDA:164,57,0,-
BRDA:164,e57,1,-
BRDA:164,58,2,-
BRDA:164,e58,3,-
BRDA:165,61,0,-
BRDA:165,e61,1,-
BRDA:165,62,2,-
BRDA:165,e62,3,-
BRDA:172,4,0,-
BRDA:172,e4,1,-
BRDA:172,7,2,-
BRDA:172,e7,3,-
BRDA:172,8,4,-
BRDA:172,e8,5,-
BRDA:173,15,0,-
BRDA:173,e15,1,-
BRDA:173,16,2,-
BRDA:173,e16,3,-
BRDA:173,17,4,-
BRDA:173,e17,5,-
BRF:226
BRH:56
DA:12,15,367534639bd5f99b8fc6c52a6961b133
DA:14,15,1fed8a61c98cb03ba1d9c11a8a77870c
DA:16,15,09a2e1b7bcffa7b1fb7137fc36886d9c
DA:18,15,39167a366f4f4f6968aef8c46f4ff052
DA:19,15,b9eedd490cbcec85d8f3723d4126cba5
DA:20,15,fb3614d46cb3a28641921880d9bacd78
DA:21,15,e82f3e56d2a6718da3f068e5e6f91343
DA:23,0,7ed2618ee0383e1ed4206d4ab04d868f
DA:24,0,ae364da1e665acc19403cbfbfab8ab5e
DA:25,0,ebd1d3a4cd270c117b82b56b48995f94
DA:26,0,68e4fcd72e87ba52e753d0af1b16fc7d
DA:28,5,957af42f2e419674e53df661f262f6c7
DA:30,5,3e35b50b8f65621787e41fe601c046db
DA:31,5,77f8909a30488fdf1caf12652efdd085
DA:32,10,f5c72321672131886a7af057ce31972a
DA:33,5,68e4fcd72e87ba52e753d0af1b16fc7d
DA:35,6,08c14e5dec8634eb7d06ef919e89def3
DA:37,6,b10bd998d0cf4f4871afd87ff1bafa2a
DA:38,6,77f8909a30488fdf1caf12652efdd085
DA:39,12,f5c72321672131886a7af057ce31972a
DA:40,6,68e4fcd72e87ba52e753d0af1b16fc7d
DA:42,2,3a8fd216e9c7df1304b9e57e76965a87
DA:44,2,9e6ef98c952fc8aba2b0aa8d0fa1e4a0
DA:45,2,77f8909a30488fdf1caf12652efdd085
DA:46,4,f5c72321672131886a7af057ce31972a
DA:47,2,68e4fcd72e87ba52e753d0af1b16fc7d
DA:49,3,8ac1c73d1b06890aea9e194ed13fb132
DA:51,3,0c2ffa2a292079511c9e4f2f4f17f17d
DA:52,3,77f8909a30488fdf1caf12652efdd085
DA:53,6,f5c72321672131886a7af057ce31972a
DA:54,3,68e4fcd72e87ba52e753d0af1b16fc7d
DA:56,1,ce088fe322d3e92d301c9ab6ef98d85c
DA:58,1,f5c080fce80a7224a1185b72f5773f80
DA:59,1,e3d4eb8a6e40be5f1fdaa1d12484c670
DA:60,1,2a4c29766721b03d08e05bb124a30d4c
DA:61,1,3634f5f7065229c22a165c9b476c882f
DA:62,2,c070fa03949112a75961746f4cd910a7
DA:63,1,68e4fcd72e87ba52e753d0af1b16fc7d
DA:65,5,f4719deb8858e2d56975dbc64b604daf
DA:67,5,6ffd6279c0dbf6facf140445a0115444
DA:69,5,d5e1c965c48c771fb61b3bb34f48e007
DA:71,2,d3190705ac65226451d5e493ff144de8
DA:74,3,fe9cd4d4fcd8ff825f99476196289019
DA:75,3,721fd63d4f9d4fb2391b5f8067083995
DA:76,3,1144448ad6469e0833f917a187801ed0
DA:77,5,68e4fcd72e87ba52e753d0af1b16fc7d
DA:79,4,49a4937b436a9d1a813068ff111b6823
DA:81,4,c7ad528bb55af208e85636f7403a037d
DA:83,4,aa0aeb35315049bc5a9158fb0f681c24
DA:85,4,bc8e65afa33b5a6396e953e941bf12ef
DA:88,4,7f2107d5cdebb48b44d0f7e518eaca0c
DA:90,4,a4fc1472ad1764dbcdd7607dc73a0af4
DA:92,0,d74ab6c48c1c1db38fd5d6a0ad9172cf
DA:95,4,111eb3f5b17319112d82e44acdf02524
DA:96,4,62a065f25d3a698c626b4544d33c875d
DA:97,4,68e4fcd72e87ba52e753d0af1b16fc7d
DA:99,0,3a2dda699db05f5cb7af3440a5472ede
DA:101,0,7d60923e8d720f1d55fe9b2d601c2172
DA:103,0,6ca52136d9061bbe5379fd4ec51fd7db
DA:105,0,025aeabc346559acd1624f3a2afba9d4
DA:108,0,e3891a15da4035d03948cff7a533050b
DA:109,0,323fa23d3334913bbf46d7e16088e48a
DA:111,0,c72b4e26cdc526de48fe5e0d03335754
DA:113,0,025aeabc346559acd1624f3a2afba9d4
DA:116,0,183b18385f7cb25a90a6bb6a690e6a60
DA:118,0,66eebe63e13372b4fe9ff1ec9fc1347a
DA:120,0,d74c91520586c208db4f6fad17f7fd53
DA:123,0,a426e25191b63ae816fc629c0bdcf593
DA:125,0,4f404693ab0112459b3a39e625e09725
DA:127,0,025aeabc346559acd1624f3a2afba9d4
DA:130,0,e073fcb8d72c57205fe706849b842802
DA:131,0,68e4fcd72e87ba52e753d0af1b16fc7d
DA:133,0,1f7eb11aec35c018adfcfd09c332907d
DA:135,0,0167a765c11ab8729c95a77ce62a6367
DA:136,0,340c302a4e961fd3c2a012b9d4fd6aca
DA:137,0,5e262eb0ffa20a7fb066812d474c8192
DA:138,0,9c09742722579a5a693a41e91a3ca8b0
DA:139,0,68e4fcd72e87ba52e753d0af1b16fc7d
DA:141,0,c339140d2574db6e67ce3190f54a8367
DA:143,0,0167a765c11ab8729c95a77ce62a6367
DA:144,0,340c302a4e961fd3c2a012b9d4fd6aca
DA:145,0,5671d61693b8b085020a5a61c751371d
DA:146,0,cd89b4b7cd703e38155de5eeedf84ab2
DA:147,0,9c09742722579a5a693a41e91a3ca8b0
DA:148,0,68e4fcd72e87ba52e753d0af1b16fc7d
DA:150,0,09c299574059c408de5da6a6820a930e
DA:152,0,0167a765c11ab8729c95a77ce62a6367
DA:153,0,340c302a4e961fd3c2a012b9d4fd6aca
DA:154,0,26ada1fbe7b64a4793642685c7b38c5e
DA:155,0,67d41eb52b979c5a04bc0b1454311dfc
DA:156,0,7517208b36a29ae4a394fb2439465a50
DA:157,0,dbd10e8a6442bdc7130300862bf01ce0
DA:158,0,b16ad95baa11ac2d9f1e5aa070134bae
DA:159,0,06d6598d0d5ef93036a14baf152643c8
DA:160,0,f1bad985ad9e4f80051fcfddf1017986
DA:161,0,06092d2a7399c206130c0c5f00dcb4b3
DA:162,0,c25453bf93fd8a5add773e96f9fdce72
DA:163,0,f79cc9038f28caf937f04a691c621550
DA:164,0,9f0c2666dce37fa317e67bbd2bfadb75
DA:165,0,bdb7116d6c297700c43c5044d7cace34
DA:166,0,9c09742722579a5a693a41e91a3ca8b0
DA:167,0,68e4fcd72e87ba52e753d0af1b16fc7d
DA:169,0,d78b9667bbc3a55d604f60fa614fb48b
DA:171,0,8fad43465f5f34e92c677fa9b410583f
DA:172,0,186da469fe5a08a94ade326484464306
DA:173,0,579e7381a647a1f766d25fb13993d71b
DA:174,0,68e4fcd72e87ba52e753d0af1b16fc7d
LH:51
LF:107
end_of_record
